<?xml version="1.0" encoding="UTF-8"?>
<testsuite name="com.bank.account.service.OperationServiceIntegrationTest" time="0.006" tests="4" errors="4" skipped="0" failures="0">
  <properties>
    <property name="idea.version" value="2022.2.2"/>
    <property name="java.runtime.name" value="OpenJDK Runtime Environment"/>
    <property name="sun.boot.library.path" value="/Users/chengong/Library/Java/JavaVirtualMachines/corretto-1.8.0_362/Contents/Home/jre/lib"/>
    <property name="java.vm.version" value="25.362-b08"/>
    <property name="gopherProxySet" value="false"/>
    <property name="java.vm.vendor" value="Amazon.com Inc."/>
    <property name="maven.multiModuleProjectDirectory" value="/Users/chengong/IdeaProjects/untitled2"/>
    <property name="java.vendor.url" value="https://aws.amazon.com/corretto/"/>
    <property name="path.separator" value=":"/>
    <property name="guice.disable.misplaced.annotation.check" value="true"/>
    <property name="java.vm.name" value="OpenJDK 64-Bit Server VM"/>
    <property name="file.encoding.pkg" value="sun.io"/>
    <property name="user.country" value="CN"/>
    <property name="sun.java.launcher" value="SUN_STANDARD"/>
    <property name="sun.os.patch.level" value="unknown"/>
    <property name="java.vm.specification.name" value="Java Virtual Machine Specification"/>
    <property name="user.dir" value="/Users/chengong/IdeaProjects/untitled2"/>
    <property name="java.runtime.version" value="1.8.0_362-b08"/>
    <property name="java.awt.graphicsenv" value="sun.awt.CGraphicsEnvironment"/>
    <property name="java.endorsed.dirs" value="/Users/chengong/Library/Java/JavaVirtualMachines/corretto-1.8.0_362/Contents/Home/jre/lib/endorsed"/>
    <property name="os.arch" value="aarch64"/>
    <property name="java.io.tmpdir" value="/var/folders/xm/ps65dhqn7qb2l3cmz84y5bjw0000gn/T/"/>
    <property name="line.separator" value="&#10;"/>
    <property name="java.vm.specification.vendor" value="Oracle Corporation"/>
    <property name="os.name" value="Mac OS X"/>
    <property name="maven.ext.class.path" value="/Applications/IntelliJ IDEA Edu.app/Contents/plugins/maven/lib/maven-event-listener.jar"/>
    <property name="classworlds.conf" value="/Applications/IntelliJ IDEA Edu.app/Contents/plugins/maven/lib/maven3/bin/m2.conf"/>
    <property name="sun.jnu.encoding" value="UTF-8"/>
    <property name="java.library.path" value="/Users/chengong/Library/Java/Extensions:/Library/Java/Extensions:/Network/Library/Java/Extensions:/System/Library/Java/Extensions:/usr/lib/java:."/>
    <property name="maven.conf" value="/Applications/IntelliJ IDEA Edu.app/Contents/plugins/maven/lib/maven3/conf"/>
    <property name="java.specification.name" value="Java Platform API Specification"/>
    <property name="java.class.version" value="52.0"/>
    <property name="sun.management.compiler" value="HotSpot 64-Bit Tiered Compilers"/>
    <property name="os.version" value="13.2.1"/>
    <property name="http.nonProxyHosts" value="local|*.local|169.254/16|*.169.254/16"/>
    <property name="user.home" value="/Users/chengong"/>
    <property name="user.timezone" value="Europe/Paris"/>
    <property name="java.awt.printerjob" value="sun.lwawt.macosx.CPrinterJob"/>
    <property name="java.specification.version" value="1.8"/>
    <property name="file.encoding" value="UTF-8"/>
    <property name="user.name" value="chengong"/>
    <property name="java.class.path" value="/Applications/IntelliJ IDEA Edu.app/Contents/plugins/maven/lib/maven3/boot/plexus-classworlds.license:/Applications/IntelliJ IDEA Edu.app/Contents/plugins/maven/lib/maven3/boot/plexus-classworlds-2.6.0.jar:/Applications/IntelliJ IDEA Edu.app/Contents/lib/idea_rt.jar"/>
    <property name="java.vm.specification.version" value="1.8"/>
    <property name="sun.arch.data.model" value="64"/>
    <property name="java.home" value="/Users/chengong/Library/Java/JavaVirtualMachines/corretto-1.8.0_362/Contents/Home/jre"/>
    <property name="sun.java.command" value="org.codehaus.classworlds.Launcher -Didea.version=2022.2.2 install"/>
    <property name="java.specification.vendor" value="Oracle Corporation"/>
    <property name="user.language" value="zh"/>
    <property name="awt.toolkit" value="sun.lwawt.macosx.LWCToolkit"/>
    <property name="java.vm.info" value="mixed mode"/>
    <property name="java.version" value="1.8.0_362"/>
    <property name="java.ext.dirs" value="/Users/chengong/Library/Java/Extensions:/Users/chengong/Library/Java/JavaVirtualMachines/corretto-1.8.0_362/Contents/Home/jre/lib/ext:/Library/Java/Extensions:/Network/Library/Java/Extensions:/System/Library/Java/Extensions:/usr/lib/java"/>
    <property name="sun.boot.class.path" value="/Users/chengong/Library/Java/JavaVirtualMachines/corretto-1.8.0_362/Contents/Home/jre/lib/resources.jar:/Users/chengong/Library/Java/JavaVirtualMachines/corretto-1.8.0_362/Contents/Home/jre/lib/rt.jar:/Users/chengong/Library/Java/JavaVirtualMachines/corretto-1.8.0_362/Contents/Home/jre/lib/sunrsasign.jar:/Users/chengong/Library/Java/JavaVirtualMachines/corretto-1.8.0_362/Contents/Home/jre/lib/jsse.jar:/Users/chengong/Library/Java/JavaVirtualMachines/corretto-1.8.0_362/Contents/Home/jre/lib/jce.jar:/Users/chengong/Library/Java/JavaVirtualMachines/corretto-1.8.0_362/Contents/Home/jre/lib/charsets.jar:/Users/chengong/Library/Java/JavaVirtualMachines/corretto-1.8.0_362/Contents/Home/jre/lib/jfr.jar:/Users/chengong/Library/Java/JavaVirtualMachines/corretto-1.8.0_362/Contents/Home/jre/classes"/>
    <property name="java.vendor" value="Amazon.com Inc."/>
    <property name="java.specification.maintenance.version" value="4"/>
    <property name="maven.home" value="/Applications/IntelliJ IDEA Edu.app/Contents/plugins/maven/lib/maven3"/>
    <property name="file.separator" value="/"/>
    <property name="java.vendor.url.bug" value="https://github.com/corretto/corretto-8/issues/"/>
    <property name="sun.cpu.endian" value="little"/>
    <property name="sun.io.unicode.encoding" value="UnicodeBig"/>
    <property name="socksNonProxyHosts" value="local|*.local|169.254/16|*.169.254/16"/>
    <property name="ftp.nonProxyHosts" value="local|*.local|169.254/16|*.169.254/16"/>
    <property name="sun.cpu.isalist" value=""/>
  </properties>
  <testcase name="testDepositOperation" classname="com.bank.account.service.OperationServiceIntegrationTest" time="0.004">
    <error message="Failed to load ApplicationContext" type="java.lang.IllegalStateException"><![CDATA[java.lang.IllegalStateException: Failed to load ApplicationContext
	at org.springframework.test.context.cache.DefaultCacheAwareContextLoaderDelegate.loadContext(DefaultCacheAwareContextLoaderDelegate.java:124)
	at org.springframework.test.context.support.DefaultTestContext.getApplicationContext(DefaultTestContext.java:83)
	at org.springframework.test.context.support.DependencyInjectionTestExecutionListener.injectDependencies(DependencyInjectionTestExecutionListener.java:117)
	at org.springframework.test.context.support.DependencyInjectionTestExecutionListener.prepareTestInstance(DependencyInjectionTestExecutionListener.java:83)
	at org.springframework.boot.test.autoconfigure.SpringBootDependencyInjectionTestExecutionListener.prepareTestInstance(SpringBootDependencyInjectionTestExecutionListener.java:44)
	at org.springframework.test.context.TestContextManager.prepareTestInstance(TestContextManager.java:230)
	at org.springframework.test.context.junit4.SpringJUnit4ClassRunner.createTest(SpringJUnit4ClassRunner.java:228)
	at org.springframework.test.context.junit4.SpringJUnit4ClassRunner$1.runReflectiveCall(SpringJUnit4ClassRunner.java:287)
	at org.junit.internal.runners.model.ReflectiveCallable.run(ReflectiveCallable.java:12)
	at org.springframework.test.context.junit4.SpringJUnit4ClassRunner.methodBlock(SpringJUnit4ClassRunner.java:289)
	at org.springframework.test.context.junit4.SpringJUnit4ClassRunner.runChild(SpringJUnit4ClassRunner.java:247)
	at org.springframework.test.context.junit4.SpringJUnit4ClassRunner.runChild(SpringJUnit4ClassRunner.java:94)
	at org.junit.runners.ParentRunner$3.run(ParentRunner.java:290)
	at org.junit.runners.ParentRunner$1.schedule(ParentRunner.java:71)
	at org.junit.runners.ParentRunner.runChildren(ParentRunner.java:288)
	at org.junit.runners.ParentRunner.access$000(ParentRunner.java:58)
	at org.junit.runners.ParentRunner$2.evaluate(ParentRunner.java:268)
	at org.springframework.test.context.junit4.statements.RunBeforeTestClassCallbacks.evaluate(RunBeforeTestClassCallbacks.java:61)
	at org.springframework.test.context.junit4.statements.RunAfterTestClassCallbacks.evaluate(RunAfterTestClassCallbacks.java:70)
	at org.junit.runners.ParentRunner.run(ParentRunner.java:363)
	at org.springframework.test.context.junit4.SpringJUnit4ClassRunner.run(SpringJUnit4ClassRunner.java:191)
	at org.apache.maven.surefire.junit4.JUnit4Provider.execute(JUnit4Provider.java:283)
	at org.apache.maven.surefire.junit4.JUnit4Provider.executeWithRerun(JUnit4Provider.java:173)
	at org.apache.maven.surefire.junit4.JUnit4Provider.executeTestSet(JUnit4Provider.java:153)
	at org.apache.maven.surefire.junit4.JUnit4Provider.invoke(JUnit4Provider.java:128)
	at org.apache.maven.surefire.booter.ForkedBooter.invokeProviderInSameClassLoader(ForkedBooter.java:203)
	at org.apache.maven.surefire.booter.ForkedBooter.runSuitesInProcess(ForkedBooter.java:155)
	at org.apache.maven.surefire.booter.ForkedBooter.main(ForkedBooter.java:103)
Caused by: java.lang.IllegalStateException: Failed to add PropertySource to Environment
	at org.springframework.test.context.support.TestPropertySourceUtils.addPropertiesFilesToEnvironment(TestPropertySourceUtils.java:198)
	at org.springframework.boot.test.context.SpringBootContextLoader.loadContext(SpringBootContextLoader.java:100)
	at org.springframework.test.context.cache.DefaultCacheAwareContextLoaderDelegate.loadContextInternal(DefaultCacheAwareContextLoaderDelegate.java:98)
	at org.springframework.test.context.cache.DefaultCacheAwareContextLoaderDelegate.loadContext(DefaultCacheAwareContextLoaderDelegate.java:116)
	at org.springframework.test.context.support.DefaultTestContext.getApplicationContext(DefaultTestContext.java:83)
	at org.springframework.test.context.support.DependencyInjectionTestExecutionListener.injectDependencies(DependencyInjectionTestExecutionListener.java:117)
	at org.springframework.test.context.support.DependencyInjectionTestExecutionListener.prepareTestInstance(DependencyInjectionTestExecutionListener.java:83)
	at org.springframework.boot.test.autoconfigure.SpringBootDependencyInjectionTestExecutionListener.prepareTestInstance(SpringBootDependencyInjectionTestExecutionListener.java:44)
	at org.springframework.test.context.TestContextManager.prepareTestInstance(TestContextManager.java:230)
	at org.springframework.test.context.junit4.SpringJUnit4ClassRunner.createTest(SpringJUnit4ClassRunner.java:228)
	at org.springframework.test.context.junit4.SpringJUnit4ClassRunner$1.runReflectiveCall(SpringJUnit4ClassRunner.java:287)
	at org.junit.internal.runners.model.ReflectiveCallable.run(ReflectiveCallable.java:12)
	at org.springframework.test.context.junit4.SpringJUnit4ClassRunner.methodBlock(SpringJUnit4ClassRunner.java:289)
	at org.springframework.test.context.junit4.SpringJUnit4ClassRunner.runChild(SpringJUnit4ClassRunner.java:247)
	at org.springframework.test.context.junit4.SpringJUnit4ClassRunner.runChild(SpringJUnit4ClassRunner.java:94)
	at org.junit.runners.ParentRunner$3.run(ParentRunner.java:290)
	at org.junit.runners.ParentRunner$1.schedule(ParentRunner.java:71)
	at org.junit.runners.ParentRunner.runChildren(ParentRunner.java:288)
	at org.junit.runners.ParentRunner.access$000(ParentRunner.java:58)
	at org.junit.runners.ParentRunner$2.evaluate(ParentRunner.java:268)
	at org.springframework.test.context.junit4.statements.RunBeforeTestClassCallbacks.evaluate(RunBeforeTestClassCallbacks.java:61)
	at org.springframework.test.context.junit4.statements.RunAfterTestClassCallbacks.evaluate(RunAfterTestClassCallbacks.java:70)
	at org.junit.runners.ParentRunner.run(ParentRunner.java:363)
	at org.springframework.test.context.junit4.SpringJUnit4ClassRunner.run(SpringJUnit4ClassRunner.java:191)
	at org.apache.maven.surefire.junit4.JUnit4Provider.execute(JUnit4Provider.java:283)
	at org.apache.maven.surefire.junit4.JUnit4Provider.executeWithRerun(JUnit4Provider.java:173)
	at org.apache.maven.surefire.junit4.JUnit4Provider.executeTestSet(JUnit4Provider.java:153)
	at org.apache.maven.surefire.junit4.JUnit4Provider.invoke(JUnit4Provider.java:128)
	at org.apache.maven.surefire.booter.ForkedBooter.invokeProviderInSameClassLoader(ForkedBooter.java:203)
	at org.apache.maven.surefire.booter.ForkedBooter.runSuitesInProcess(ForkedBooter.java:155)
	at org.apache.maven.surefire.booter.ForkedBooter.main(ForkedBooter.java:103)
Caused by: java.io.FileNotFoundException: class path resource [application.properties] cannot be opened because it does not exist
	at org.springframework.core.io.ClassPathResource.getInputStream(ClassPathResource.java:172)
	at org.springframework.core.io.support.EncodedResource.getInputStream(EncodedResource.java:154)
	at org.springframework.core.io.support.PropertiesLoaderUtils.fillProperties(PropertiesLoaderUtils.java:98)
	at org.springframework.core.io.support.PropertiesLoaderUtils.fillProperties(PropertiesLoaderUtils.java:72)
	at org.springframework.core.io.support.PropertiesLoaderUtils.loadProperties(PropertiesLoaderUtils.java:58)
	at org.springframework.core.io.support.ResourcePropertySource.<init>(ResourcePropertySource.java:84)
	at org.springframework.test.context.support.TestPropertySourceUtils.addPropertiesFilesToEnvironment(TestPropertySourceUtils.java:194)
	at org.springframework.boot.test.context.SpringBootContextLoader.loadContext(SpringBootContextLoader.java:100)
	at org.springframework.test.context.cache.DefaultCacheAwareContextLoaderDelegate.loadContextInternal(DefaultCacheAwareContextLoaderDelegate.java:98)
	at org.springframework.test.context.cache.DefaultCacheAwareContextLoaderDelegate.loadContext(DefaultCacheAwareContextLoaderDelegate.java:116)
	at org.springframework.test.context.support.DefaultTestContext.getApplicationContext(DefaultTestContext.java:83)
	at org.springframework.test.context.support.DependencyInjectionTestExecutionListener.injectDependencies(DependencyInjectionTestExecutionListener.java:117)
	at org.springframework.test.context.support.DependencyInjectionTestExecutionListener.prepareTestInstance(DependencyInjectionTestExecutionListener.java:83)
	at org.springframework.boot.test.autoconfigure.SpringBootDependencyInjectionTestExecutionListener.prepareTestInstance(SpringBootDependencyInjectionTestExecutionListener.java:44)
	at org.springframework.test.context.TestContextManager.prepareTestInstance(TestContextManager.java:230)
	at org.springframework.test.context.junit4.SpringJUnit4ClassRunner.createTest(SpringJUnit4ClassRunner.java:228)
	at org.springframework.test.context.junit4.SpringJUnit4ClassRunner$1.runReflectiveCall(SpringJUnit4ClassRunner.java:287)
	at org.junit.internal.runners.model.ReflectiveCallable.run(ReflectiveCallable.java:12)
	at org.springframework.test.context.junit4.SpringJUnit4ClassRunner.methodBlock(SpringJUnit4ClassRunner.java:289)
	at org.springframework.test.context.junit4.SpringJUnit4ClassRunner.runChild(SpringJUnit4ClassRunner.java:247)
	at org.springframework.test.context.junit4.SpringJUnit4ClassRunner.runChild(SpringJUnit4ClassRunner.java:94)
	at org.junit.runners.ParentRunner$3.run(ParentRunner.java:290)
	at org.junit.runners.ParentRunner$1.schedule(ParentRunner.java:71)
	at org.junit.runners.ParentRunner.runChildren(ParentRunner.java:288)
	at org.junit.runners.ParentRunner.access$000(ParentRunner.java:58)
	at org.junit.runners.ParentRunner$2.evaluate(ParentRunner.java:268)
	at org.springframework.test.context.junit4.statements.RunBeforeTestClassCallbacks.evaluate(RunBeforeTestClassCallbacks.java:61)
	at org.springframework.test.context.junit4.statements.RunAfterTestClassCallbacks.evaluate(RunAfterTestClassCallbacks.java:70)
	at org.junit.runners.ParentRunner.run(ParentRunner.java:363)
	at org.springframework.test.context.junit4.SpringJUnit4ClassRunner.run(SpringJUnit4ClassRunner.java:191)
	at org.apache.maven.surefire.junit4.JUnit4Provider.execute(JUnit4Provider.java:283)
	at org.apache.maven.surefire.junit4.JUnit4Provider.executeWithRerun(JUnit4Provider.java:173)
	at org.apache.maven.surefire.junit4.JUnit4Provider.executeTestSet(JUnit4Provider.java:153)
	at org.apache.maven.surefire.junit4.JUnit4Provider.invoke(JUnit4Provider.java:128)
	at org.apache.maven.surefire.booter.ForkedBooter.invokeProviderInSameClassLoader(ForkedBooter.java:203)
	at org.apache.maven.surefire.booter.ForkedBooter.runSuitesInProcess(ForkedBooter.java:155)
	at org.apache.maven.surefire.booter.ForkedBooter.main(ForkedBooter.java:103)
]]></error>
    <system-out><![CDATA[23:51:20.800 [main] DEBUG org.springframework.test.context.junit4.SpringJUnit4ClassRunner - SpringJUnit4ClassRunner constructor called with [class com.bank.account.service.OperationServiceIntegrationTest]
23:51:20.800 [main] DEBUG org.springframework.test.context.BootstrapUtils - Instantiating CacheAwareContextLoaderDelegate from class [org.springframework.test.context.cache.DefaultCacheAwareContextLoaderDelegate]
23:51:20.800 [main] DEBUG org.springframework.test.context.BootstrapUtils - Instantiating BootstrapContext using constructor [public org.springframework.test.context.support.DefaultBootstrapContext(java.lang.Class,org.springframework.test.context.CacheAwareContextLoaderDelegate)]
23:51:20.801 [main] DEBUG org.springframework.test.context.BootstrapUtils - Instantiating TestContextBootstrapper for test class [com.bank.account.service.OperationServiceIntegrationTest] from class [org.springframework.boot.test.context.SpringBootTestContextBootstrapper]
23:51:20.801 [main] INFO org.springframework.boot.test.context.SpringBootTestContextBootstrapper - Neither @ContextConfiguration nor @ContextHierarchy found for test class [com.bank.account.service.OperationServiceIntegrationTest], using SpringBootContextLoader
23:51:20.801 [main] DEBUG org.springframework.test.context.support.AbstractContextLoader - Did not detect default resource location for test class [com.bank.account.service.OperationServiceIntegrationTest]: class path resource [com/bank/account/service/OperationServiceIntegrationTest-context.xml] does not exist
23:51:20.801 [main] DEBUG org.springframework.test.context.support.AbstractContextLoader - Did not detect default resource location for test class [com.bank.account.service.OperationServiceIntegrationTest]: class path resource [com/bank/account/service/OperationServiceIntegrationTestContext.groovy] does not exist
23:51:20.801 [main] INFO org.springframework.test.context.support.AbstractContextLoader - Could not detect default resource locations for test class [com.bank.account.service.OperationServiceIntegrationTest]: no resource found for suffixes {-context.xml, Context.groovy}.
23:51:20.801 [main] INFO org.springframework.test.context.support.AnnotationConfigContextLoaderUtils - Could not detect default configuration classes for test class [com.bank.account.service.OperationServiceIntegrationTest]: OperationServiceIntegrationTest does not declare any static, non-private, non-final, nested classes annotated with @Configuration.
23:51:20.804 [main] DEBUG org.springframework.test.context.support.ActiveProfilesUtils - Could not find an 'annotation declaring class' for annotation type [org.springframework.test.context.ActiveProfiles] and class [com.bank.account.service.OperationServiceIntegrationTest]
23:51:20.804 [main] DEBUG org.springframework.core.env.StandardEnvironment - Adding PropertySource 'systemProperties' with lowest search precedence
23:51:20.805 [main] DEBUG org.springframework.core.env.StandardEnvironment - Adding PropertySource 'systemEnvironment' with lowest search precedence
23:51:20.805 [main] DEBUG org.springframework.core.env.StandardEnvironment - Initialized StandardEnvironment with PropertySources [MapPropertySource@771775563 {name='systemProperties', properties={idea.version=2022.2.2, java.runtime.name=OpenJDK Runtime Environment, sun.boot.library.path=/Users/chengong/Library/Java/JavaVirtualMachines/corretto-1.8.0_362/Contents/Home/jre/lib, java.vm.version=25.362-b08, gopherProxySet=false, java.vm.vendor=Amazon.com Inc., java.vendor.url=https://aws.amazon.com/corretto/, path.separator=:, java.vm.name=OpenJDK 64-Bit Server VM, file.encoding.pkg=sun.io, user.country=CN, sun.java.launcher=SUN_STANDARD, sun.os.patch.level=unknown, java.vm.specification.name=Java Virtual Machine Specification, user.dir=/Users/chengong/IdeaProjects/untitled2, java.runtime.version=1.8.0_362-b08, basedir=/Users/chengong/IdeaProjects/untitled2, java.awt.graphicsenv=sun.awt.CGraphicsEnvironment, java.endorsed.dirs=/Users/chengong/Library/Java/JavaVirtualMachines/corretto-1.8.0_362/Contents/Home/jre/lib/endorsed, os.arch=aarch64, surefire.real.class.path=/Users/chengong/IdeaProjects/untitled2/target/surefire/surefirebooter2002625863625031665.jar, java.io.tmpdir=/var/folders/xm/ps65dhqn7qb2l3cmz84y5bjw0000gn/T/, line.separator=
, java.vm.specification.vendor=Oracle Corporation, os.name=Mac OS X, sun.jnu.encoding=UTF-8, java.library.path=/Users/chengong/Library/Java/Extensions:/Library/Java/Extensions:/Network/Library/Java/Extensions:/System/Library/Java/Extensions:/usr/lib/java:., surefire.test.class.path=/Users/chengong/IdeaProjects/untitled2/target/test-classes:/Users/chengong/IdeaProjects/untitled2/target/classes:/Users/chengong/.m2/repository/org/springframework/boot/spring-boot-starter/1.5.7.RELEASE/spring-boot-starter-1.5.7.RELEASE.jar:/Users/chengong/.m2/repository/org/springframework/boot/spring-boot/1.5.7.RELEASE/spring-boot-1.5.7.RELEASE.jar:/Users/chengong/.m2/repository/org/springframework/spring-context/4.3.11.RELEASE/spring-context-4.3.11.RELEASE.jar:/Users/chengong/.m2/repository/org/springframework/spring-aop/4.3.11.RELEASE/spring-aop-4.3.11.RELEASE.jar:/Users/chengong/.m2/repository/org/springframework/boot/spring-boot-autoconfigure/1.5.7.RELEASE/spring-boot-autoconfigure-1.5.7.RELEASE.jar:/Users/chengong/.m2/repository/org/springframework/boot/spring-boot-starter-logging/1.5.7.RELEASE/spring-boot-starter-logging-1.5.7.RELEASE.jar:/Users/chengong/.m2/repository/ch/qos/logback/logback-classic/1.1.11/logback-classic-1.1.11.jar:/Users/chengong/.m2/repository/ch/qos/logback/logback-core/1.1.11/logback-core-1.1.11.jar:/Users/chengong/.m2/repository/org/slf4j/jcl-over-slf4j/1.7.25/jcl-over-slf4j-1.7.25.jar:/Users/chengong/.m2/repository/org/slf4j/jul-to-slf4j/1.7.25/jul-to-slf4j-1.7.25.jar:/Users/chengong/.m2/repository/org/slf4j/log4j-over-slf4j/1.7.25/log4j-over-slf4j-1.7.25.jar:/Users/chengong/.m2/repository/org/springframework/spring-core/4.3.11.RELEASE/spring-core-4.3.11.RELEASE.jar:/Users/chengong/.m2/repository/org/yaml/snakeyaml/1.17/snakeyaml-1.17.jar:/Users/chengong/.m2/repository/org/springframework/boot/spring-boot-starter-data-mongodb/1.5.7.RELEASE/spring-boot-starter-data-mongodb-1.5.7.RELEASE.jar:/Users/chengong/.m2/repository/org/mongodb/mongodb-driver/3.4.3/mongodb-driver-3.4.3.jar:/Users/chengong/.m2/repository/org/mongodb/mongodb-driver-core/3.4.3/mongodb-driver-core-3.4.3.jar:/Users/chengong/.m2/repository/org/mongodb/bson/3.4.3/bson-3.4.3.jar:/Users/chengong/.m2/repository/org/springframework/data/spring-data-mongodb/1.10.7.RELEASE/spring-data-mongodb-1.10.7.RELEASE.jar:/Users/chengong/.m2/repository/org/springframework/spring-tx/4.3.11.RELEASE/spring-tx-4.3.11.RELEASE.jar:/Users/chengong/.m2/repository/org/springframework/spring-beans/4.3.11.RELEASE/spring-beans-4.3.11.RELEASE.jar:/Users/chengong/.m2/repository/org/springframework/spring-expression/4.3.11.RELEASE/spring-expression-4.3.11.RELEASE.jar:/Users/chengong/.m2/repository/org/springframework/data/spring-data-commons/1.13.7.RELEASE/spring-data-commons-1.13.7.RELEASE.jar:/Users/chengong/.m2/repository/org/slf4j/slf4j-api/1.7.25/slf4j-api-1.7.25.jar:/Users/chengong/.m2/repository/javax/inject/javax.inject/1/javax.inject-1.jar:/Users/chengong/.m2/repository/javax/validation/validation-api/2.0.0.Final/validation-api-2.0.0.Final.jar:/Users/chengong/.m2/repository/javax/persistence/persistence-api/1.0.2/persistence-api-1.0.2.jar:/Users/chengong/.m2/repository/org/apache/commons/commons-lang3/3.6/commons-lang3-3.6.jar:/Users/chengong/.m2/repository/commons-collections/commons-collections/3.2.2/commons-collections-3.2.2.jar:/Users/chengong/.m2/repository/org/hibernate/validator/hibernate-validator/6.0.2.Final/hibernate-validator-6.0.2.Final.jar:/Users/chengong/.m2/repository/org/jboss/logging/jboss-logging/3.3.1.Final/jboss-logging-3.3.1.Final.jar:/Users/chengong/.m2/repository/com/fasterxml/classmate/1.3.4/classmate-1.3.4.jar:/Users/chengong/.m2/repository/org/projectlombok/lombok/1.16.16/lombok-1.16.16.jar:/Users/chengong/.m2/repository/org/glassfish/javax.el/3.0.0/javax.el-3.0.0.jar:/Users/chengong/.m2/repository/org/springframework/boot/spring-boot-starter-test/1.5.7.RELEASE/spring-boot-starter-test-1.5.7.RELEASE.jar:/Users/chengong/.m2/repository/org/springframework/boot/spring-boot-test/1.5.7.RELEASE/spring-boot-test-1.5.7.RELEASE.jar:/Users/chengong/.m2/repository/org/springframework/boot/spring-boot-test-autoconfigure/1.5.7.RELEASE/spring-boot-test-autoconfigure-1.5.7.RELEASE.jar:/Users/chengong/.m2/repository/com/jayway/jsonpath/json-path/2.2.0/json-path-2.2.0.jar:/Users/chengong/.m2/repository/net/minidev/json-smart/2.2.1/json-smart-2.2.1.jar:/Users/chengong/.m2/repository/net/minidev/accessors-smart/1.1/accessors-smart-1.1.jar:/Users/chengong/.m2/repository/org/ow2/asm/asm/5.0.3/asm-5.0.3.jar:/Users/chengong/.m2/repository/junit/junit/4.12/junit-4.12.jar:/Users/chengong/.m2/repository/org/hamcrest/hamcrest-core/1.3/hamcrest-core-1.3.jar:/Users/chengong/.m2/repository/org/hamcrest/hamcrest-library/1.3/hamcrest-library-1.3.jar:/Users/chengong/.m2/repository/org/skyscreamer/jsonassert/1.4.0/jsonassert-1.4.0.jar:/Users/chengong/.m2/repository/com/vaadin/external/google/android-json/0.0.20131108.vaadin1/android-json-0.0.20131108.vaadin1.jar:/Users/chengong/.m2/repository/org/springframework/spring-test/4.3.11.RELEASE/spring-test-4.3.11.RELEASE.jar:/Users/chengong/.m2/repository/org/assertj/assertj-core/3.8.0/assertj-core-3.8.0.jar:/Users/chengong/.m2/repository/org/mockito/mockito-core/2.10.0/mockito-core-2.10.0.jar:/Users/chengong/.m2/repository/net/bytebuddy/byte-buddy/1.7.4/byte-buddy-1.7.4.jar:/Users/chengong/.m2/repository/net/bytebuddy/byte-buddy-agent/1.7.4/byte-buddy-agent-1.7.4.jar:/Users/chengong/.m2/repository/org/objenesis/objenesis/2.6/objenesis-2.6.jar:, java.specification.name=Java Platform API Specification, java.class.version=52.0, sun.management.compiler=HotSpot 64-Bit Tiered Compilers, os.version=13.2.1, http.nonProxyHosts=local|*.local|169.254/16|*.169.254/16, user.home=/Users/chengong, user.timezone=Europe/Paris, java.awt.printerjob=sun.lwawt.macosx.CPrinterJob, file.encoding=UTF-8, java.specification.version=1.8, java.class.path=/Users/chengong/IdeaProjects/untitled2/target/test-classes:/Users/chengong/IdeaProjects/untitled2/target/classes:/Users/chengong/.m2/repository/org/springframework/boot/spring-boot-starter/1.5.7.RELEASE/spring-boot-starter-1.5.7.RELEASE.jar:/Users/chengong/.m2/repository/org/springframework/boot/spring-boot/1.5.7.RELEASE/spring-boot-1.5.7.RELEASE.jar:/Users/chengong/.m2/repository/org/springframework/spring-context/4.3.11.RELEASE/spring-context-4.3.11.RELEASE.jar:/Users/chengong/.m2/repository/org/springframework/spring-aop/4.3.11.RELEASE/spring-aop-4.3.11.RELEASE.jar:/Users/chengong/.m2/repository/org/springframework/boot/spring-boot-autoconfigure/1.5.7.RELEASE/spring-boot-autoconfigure-1.5.7.RELEASE.jar:/Users/chengong/.m2/repository/org/springframework/boot/spring-boot-starter-logging/1.5.7.RELEASE/spring-boot-starter-logging-1.5.7.RELEASE.jar:/Users/chengong/.m2/repository/ch/qos/logback/logback-classic/1.1.11/logback-classic-1.1.11.jar:/Users/chengong/.m2/repository/ch/qos/logback/logback-core/1.1.11/logback-core-1.1.11.jar:/Users/chengong/.m2/repository/org/slf4j/jcl-over-slf4j/1.7.25/jcl-over-slf4j-1.7.25.jar:/Users/chengong/.m2/repository/org/slf4j/jul-to-slf4j/1.7.25/jul-to-slf4j-1.7.25.jar:/Users/chengong/.m2/repository/org/slf4j/log4j-over-slf4j/1.7.25/log4j-over-slf4j-1.7.25.jar:/Users/chengong/.m2/repository/org/springframework/spring-core/4.3.11.RELEASE/spring-core-4.3.11.RELEASE.jar:/Users/chengong/.m2/repository/org/yaml/snakeyaml/1.17/snakeyaml-1.17.jar:/Users/chengong/.m2/repository/org/springframework/boot/spring-boot-starter-data-mongodb/1.5.7.RELEASE/spring-boot-starter-data-mongodb-1.5.7.RELEASE.jar:/Users/chengong/.m2/repository/org/mongodb/mongodb-driver/3.4.3/mongodb-driver-3.4.3.jar:/Users/chengong/.m2/repository/org/mongodb/mongodb-driver-core/3.4.3/mongodb-driver-core-3.4.3.jar:/Users/chengong/.m2/repository/org/mongodb/bson/3.4.3/bson-3.4.3.jar:/Users/chengong/.m2/repository/org/springframework/data/spring-data-mongodb/1.10.7.RELEASE/spring-data-mongodb-1.10.7.RELEASE.jar:/Users/chengong/.m2/repository/org/springframework/spring-tx/4.3.11.RELEASE/spring-tx-4.3.11.RELEASE.jar:/Users/chengong/.m2/repository/org/springframework/spring-beans/4.3.11.RELEASE/spring-beans-4.3.11.RELEASE.jar:/Users/chengong/.m2/repository/org/springframework/spring-expression/4.3.11.RELEASE/spring-expression-4.3.11.RELEASE.jar:/Users/chengong/.m2/repository/org/springframework/data/spring-data-commons/1.13.7.RELEASE/spring-data-commons-1.13.7.RELEASE.jar:/Users/chengong/.m2/repository/org/slf4j/slf4j-api/1.7.25/slf4j-api-1.7.25.jar:/Users/chengong/.m2/repository/javax/inject/javax.inject/1/javax.inject-1.jar:/Users/chengong/.m2/repository/javax/validation/validation-api/2.0.0.Final/validation-api-2.0.0.Final.jar:/Users/chengong/.m2/repository/javax/persistence/persistence-api/1.0.2/persistence-api-1.0.2.jar:/Users/chengong/.m2/repository/org/apache/commons/commons-lang3/3.6/commons-lang3-3.6.jar:/Users/chengong/.m2/repository/commons-collections/commons-collections/3.2.2/commons-collections-3.2.2.jar:/Users/chengong/.m2/repository/org/hibernate/validator/hibernate-validator/6.0.2.Final/hibernate-validator-6.0.2.Final.jar:/Users/chengong/.m2/repository/org/jboss/logging/jboss-logging/3.3.1.Final/jboss-logging-3.3.1.Final.jar:/Users/chengong/.m2/repository/com/fasterxml/classmate/1.3.4/classmate-1.3.4.jar:/Users/chengong/.m2/repository/org/projectlombok/lombok/1.16.16/lombok-1.16.16.jar:/Users/chengong/.m2/repository/org/glassfish/javax.el/3.0.0/javax.el-3.0.0.jar:/Users/chengong/.m2/repository/org/springframework/boot/spring-boot-starter-test/1.5.7.RELEASE/spring-boot-starter-test-1.5.7.RELEASE.jar:/Users/chengong/.m2/repository/org/springframework/boot/spring-boot-test/1.5.7.RELEASE/spring-boot-test-1.5.7.RELEASE.jar:/Users/chengong/.m2/repository/org/springframework/boot/spring-boot-test-autoconfigure/1.5.7.RELEASE/spring-boot-test-autoconfigure-1.5.7.RELEASE.jar:/Users/chengong/.m2/repository/com/jayway/jsonpath/json-path/2.2.0/json-path-2.2.0.jar:/Users/chengong/.m2/repository/net/minidev/json-smart/2.2.1/json-smart-2.2.1.jar:/Users/chengong/.m2/repository/net/minidev/accessors-smart/1.1/accessors-smart-1.1.jar:/Users/chengong/.m2/repository/org/ow2/asm/asm/5.0.3/asm-5.0.3.jar:/Users/chengong/.m2/repository/junit/junit/4.12/junit-4.12.jar:/Users/chengong/.m2/repository/org/hamcrest/hamcrest-core/1.3/hamcrest-core-1.3.jar:/Users/chengong/.m2/repository/org/hamcrest/hamcrest-library/1.3/hamcrest-library-1.3.jar:/Users/chengong/.m2/repository/org/skyscreamer/jsonassert/1.4.0/jsonassert-1.4.0.jar:/Users/chengong/.m2/repository/com/vaadin/external/google/android-json/0.0.20131108.vaadin1/android-json-0.0.20131108.vaadin1.jar:/Users/chengong/.m2/repository/org/springframework/spring-test/4.3.11.RELEASE/spring-test-4.3.11.RELEASE.jar:/Users/chengong/.m2/repository/org/assertj/assertj-core/3.8.0/assertj-core-3.8.0.jar:/Users/chengong/.m2/repository/org/mockito/mockito-core/2.10.0/mockito-core-2.10.0.jar:/Users/chengong/.m2/repository/net/bytebuddy/byte-buddy/1.7.4/byte-buddy-1.7.4.jar:/Users/chengong/.m2/repository/net/bytebuddy/byte-buddy-agent/1.7.4/byte-buddy-agent-1.7.4.jar:/Users/chengong/.m2/repository/org/objenesis/objenesis/2.6/objenesis-2.6.jar:, user.name=chengong, java.vm.specification.version=1.8, sun.java.command=/Users/chengong/IdeaProjects/untitled2/target/surefire/surefirebooter2002625863625031665.jar /Users/chengong/IdeaProjects/untitled2/target/surefire/surefire1676131753318224588tmp /Users/chengong/IdeaProjects/untitled2/target/surefire/surefire_06523962741063772783tmp, java.home=/Users/chengong/Library/Java/JavaVirtualMachines/corretto-1.8.0_362/Contents/Home/jre, sun.arch.data.model=64, user.language=zh, java.specification.vendor=Oracle Corporation, awt.toolkit=sun.lwawt.macosx.LWCToolkit, java.vm.info=mixed mode, java.version=1.8.0_362, java.ext.dirs=/Users/chengong/Library/Java/Extensions:/Users/chengong/Library/Java/JavaVirtualMachines/corretto-1.8.0_362/Contents/Home/jre/lib/ext:/Library/Java/Extensions:/Network/Library/Java/Extensions:/System/Library/Java/Extensions:/usr/lib/java, sun.boot.class.path=/Users/chengong/Library/Java/JavaVirtualMachines/corretto-1.8.0_362/Contents/Home/jre/lib/resources.jar:/Users/chengong/Library/Java/JavaVirtualMachines/corretto-1.8.0_362/Contents/Home/jre/lib/rt.jar:/Users/chengong/Library/Java/JavaVirtualMachines/corretto-1.8.0_362/Contents/Home/jre/lib/sunrsasign.jar:/Users/chengong/Library/Java/JavaVirtualMachines/corretto-1.8.0_362/Contents/Home/jre/lib/jsse.jar:/Users/chengong/Library/Java/JavaVirtualMachines/corretto-1.8.0_362/Contents/Home/jre/lib/jce.jar:/Users/chengong/Library/Java/JavaVirtualMachines/corretto-1.8.0_362/Contents/Home/jre/lib/charsets.jar:/Users/chengong/Library/Java/JavaVirtualMachines/corretto-1.8.0_362/Contents/Home/jre/lib/jfr.jar:/Users/chengong/Library/Java/JavaVirtualMachines/corretto-1.8.0_362/Contents/Home/jre/classes, java.vendor=Amazon.com Inc., java.specification.maintenance.version=4, localRepository=/Users/chengong/.m2/repository, file.separator=/, java.vendor.url.bug=https://github.com/corretto/corretto-8/issues/, sun.io.unicode.encoding=UnicodeBig, sun.cpu.endian=little, socksNonProxyHosts=local|*.local|169.254/16|*.169.254/16, ftp.nonProxyHosts=local|*.local|169.254/16|*.169.254/16, sun.cpu.isalist=}}, SystemEnvironmentPropertySource@1164440413 {name='systemEnvironment', properties={__CFBundleIdentifier=com.jetbrains.intellij.ie, PATH=/usr/local/bin:/System/Cryptexes/App/usr/bin:/usr/bin:/bin:/usr/sbin:/sbin:/Library/Apple/usr/bin, SHELL=/bin/zsh, JAVA_HOME=/Library/Java/JavaVirtualMachines/jdk-19.jdk/Contents/Home, OLDPWD=/Users/chengong/IdeaProjects/untitled2, USER=chengong, COMMAND_MODE=unix2003, TMPDIR=/var/folders/xm/ps65dhqn7qb2l3cmz84y5bjw0000gn/T/, JAVA_MAIN_CLASS_1735=org.apache.maven.surefire.booter.ForkedBooter, SSH_AUTH_SOCK=/private/tmp/com.apple.launchd.nwnfRSPvas/Listeners, XPC_FLAGS=0x0, __CF_USER_TEXT_ENCODING=0x1F5:0x19:0x34, LOGNAME=chengong, LC_CTYPE=en_US.UTF-8, XPC_SERVICE_NAME=0, PWD=/Users/chengong/IdeaProjects/untitled2, HOME=/Users/chengong, SHLVL=1, _=/Users/chengong/Library/Java/JavaVirtualMachines/corretto-1.8.0_362/Contents/Home/jre/bin/java, JAVA_MAIN_CLASS_1733=org.codehaus.classworlds.Launcher}}]
23:51:20.805 [main] INFO org.springframework.boot.test.context.SpringBootTestContextBootstrapper - Found @SpringBootConfiguration com.bank.account.Application for test class com.bank.account.service.OperationServiceIntegrationTest
23:51:20.806 [main] DEBUG org.springframework.boot.test.context.SpringBootTestContextBootstrapper - @TestExecutionListeners is not present for class [com.bank.account.service.OperationServiceIntegrationTest]: using defaults.
23:51:20.807 [main] INFO org.springframework.boot.test.context.SpringBootTestContextBootstrapper - Loaded default TestExecutionListener class names from location [META-INF/spring.factories]: [org.springframework.boot.test.mock.mockito.MockitoTestExecutionListener, org.springframework.boot.test.mock.mockito.ResetMocksTestExecutionListener, org.springframework.boot.test.autoconfigure.restdocs.RestDocsTestExecutionListener, org.springframework.boot.test.autoconfigure.web.client.MockRestServiceServerResetTestExecutionListener, org.springframework.boot.test.autoconfigure.web.servlet.MockMvcPrintOnlyOnFailureTestExecutionListener, org.springframework.boot.test.autoconfigure.web.servlet.WebDriverTestExecutionListener, org.springframework.test.context.web.ServletTestExecutionListener, org.springframework.test.context.support.DirtiesContextBeforeModesTestExecutionListener, org.springframework.test.context.support.DependencyInjectionTestExecutionListener, org.springframework.test.context.support.DirtiesContextTestExecutionListener, org.springframework.test.context.transaction.TransactionalTestExecutionListener, org.springframework.test.context.jdbc.SqlScriptsTestExecutionListener]
23:51:20.808 [main] INFO org.springframework.boot.test.context.SpringBootTestContextBootstrapper - Could not instantiate TestExecutionListener [org.springframework.test.context.web.ServletTestExecutionListener]. Specify custom listener classes or make the default listener classes (and their required dependencies) available. Offending class: [javax/servlet/ServletContext]
23:51:20.808 [main] INFO org.springframework.boot.test.context.SpringBootTestContextBootstrapper - Using TestExecutionListeners: [org.springframework.test.context.support.DirtiesContextBeforeModesTestExecutionListener@3a93b025, org.springframework.boot.test.autoconfigure.SpringBootDependencyInjectionTestExecutionListener@35cabb2a, org.springframework.test.context.support.DirtiesContextTestExecutionListener@7e07db1f, org.springframework.test.context.transaction.TransactionalTestExecutionListener@1189dd52, org.springframework.test.context.jdbc.SqlScriptsTestExecutionListener@36bc55de, org.springframework.boot.test.autoconfigure.web.servlet.WebDriverTestExecutionListener@564fabc8, org.springframework.boot.test.mock.mockito.MockitoTestExecutionListener@16d04d3d, org.springframework.boot.test.autoconfigure.web.client.MockRestServiceServerResetTestExecutionListener@49ec71f8, org.springframework.boot.test.autoconfigure.restdocs.RestDocsTestExecutionListener@1d2adfbe, org.springframework.boot.test.autoconfigure.web.servlet.MockMvcPrintOnlyOnFailureTestExecutionListener@36902638, org.springframework.boot.test.mock.mockito.ResetMocksTestExecutionListener@223d2c72]
23:51:20.808 [main] DEBUG org.springframework.test.annotation.ProfileValueUtils - Retrieved @ProfileValueSourceConfiguration [null] for test class [com.bank.account.service.OperationServiceIntegrationTest]
23:51:20.808 [main] DEBUG org.springframework.test.annotation.ProfileValueUtils - Retrieved ProfileValueSource type [class org.springframework.test.annotation.SystemProfileValueSource] for class [com.bank.account.service.OperationServiceIntegrationTest]
23:51:20.808 [main] DEBUG org.springframework.test.annotation.ProfileValueUtils - Retrieved @ProfileValueSourceConfiguration [null] for test class [com.bank.account.service.OperationServiceIntegrationTest]
23:51:20.808 [main] DEBUG org.springframework.test.annotation.ProfileValueUtils - Retrieved ProfileValueSource type [class org.springframework.test.annotation.SystemProfileValueSource] for class [com.bank.account.service.OperationServiceIntegrationTest]
23:51:20.809 [main] DEBUG org.springframework.test.context.support.AbstractDirtiesContextTestExecutionListener - Before test class: context [DefaultTestContext@4550bb58 testClass = OperationServiceIntegrationTest, testInstance = [null], testMethod = [null], testException = [null], mergedContextConfiguration = [MergedContextConfiguration@4ec4f3a0 testClass = OperationServiceIntegrationTest, locations = '{}', classes = '{class com.bank.account.Application}', contextInitializerClasses = '[]', activeProfiles = '{}', propertySourceLocations = '{classpath:/application.properties}', propertySourceProperties = '{org.springframework.boot.test.context.SpringBootTestContextBootstrapper=true}', contextCustomizers = set[org.springframework.boot.test.context.SpringBootTestContextCustomizer@78c03f1f, org.springframework.boot.test.context.filter.ExcludeFilterContextCustomizer@5383967b, org.springframework.boot.test.json.DuplicateJsonObjectContextCustomizerFactory$DuplicateJsonObjectContextCustomizer@20398b7c, org.springframework.boot.test.mock.mockito.MockitoContextCustomizer@0, org.springframework.boot.test.autoconfigure.properties.PropertyMappingContextCustomizer@0, org.springframework.boot.test.autoconfigure.web.servlet.WebDriverContextCustomizerFactory$Customizer@887af79], contextLoader = 'org.springframework.boot.test.context.SpringBootContextLoader', parent = [null]]], class annotated with @DirtiesContext [false] with mode [null].
23:51:20.810 [main] DEBUG org.springframework.test.annotation.ProfileValueUtils - Retrieved @ProfileValueSourceConfiguration [null] for test class [com.bank.account.service.OperationServiceIntegrationTest]
23:51:20.810 [main] DEBUG org.springframework.test.annotation.ProfileValueUtils - Retrieved ProfileValueSource type [class org.springframework.test.annotation.SystemProfileValueSource] for class [com.bank.account.service.OperationServiceIntegrationTest]
23:51:20.814 [main] DEBUG org.springframework.test.context.support.DependencyInjectionTestExecutionListener - Performing dependency injection for test context [[DefaultTestContext@4550bb58 testClass = OperationServiceIntegrationTest, testInstance = com.bank.account.service.OperationServiceIntegrationTest@689604d9, testMethod = [null], testException = [null], mergedContextConfiguration = [MergedContextConfiguration@4ec4f3a0 testClass = OperationServiceIntegrationTest, locations = '{}', classes = '{class com.bank.account.Application}', contextInitializerClasses = '[]', activeProfiles = '{}', propertySourceLocations = '{classpath:/application.properties}', propertySourceProperties = '{org.springframework.boot.test.context.SpringBootTestContextBootstrapper=true}', contextCustomizers = set[org.springframework.boot.test.context.SpringBootTestContextCustomizer@78c03f1f, org.springframework.boot.test.context.filter.ExcludeFilterContextCustomizer@5383967b, org.springframework.boot.test.json.DuplicateJsonObjectContextCustomizerFactory$DuplicateJsonObjectContextCustomizer@20398b7c, org.springframework.boot.test.mock.mockito.MockitoContextCustomizer@0, org.springframework.boot.test.autoconfigure.properties.PropertyMappingContextCustomizer@0, org.springframework.boot.test.autoconfigure.web.servlet.WebDriverContextCustomizerFactory$Customizer@887af79], contextLoader = 'org.springframework.boot.test.context.SpringBootContextLoader', parent = [null]]]].
23:51:20.834 [main] DEBUG org.springframework.core.env.StandardEnvironment - Adding PropertySource 'systemProperties' with lowest search precedence
23:51:20.834 [main] DEBUG org.springframework.core.env.StandardEnvironment - Adding PropertySource 'systemEnvironment' with lowest search precedence
23:51:20.834 [main] DEBUG org.springframework.core.env.StandardEnvironment - Initialized StandardEnvironment with PropertySources [MapPropertySource@1648001170 {name='systemProperties', properties={idea.version=2022.2.2, java.runtime.name=OpenJDK Runtime Environment, sun.boot.library.path=/Users/chengong/Library/Java/JavaVirtualMachines/corretto-1.8.0_362/Contents/Home/jre/lib, java.vm.version=25.362-b08, gopherProxySet=false, java.vm.vendor=Amazon.com Inc., java.vendor.url=https://aws.amazon.com/corretto/, path.separator=:, java.vm.name=OpenJDK 64-Bit Server VM, file.encoding.pkg=sun.io, user.country=CN, sun.java.launcher=SUN_STANDARD, sun.os.patch.level=unknown, java.vm.specification.name=Java Virtual Machine Specification, user.dir=/Users/chengong/IdeaProjects/untitled2, java.runtime.version=1.8.0_362-b08, basedir=/Users/chengong/IdeaProjects/untitled2, java.awt.graphicsenv=sun.awt.CGraphicsEnvironment, java.endorsed.dirs=/Users/chengong/Library/Java/JavaVirtualMachines/corretto-1.8.0_362/Contents/Home/jre/lib/endorsed, os.arch=aarch64, surefire.real.class.path=/Users/chengong/IdeaProjects/untitled2/target/surefire/surefirebooter2002625863625031665.jar, java.io.tmpdir=/var/folders/xm/ps65dhqn7qb2l3cmz84y5bjw0000gn/T/, line.separator=
, java.vm.specification.vendor=Oracle Corporation, os.name=Mac OS X, sun.jnu.encoding=UTF-8, java.library.path=/Users/chengong/Library/Java/Extensions:/Library/Java/Extensions:/Network/Library/Java/Extensions:/System/Library/Java/Extensions:/usr/lib/java:., surefire.test.class.path=/Users/chengong/IdeaProjects/untitled2/target/test-classes:/Users/chengong/IdeaProjects/untitled2/target/classes:/Users/chengong/.m2/repository/org/springframework/boot/spring-boot-starter/1.5.7.RELEASE/spring-boot-starter-1.5.7.RELEASE.jar:/Users/chengong/.m2/repository/org/springframework/boot/spring-boot/1.5.7.RELEASE/spring-boot-1.5.7.RELEASE.jar:/Users/chengong/.m2/repository/org/springframework/spring-context/4.3.11.RELEASE/spring-context-4.3.11.RELEASE.jar:/Users/chengong/.m2/repository/org/springframework/spring-aop/4.3.11.RELEASE/spring-aop-4.3.11.RELEASE.jar:/Users/chengong/.m2/repository/org/springframework/boot/spring-boot-autoconfigure/1.5.7.RELEASE/spring-boot-autoconfigure-1.5.7.RELEASE.jar:/Users/chengong/.m2/repository/org/springframework/boot/spring-boot-starter-logging/1.5.7.RELEASE/spring-boot-starter-logging-1.5.7.RELEASE.jar:/Users/chengong/.m2/repository/ch/qos/logback/logback-classic/1.1.11/logback-classic-1.1.11.jar:/Users/chengong/.m2/repository/ch/qos/logback/logback-core/1.1.11/logback-core-1.1.11.jar:/Users/chengong/.m2/repository/org/slf4j/jcl-over-slf4j/1.7.25/jcl-over-slf4j-1.7.25.jar:/Users/chengong/.m2/repository/org/slf4j/jul-to-slf4j/1.7.25/jul-to-slf4j-1.7.25.jar:/Users/chengong/.m2/repository/org/slf4j/log4j-over-slf4j/1.7.25/log4j-over-slf4j-1.7.25.jar:/Users/chengong/.m2/repository/org/springframework/spring-core/4.3.11.RELEASE/spring-core-4.3.11.RELEASE.jar:/Users/chengong/.m2/repository/org/yaml/snakeyaml/1.17/snakeyaml-1.17.jar:/Users/chengong/.m2/repository/org/springframework/boot/spring-boot-starter-data-mongodb/1.5.7.RELEASE/spring-boot-starter-data-mongodb-1.5.7.RELEASE.jar:/Users/chengong/.m2/repository/org/mongodb/mongodb-driver/3.4.3/mongodb-driver-3.4.3.jar:/Users/chengong/.m2/repository/org/mongodb/mongodb-driver-core/3.4.3/mongodb-driver-core-3.4.3.jar:/Users/chengong/.m2/repository/org/mongodb/bson/3.4.3/bson-3.4.3.jar:/Users/chengong/.m2/repository/org/springframework/data/spring-data-mongodb/1.10.7.RELEASE/spring-data-mongodb-1.10.7.RELEASE.jar:/Users/chengong/.m2/repository/org/springframework/spring-tx/4.3.11.RELEASE/spring-tx-4.3.11.RELEASE.jar:/Users/chengong/.m2/repository/org/springframework/spring-beans/4.3.11.RELEASE/spring-beans-4.3.11.RELEASE.jar:/Users/chengong/.m2/repository/org/springframework/spring-expression/4.3.11.RELEASE/spring-expression-4.3.11.RELEASE.jar:/Users/chengong/.m2/repository/org/springframework/data/spring-data-commons/1.13.7.RELEASE/spring-data-commons-1.13.7.RELEASE.jar:/Users/chengong/.m2/repository/org/slf4j/slf4j-api/1.7.25/slf4j-api-1.7.25.jar:/Users/chengong/.m2/repository/javax/inject/javax.inject/1/javax.inject-1.jar:/Users/chengong/.m2/repository/javax/validation/validation-api/2.0.0.Final/validation-api-2.0.0.Final.jar:/Users/chengong/.m2/repository/javax/persistence/persistence-api/1.0.2/persistence-api-1.0.2.jar:/Users/chengong/.m2/repository/org/apache/commons/commons-lang3/3.6/commons-lang3-3.6.jar:/Users/chengong/.m2/repository/commons-collections/commons-collections/3.2.2/commons-collections-3.2.2.jar:/Users/chengong/.m2/repository/org/hibernate/validator/hibernate-validator/6.0.2.Final/hibernate-validator-6.0.2.Final.jar:/Users/chengong/.m2/repository/org/jboss/logging/jboss-logging/3.3.1.Final/jboss-logging-3.3.1.Final.jar:/Users/chengong/.m2/repository/com/fasterxml/classmate/1.3.4/classmate-1.3.4.jar:/Users/chengong/.m2/repository/org/projectlombok/lombok/1.16.16/lombok-1.16.16.jar:/Users/chengong/.m2/repository/org/glassfish/javax.el/3.0.0/javax.el-3.0.0.jar:/Users/chengong/.m2/repository/org/springframework/boot/spring-boot-starter-test/1.5.7.RELEASE/spring-boot-starter-test-1.5.7.RELEASE.jar:/Users/chengong/.m2/repository/org/springframework/boot/spring-boot-test/1.5.7.RELEASE/spring-boot-test-1.5.7.RELEASE.jar:/Users/chengong/.m2/repository/org/springframework/boot/spring-boot-test-autoconfigure/1.5.7.RELEASE/spring-boot-test-autoconfigure-1.5.7.RELEASE.jar:/Users/chengong/.m2/repository/com/jayway/jsonpath/json-path/2.2.0/json-path-2.2.0.jar:/Users/chengong/.m2/repository/net/minidev/json-smart/2.2.1/json-smart-2.2.1.jar:/Users/chengong/.m2/repository/net/minidev/accessors-smart/1.1/accessors-smart-1.1.jar:/Users/chengong/.m2/repository/org/ow2/asm/asm/5.0.3/asm-5.0.3.jar:/Users/chengong/.m2/repository/junit/junit/4.12/junit-4.12.jar:/Users/chengong/.m2/repository/org/hamcrest/hamcrest-core/1.3/hamcrest-core-1.3.jar:/Users/chengong/.m2/repository/org/hamcrest/hamcrest-library/1.3/hamcrest-library-1.3.jar:/Users/chengong/.m2/repository/org/skyscreamer/jsonassert/1.4.0/jsonassert-1.4.0.jar:/Users/chengong/.m2/repository/com/vaadin/external/google/android-json/0.0.20131108.vaadin1/android-json-0.0.20131108.vaadin1.jar:/Users/chengong/.m2/repository/org/springframework/spring-test/4.3.11.RELEASE/spring-test-4.3.11.RELEASE.jar:/Users/chengong/.m2/repository/org/assertj/assertj-core/3.8.0/assertj-core-3.8.0.jar:/Users/chengong/.m2/repository/org/mockito/mockito-core/2.10.0/mockito-core-2.10.0.jar:/Users/chengong/.m2/repository/net/bytebuddy/byte-buddy/1.7.4/byte-buddy-1.7.4.jar:/Users/chengong/.m2/repository/net/bytebuddy/byte-buddy-agent/1.7.4/byte-buddy-agent-1.7.4.jar:/Users/chengong/.m2/repository/org/objenesis/objenesis/2.6/objenesis-2.6.jar:, java.specification.name=Java Platform API Specification, java.class.version=52.0, sun.management.compiler=HotSpot 64-Bit Tiered Compilers, os.version=13.2.1, http.nonProxyHosts=local|*.local|169.254/16|*.169.254/16, user.home=/Users/chengong, user.timezone=Europe/Paris, java.awt.printerjob=sun.lwawt.macosx.CPrinterJob, file.encoding=UTF-8, java.specification.version=1.8, java.class.path=/Users/chengong/IdeaProjects/untitled2/target/test-classes:/Users/chengong/IdeaProjects/untitled2/target/classes:/Users/chengong/.m2/repository/org/springframework/boot/spring-boot-starter/1.5.7.RELEASE/spring-boot-starter-1.5.7.RELEASE.jar:/Users/chengong/.m2/repository/org/springframework/boot/spring-boot/1.5.7.RELEASE/spring-boot-1.5.7.RELEASE.jar:/Users/chengong/.m2/repository/org/springframework/spring-context/4.3.11.RELEASE/spring-context-4.3.11.RELEASE.jar:/Users/chengong/.m2/repository/org/springframework/spring-aop/4.3.11.RELEASE/spring-aop-4.3.11.RELEASE.jar:/Users/chengong/.m2/repository/org/springframework/boot/spring-boot-autoconfigure/1.5.7.RELEASE/spring-boot-autoconfigure-1.5.7.RELEASE.jar:/Users/chengong/.m2/repository/org/springframework/boot/spring-boot-starter-logging/1.5.7.RELEASE/spring-boot-starter-logging-1.5.7.RELEASE.jar:/Users/chengong/.m2/repository/ch/qos/logback/logback-classic/1.1.11/logback-classic-1.1.11.jar:/Users/chengong/.m2/repository/ch/qos/logback/logback-core/1.1.11/logback-core-1.1.11.jar:/Users/chengong/.m2/repository/org/slf4j/jcl-over-slf4j/1.7.25/jcl-over-slf4j-1.7.25.jar:/Users/chengong/.m2/repository/org/slf4j/jul-to-slf4j/1.7.25/jul-to-slf4j-1.7.25.jar:/Users/chengong/.m2/repository/org/slf4j/log4j-over-slf4j/1.7.25/log4j-over-slf4j-1.7.25.jar:/Users/chengong/.m2/repository/org/springframework/spring-core/4.3.11.RELEASE/spring-core-4.3.11.RELEASE.jar:/Users/chengong/.m2/repository/org/yaml/snakeyaml/1.17/snakeyaml-1.17.jar:/Users/chengong/.m2/repository/org/springframework/boot/spring-boot-starter-data-mongodb/1.5.7.RELEASE/spring-boot-starter-data-mongodb-1.5.7.RELEASE.jar:/Users/chengong/.m2/repository/org/mongodb/mongodb-driver/3.4.3/mongodb-driver-3.4.3.jar:/Users/chengong/.m2/repository/org/mongodb/mongodb-driver-core/3.4.3/mongodb-driver-core-3.4.3.jar:/Users/chengong/.m2/repository/org/mongodb/bson/3.4.3/bson-3.4.3.jar:/Users/chengong/.m2/repository/org/springframework/data/spring-data-mongodb/1.10.7.RELEASE/spring-data-mongodb-1.10.7.RELEASE.jar:/Users/chengong/.m2/repository/org/springframework/spring-tx/4.3.11.RELEASE/spring-tx-4.3.11.RELEASE.jar:/Users/chengong/.m2/repository/org/springframework/spring-beans/4.3.11.RELEASE/spring-beans-4.3.11.RELEASE.jar:/Users/chengong/.m2/repository/org/springframework/spring-expression/4.3.11.RELEASE/spring-expression-4.3.11.RELEASE.jar:/Users/chengong/.m2/repository/org/springframework/data/spring-data-commons/1.13.7.RELEASE/spring-data-commons-1.13.7.RELEASE.jar:/Users/chengong/.m2/repository/org/slf4j/slf4j-api/1.7.25/slf4j-api-1.7.25.jar:/Users/chengong/.m2/repository/javax/inject/javax.inject/1/javax.inject-1.jar:/Users/chengong/.m2/repository/javax/validation/validation-api/2.0.0.Final/validation-api-2.0.0.Final.jar:/Users/chengong/.m2/repository/javax/persistence/persistence-api/1.0.2/persistence-api-1.0.2.jar:/Users/chengong/.m2/repository/org/apache/commons/commons-lang3/3.6/commons-lang3-3.6.jar:/Users/chengong/.m2/repository/commons-collections/commons-collections/3.2.2/commons-collections-3.2.2.jar:/Users/chengong/.m2/repository/org/hibernate/validator/hibernate-validator/6.0.2.Final/hibernate-validator-6.0.2.Final.jar:/Users/chengong/.m2/repository/org/jboss/logging/jboss-logging/3.3.1.Final/jboss-logging-3.3.1.Final.jar:/Users/chengong/.m2/repository/com/fasterxml/classmate/1.3.4/classmate-1.3.4.jar:/Users/chengong/.m2/repository/org/projectlombok/lombok/1.16.16/lombok-1.16.16.jar:/Users/chengong/.m2/repository/org/glassfish/javax.el/3.0.0/javax.el-3.0.0.jar:/Users/chengong/.m2/repository/org/springframework/boot/spring-boot-starter-test/1.5.7.RELEASE/spring-boot-starter-test-1.5.7.RELEASE.jar:/Users/chengong/.m2/repository/org/springframework/boot/spring-boot-test/1.5.7.RELEASE/spring-boot-test-1.5.7.RELEASE.jar:/Users/chengong/.m2/repository/org/springframework/boot/spring-boot-test-autoconfigure/1.5.7.RELEASE/spring-boot-test-autoconfigure-1.5.7.RELEASE.jar:/Users/chengong/.m2/repository/com/jayway/jsonpath/json-path/2.2.0/json-path-2.2.0.jar:/Users/chengong/.m2/repository/net/minidev/json-smart/2.2.1/json-smart-2.2.1.jar:/Users/chengong/.m2/repository/net/minidev/accessors-smart/1.1/accessors-smart-1.1.jar:/Users/chengong/.m2/repository/org/ow2/asm/asm/5.0.3/asm-5.0.3.jar:/Users/chengong/.m2/repository/junit/junit/4.12/junit-4.12.jar:/Users/chengong/.m2/repository/org/hamcrest/hamcrest-core/1.3/hamcrest-core-1.3.jar:/Users/chengong/.m2/repository/org/hamcrest/hamcrest-library/1.3/hamcrest-library-1.3.jar:/Users/chengong/.m2/repository/org/skyscreamer/jsonassert/1.4.0/jsonassert-1.4.0.jar:/Users/chengong/.m2/repository/com/vaadin/external/google/android-json/0.0.20131108.vaadin1/android-json-0.0.20131108.vaadin1.jar:/Users/chengong/.m2/repository/org/springframework/spring-test/4.3.11.RELEASE/spring-test-4.3.11.RELEASE.jar:/Users/chengong/.m2/repository/org/assertj/assertj-core/3.8.0/assertj-core-3.8.0.jar:/Users/chengong/.m2/repository/org/mockito/mockito-core/2.10.0/mockito-core-2.10.0.jar:/Users/chengong/.m2/repository/net/bytebuddy/byte-buddy/1.7.4/byte-buddy-1.7.4.jar:/Users/chengong/.m2/repository/net/bytebuddy/byte-buddy-agent/1.7.4/byte-buddy-agent-1.7.4.jar:/Users/chengong/.m2/repository/org/objenesis/objenesis/2.6/objenesis-2.6.jar:, user.name=chengong, java.vm.specification.version=1.8, sun.java.command=/Users/chengong/IdeaProjects/untitled2/target/surefire/surefirebooter2002625863625031665.jar /Users/chengong/IdeaProjects/untitled2/target/surefire/surefire1676131753318224588tmp /Users/chengong/IdeaProjects/untitled2/target/surefire/surefire_06523962741063772783tmp, java.home=/Users/chengong/Library/Java/JavaVirtualMachines/corretto-1.8.0_362/Contents/Home/jre, sun.arch.data.model=64, user.language=zh, java.specification.vendor=Oracle Corporation, awt.toolkit=sun.lwawt.macosx.LWCToolkit, java.vm.info=mixed mode, java.version=1.8.0_362, java.ext.dirs=/Users/chengong/Library/Java/Extensions:/Users/chengong/Library/Java/JavaVirtualMachines/corretto-1.8.0_362/Contents/Home/jre/lib/ext:/Library/Java/Extensions:/Network/Library/Java/Extensions:/System/Library/Java/Extensions:/usr/lib/java, sun.boot.class.path=/Users/chengong/Library/Java/JavaVirtualMachines/corretto-1.8.0_362/Contents/Home/jre/lib/resources.jar:/Users/chengong/Library/Java/JavaVirtualMachines/corretto-1.8.0_362/Contents/Home/jre/lib/rt.jar:/Users/chengong/Library/Java/JavaVirtualMachines/corretto-1.8.0_362/Contents/Home/jre/lib/sunrsasign.jar:/Users/chengong/Library/Java/JavaVirtualMachines/corretto-1.8.0_362/Contents/Home/jre/lib/jsse.jar:/Users/chengong/Library/Java/JavaVirtualMachines/corretto-1.8.0_362/Contents/Home/jre/lib/jce.jar:/Users/chengong/Library/Java/JavaVirtualMachines/corretto-1.8.0_362/Contents/Home/jre/lib/charsets.jar:/Users/chengong/Library/Java/JavaVirtualMachines/corretto-1.8.0_362/Contents/Home/jre/lib/jfr.jar:/Users/chengong/Library/Java/JavaVirtualMachines/corretto-1.8.0_362/Contents/Home/jre/classes, java.vendor=Amazon.com Inc., java.specification.maintenance.version=4, localRepository=/Users/chengong/.m2/repository, file.separator=/, java.vendor.url.bug=https://github.com/corretto/corretto-8/issues/, sun.io.unicode.encoding=UnicodeBig, sun.cpu.endian=little, socksNonProxyHosts=local|*.local|169.254/16|*.169.254/16, ftp.nonProxyHosts=local|*.local|169.254/16|*.169.254/16, sun.cpu.isalist=}}, SystemEnvironmentPropertySource@169663597 {name='systemEnvironment', properties={__CFBundleIdentifier=com.jetbrains.intellij.ie, PATH=/usr/local/bin:/System/Cryptexes/App/usr/bin:/usr/bin:/bin:/usr/sbin:/sbin:/Library/Apple/usr/bin, SHELL=/bin/zsh, JAVA_HOME=/Library/Java/JavaVirtualMachines/jdk-19.jdk/Contents/Home, OLDPWD=/Users/chengong/IdeaProjects/untitled2, USER=chengong, COMMAND_MODE=unix2003, TMPDIR=/var/folders/xm/ps65dhqn7qb2l3cmz84y5bjw0000gn/T/, JAVA_MAIN_CLASS_1735=org.apache.maven.surefire.booter.ForkedBooter, SSH_AUTH_SOCK=/private/tmp/com.apple.launchd.nwnfRSPvas/Listeners, XPC_FLAGS=0x0, __CF_USER_TEXT_ENCODING=0x1F5:0x19:0x34, LOGNAME=chengong, LC_CTYPE=en_US.UTF-8, XPC_SERVICE_NAME=0, PWD=/Users/chengong/IdeaProjects/untitled2, HOME=/Users/chengong, SHLVL=1, _=/Users/chengong/Library/Java/JavaVirtualMachines/corretto-1.8.0_362/Contents/Home/jre/bin/java, JAVA_MAIN_CLASS_1733=org.codehaus.classworlds.Launcher}}]
23:51:20.837 [main] DEBUG org.springframework.core.env.StandardEnvironment - Adding PropertySource 'systemProperties' with lowest search precedence
23:51:20.837 [main] DEBUG org.springframework.core.env.StandardEnvironment - Adding PropertySource 'systemEnvironment' with lowest search precedence
23:51:20.838 [main] DEBUG org.springframework.core.env.StandardEnvironment - Initialized StandardEnvironment with PropertySources [MapPropertySource@594427726 {name='systemProperties', properties={idea.version=2022.2.2, java.runtime.name=OpenJDK Runtime Environment, sun.boot.library.path=/Users/chengong/Library/Java/JavaVirtualMachines/corretto-1.8.0_362/Contents/Home/jre/lib, java.vm.version=25.362-b08, gopherProxySet=false, java.vm.vendor=Amazon.com Inc., java.vendor.url=https://aws.amazon.com/corretto/, path.separator=:, java.vm.name=OpenJDK 64-Bit Server VM, file.encoding.pkg=sun.io, user.country=CN, sun.java.launcher=SUN_STANDARD, sun.os.patch.level=unknown, java.vm.specification.name=Java Virtual Machine Specification, user.dir=/Users/chengong/IdeaProjects/untitled2, java.runtime.version=1.8.0_362-b08, basedir=/Users/chengong/IdeaProjects/untitled2, java.awt.graphicsenv=sun.awt.CGraphicsEnvironment, java.endorsed.dirs=/Users/chengong/Library/Java/JavaVirtualMachines/corretto-1.8.0_362/Contents/Home/jre/lib/endorsed, os.arch=aarch64, surefire.real.class.path=/Users/chengong/IdeaProjects/untitled2/target/surefire/surefirebooter2002625863625031665.jar, java.io.tmpdir=/var/folders/xm/ps65dhqn7qb2l3cmz84y5bjw0000gn/T/, line.separator=
, java.vm.specification.vendor=Oracle Corporation, os.name=Mac OS X, sun.jnu.encoding=UTF-8, java.library.path=/Users/chengong/Library/Java/Extensions:/Library/Java/Extensions:/Network/Library/Java/Extensions:/System/Library/Java/Extensions:/usr/lib/java:., surefire.test.class.path=/Users/chengong/IdeaProjects/untitled2/target/test-classes:/Users/chengong/IdeaProjects/untitled2/target/classes:/Users/chengong/.m2/repository/org/springframework/boot/spring-boot-starter/1.5.7.RELEASE/spring-boot-starter-1.5.7.RELEASE.jar:/Users/chengong/.m2/repository/org/springframework/boot/spring-boot/1.5.7.RELEASE/spring-boot-1.5.7.RELEASE.jar:/Users/chengong/.m2/repository/org/springframework/spring-context/4.3.11.RELEASE/spring-context-4.3.11.RELEASE.jar:/Users/chengong/.m2/repository/org/springframework/spring-aop/4.3.11.RELEASE/spring-aop-4.3.11.RELEASE.jar:/Users/chengong/.m2/repository/org/springframework/boot/spring-boot-autoconfigure/1.5.7.RELEASE/spring-boot-autoconfigure-1.5.7.RELEASE.jar:/Users/chengong/.m2/repository/org/springframework/boot/spring-boot-starter-logging/1.5.7.RELEASE/spring-boot-starter-logging-1.5.7.RELEASE.jar:/Users/chengong/.m2/repository/ch/qos/logback/logback-classic/1.1.11/logback-classic-1.1.11.jar:/Users/chengong/.m2/repository/ch/qos/logback/logback-core/1.1.11/logback-core-1.1.11.jar:/Users/chengong/.m2/repository/org/slf4j/jcl-over-slf4j/1.7.25/jcl-over-slf4j-1.7.25.jar:/Users/chengong/.m2/repository/org/slf4j/jul-to-slf4j/1.7.25/jul-to-slf4j-1.7.25.jar:/Users/chengong/.m2/repository/org/slf4j/log4j-over-slf4j/1.7.25/log4j-over-slf4j-1.7.25.jar:/Users/chengong/.m2/repository/org/springframework/spring-core/4.3.11.RELEASE/spring-core-4.3.11.RELEASE.jar:/Users/chengong/.m2/repository/org/yaml/snakeyaml/1.17/snakeyaml-1.17.jar:/Users/chengong/.m2/repository/org/springframework/boot/spring-boot-starter-data-mongodb/1.5.7.RELEASE/spring-boot-starter-data-mongodb-1.5.7.RELEASE.jar:/Users/chengong/.m2/repository/org/mongodb/mongodb-driver/3.4.3/mongodb-driver-3.4.3.jar:/Users/chengong/.m2/repository/org/mongodb/mongodb-driver-core/3.4.3/mongodb-driver-core-3.4.3.jar:/Users/chengong/.m2/repository/org/mongodb/bson/3.4.3/bson-3.4.3.jar:/Users/chengong/.m2/repository/org/springframework/data/spring-data-mongodb/1.10.7.RELEASE/spring-data-mongodb-1.10.7.RELEASE.jar:/Users/chengong/.m2/repository/org/springframework/spring-tx/4.3.11.RELEASE/spring-tx-4.3.11.RELEASE.jar:/Users/chengong/.m2/repository/org/springframework/spring-beans/4.3.11.RELEASE/spring-beans-4.3.11.RELEASE.jar:/Users/chengong/.m2/repository/org/springframework/spring-expression/4.3.11.RELEASE/spring-expression-4.3.11.RELEASE.jar:/Users/chengong/.m2/repository/org/springframework/data/spring-data-commons/1.13.7.RELEASE/spring-data-commons-1.13.7.RELEASE.jar:/Users/chengong/.m2/repository/org/slf4j/slf4j-api/1.7.25/slf4j-api-1.7.25.jar:/Users/chengong/.m2/repository/javax/inject/javax.inject/1/javax.inject-1.jar:/Users/chengong/.m2/repository/javax/validation/validation-api/2.0.0.Final/validation-api-2.0.0.Final.jar:/Users/chengong/.m2/repository/javax/persistence/persistence-api/1.0.2/persistence-api-1.0.2.jar:/Users/chengong/.m2/repository/org/apache/commons/commons-lang3/3.6/commons-lang3-3.6.jar:/Users/chengong/.m2/repository/commons-collections/commons-collections/3.2.2/commons-collections-3.2.2.jar:/Users/chengong/.m2/repository/org/hibernate/validator/hibernate-validator/6.0.2.Final/hibernate-validator-6.0.2.Final.jar:/Users/chengong/.m2/repository/org/jboss/logging/jboss-logging/3.3.1.Final/jboss-logging-3.3.1.Final.jar:/Users/chengong/.m2/repository/com/fasterxml/classmate/1.3.4/classmate-1.3.4.jar:/Users/chengong/.m2/repository/org/projectlombok/lombok/1.16.16/lombok-1.16.16.jar:/Users/chengong/.m2/repository/org/glassfish/javax.el/3.0.0/javax.el-3.0.0.jar:/Users/chengong/.m2/repository/org/springframework/boot/spring-boot-starter-test/1.5.7.RELEASE/spring-boot-starter-test-1.5.7.RELEASE.jar:/Users/chengong/.m2/repository/org/springframework/boot/spring-boot-test/1.5.7.RELEASE/spring-boot-test-1.5.7.RELEASE.jar:/Users/chengong/.m2/repository/org/springframework/boot/spring-boot-test-autoconfigure/1.5.7.RELEASE/spring-boot-test-autoconfigure-1.5.7.RELEASE.jar:/Users/chengong/.m2/repository/com/jayway/jsonpath/json-path/2.2.0/json-path-2.2.0.jar:/Users/chengong/.m2/repository/net/minidev/json-smart/2.2.1/json-smart-2.2.1.jar:/Users/chengong/.m2/repository/net/minidev/accessors-smart/1.1/accessors-smart-1.1.jar:/Users/chengong/.m2/repository/org/ow2/asm/asm/5.0.3/asm-5.0.3.jar:/Users/chengong/.m2/repository/junit/junit/4.12/junit-4.12.jar:/Users/chengong/.m2/repository/org/hamcrest/hamcrest-core/1.3/hamcrest-core-1.3.jar:/Users/chengong/.m2/repository/org/hamcrest/hamcrest-library/1.3/hamcrest-library-1.3.jar:/Users/chengong/.m2/repository/org/skyscreamer/jsonassert/1.4.0/jsonassert-1.4.0.jar:/Users/chengong/.m2/repository/com/vaadin/external/google/android-json/0.0.20131108.vaadin1/android-json-0.0.20131108.vaadin1.jar:/Users/chengong/.m2/repository/org/springframework/spring-test/4.3.11.RELEASE/spring-test-4.3.11.RELEASE.jar:/Users/chengong/.m2/repository/org/assertj/assertj-core/3.8.0/assertj-core-3.8.0.jar:/Users/chengong/.m2/repository/org/mockito/mockito-core/2.10.0/mockito-core-2.10.0.jar:/Users/chengong/.m2/repository/net/bytebuddy/byte-buddy/1.7.4/byte-buddy-1.7.4.jar:/Users/chengong/.m2/repository/net/bytebuddy/byte-buddy-agent/1.7.4/byte-buddy-agent-1.7.4.jar:/Users/chengong/.m2/repository/org/objenesis/objenesis/2.6/objenesis-2.6.jar:, java.specification.name=Java Platform API Specification, java.class.version=52.0, sun.management.compiler=HotSpot 64-Bit Tiered Compilers, os.version=13.2.1, http.nonProxyHosts=local|*.local|169.254/16|*.169.254/16, user.home=/Users/chengong, user.timezone=Europe/Paris, java.awt.printerjob=sun.lwawt.macosx.CPrinterJob, file.encoding=UTF-8, java.specification.version=1.8, java.class.path=/Users/chengong/IdeaProjects/untitled2/target/test-classes:/Users/chengong/IdeaProjects/untitled2/target/classes:/Users/chengong/.m2/repository/org/springframework/boot/spring-boot-starter/1.5.7.RELEASE/spring-boot-starter-1.5.7.RELEASE.jar:/Users/chengong/.m2/repository/org/springframework/boot/spring-boot/1.5.7.RELEASE/spring-boot-1.5.7.RELEASE.jar:/Users/chengong/.m2/repository/org/springframework/spring-context/4.3.11.RELEASE/spring-context-4.3.11.RELEASE.jar:/Users/chengong/.m2/repository/org/springframework/spring-aop/4.3.11.RELEASE/spring-aop-4.3.11.RELEASE.jar:/Users/chengong/.m2/repository/org/springframework/boot/spring-boot-autoconfigure/1.5.7.RELEASE/spring-boot-autoconfigure-1.5.7.RELEASE.jar:/Users/chengong/.m2/repository/org/springframework/boot/spring-boot-starter-logging/1.5.7.RELEASE/spring-boot-starter-logging-1.5.7.RELEASE.jar:/Users/chengong/.m2/repository/ch/qos/logback/logback-classic/1.1.11/logback-classic-1.1.11.jar:/Users/chengong/.m2/repository/ch/qos/logback/logback-core/1.1.11/logback-core-1.1.11.jar:/Users/chengong/.m2/repository/org/slf4j/jcl-over-slf4j/1.7.25/jcl-over-slf4j-1.7.25.jar:/Users/chengong/.m2/repository/org/slf4j/jul-to-slf4j/1.7.25/jul-to-slf4j-1.7.25.jar:/Users/chengong/.m2/repository/org/slf4j/log4j-over-slf4j/1.7.25/log4j-over-slf4j-1.7.25.jar:/Users/chengong/.m2/repository/org/springframework/spring-core/4.3.11.RELEASE/spring-core-4.3.11.RELEASE.jar:/Users/chengong/.m2/repository/org/yaml/snakeyaml/1.17/snakeyaml-1.17.jar:/Users/chengong/.m2/repository/org/springframework/boot/spring-boot-starter-data-mongodb/1.5.7.RELEASE/spring-boot-starter-data-mongodb-1.5.7.RELEASE.jar:/Users/chengong/.m2/repository/org/mongodb/mongodb-driver/3.4.3/mongodb-driver-3.4.3.jar:/Users/chengong/.m2/repository/org/mongodb/mongodb-driver-core/3.4.3/mongodb-driver-core-3.4.3.jar:/Users/chengong/.m2/repository/org/mongodb/bson/3.4.3/bson-3.4.3.jar:/Users/chengong/.m2/repository/org/springframework/data/spring-data-mongodb/1.10.7.RELEASE/spring-data-mongodb-1.10.7.RELEASE.jar:/Users/chengong/.m2/repository/org/springframework/spring-tx/4.3.11.RELEASE/spring-tx-4.3.11.RELEASE.jar:/Users/chengong/.m2/repository/org/springframework/spring-beans/4.3.11.RELEASE/spring-beans-4.3.11.RELEASE.jar:/Users/chengong/.m2/repository/org/springframework/spring-expression/4.3.11.RELEASE/spring-expression-4.3.11.RELEASE.jar:/Users/chengong/.m2/repository/org/springframework/data/spring-data-commons/1.13.7.RELEASE/spring-data-commons-1.13.7.RELEASE.jar:/Users/chengong/.m2/repository/org/slf4j/slf4j-api/1.7.25/slf4j-api-1.7.25.jar:/Users/chengong/.m2/repository/javax/inject/javax.inject/1/javax.inject-1.jar:/Users/chengong/.m2/repository/javax/validation/validation-api/2.0.0.Final/validation-api-2.0.0.Final.jar:/Users/chengong/.m2/repository/javax/persistence/persistence-api/1.0.2/persistence-api-1.0.2.jar:/Users/chengong/.m2/repository/org/apache/commons/commons-lang3/3.6/commons-lang3-3.6.jar:/Users/chengong/.m2/repository/commons-collections/commons-collections/3.2.2/commons-collections-3.2.2.jar:/Users/chengong/.m2/repository/org/hibernate/validator/hibernate-validator/6.0.2.Final/hibernate-validator-6.0.2.Final.jar:/Users/chengong/.m2/repository/org/jboss/logging/jboss-logging/3.3.1.Final/jboss-logging-3.3.1.Final.jar:/Users/chengong/.m2/repository/com/fasterxml/classmate/1.3.4/classmate-1.3.4.jar:/Users/chengong/.m2/repository/org/projectlombok/lombok/1.16.16/lombok-1.16.16.jar:/Users/chengong/.m2/repository/org/glassfish/javax.el/3.0.0/javax.el-3.0.0.jar:/Users/chengong/.m2/repository/org/springframework/boot/spring-boot-starter-test/1.5.7.RELEASE/spring-boot-starter-test-1.5.7.RELEASE.jar:/Users/chengong/.m2/repository/org/springframework/boot/spring-boot-test/1.5.7.RELEASE/spring-boot-test-1.5.7.RELEASE.jar:/Users/chengong/.m2/repository/org/springframework/boot/spring-boot-test-autoconfigure/1.5.7.RELEASE/spring-boot-test-autoconfigure-1.5.7.RELEASE.jar:/Users/chengong/.m2/repository/com/jayway/jsonpath/json-path/2.2.0/json-path-2.2.0.jar:/Users/chengong/.m2/repository/net/minidev/json-smart/2.2.1/json-smart-2.2.1.jar:/Users/chengong/.m2/repository/net/minidev/accessors-smart/1.1/accessors-smart-1.1.jar:/Users/chengong/.m2/repository/org/ow2/asm/asm/5.0.3/asm-5.0.3.jar:/Users/chengong/.m2/repository/junit/junit/4.12/junit-4.12.jar:/Users/chengong/.m2/repository/org/hamcrest/hamcrest-core/1.3/hamcrest-core-1.3.jar:/Users/chengong/.m2/repository/org/hamcrest/hamcrest-library/1.3/hamcrest-library-1.3.jar:/Users/chengong/.m2/repository/org/skyscreamer/jsonassert/1.4.0/jsonassert-1.4.0.jar:/Users/chengong/.m2/repository/com/vaadin/external/google/android-json/0.0.20131108.vaadin1/android-json-0.0.20131108.vaadin1.jar:/Users/chengong/.m2/repository/org/springframework/spring-test/4.3.11.RELEASE/spring-test-4.3.11.RELEASE.jar:/Users/chengong/.m2/repository/org/assertj/assertj-core/3.8.0/assertj-core-3.8.0.jar:/Users/chengong/.m2/repository/org/mockito/mockito-core/2.10.0/mockito-core-2.10.0.jar:/Users/chengong/.m2/repository/net/bytebuddy/byte-buddy/1.7.4/byte-buddy-1.7.4.jar:/Users/chengong/.m2/repository/net/bytebuddy/byte-buddy-agent/1.7.4/byte-buddy-agent-1.7.4.jar:/Users/chengong/.m2/repository/org/objenesis/objenesis/2.6/objenesis-2.6.jar:, user.name=chengong, java.vm.specification.version=1.8, sun.java.command=/Users/chengong/IdeaProjects/untitled2/target/surefire/surefirebooter2002625863625031665.jar /Users/chengong/IdeaProjects/untitled2/target/surefire/surefire1676131753318224588tmp /Users/chengong/IdeaProjects/untitled2/target/surefire/surefire_06523962741063772783tmp, java.home=/Users/chengong/Library/Java/JavaVirtualMachines/corretto-1.8.0_362/Contents/Home/jre, sun.arch.data.model=64, user.language=zh, java.specification.vendor=Oracle Corporation, awt.toolkit=sun.lwawt.macosx.LWCToolkit, java.vm.info=mixed mode, java.version=1.8.0_362, java.ext.dirs=/Users/chengong/Library/Java/Extensions:/Users/chengong/Library/Java/JavaVirtualMachines/corretto-1.8.0_362/Contents/Home/jre/lib/ext:/Library/Java/Extensions:/Network/Library/Java/Extensions:/System/Library/Java/Extensions:/usr/lib/java, sun.boot.class.path=/Users/chengong/Library/Java/JavaVirtualMachines/corretto-1.8.0_362/Contents/Home/jre/lib/resources.jar:/Users/chengong/Library/Java/JavaVirtualMachines/corretto-1.8.0_362/Contents/Home/jre/lib/rt.jar:/Users/chengong/Library/Java/JavaVirtualMachines/corretto-1.8.0_362/Contents/Home/jre/lib/sunrsasign.jar:/Users/chengong/Library/Java/JavaVirtualMachines/corretto-1.8.0_362/Contents/Home/jre/lib/jsse.jar:/Users/chengong/Library/Java/JavaVirtualMachines/corretto-1.8.0_362/Contents/Home/jre/lib/jce.jar:/Users/chengong/Library/Java/JavaVirtualMachines/corretto-1.8.0_362/Contents/Home/jre/lib/charsets.jar:/Users/chengong/Library/Java/JavaVirtualMachines/corretto-1.8.0_362/Contents/Home/jre/lib/jfr.jar:/Users/chengong/Library/Java/JavaVirtualMachines/corretto-1.8.0_362/Contents/Home/jre/classes, java.vendor=Amazon.com Inc., java.specification.maintenance.version=4, localRepository=/Users/chengong/.m2/repository, file.separator=/, java.vendor.url.bug=https://github.com/corretto/corretto-8/issues/, sun.io.unicode.encoding=UnicodeBig, sun.cpu.endian=little, socksNonProxyHosts=local|*.local|169.254/16|*.169.254/16, ftp.nonProxyHosts=local|*.local|169.254/16|*.169.254/16, sun.cpu.isalist=}}, SystemEnvironmentPropertySource@1019298652 {name='systemEnvironment', properties={__CFBundleIdentifier=com.jetbrains.intellij.ie, PATH=/usr/local/bin:/System/Cryptexes/App/usr/bin:/usr/bin:/bin:/usr/sbin:/sbin:/Library/Apple/usr/bin, SHELL=/bin/zsh, JAVA_HOME=/Library/Java/JavaVirtualMachines/jdk-19.jdk/Contents/Home, OLDPWD=/Users/chengong/IdeaProjects/untitled2, USER=chengong, COMMAND_MODE=unix2003, TMPDIR=/var/folders/xm/ps65dhqn7qb2l3cmz84y5bjw0000gn/T/, JAVA_MAIN_CLASS_1735=org.apache.maven.surefire.booter.ForkedBooter, SSH_AUTH_SOCK=/private/tmp/com.apple.launchd.nwnfRSPvas/Listeners, XPC_FLAGS=0x0, __CF_USER_TEXT_ENCODING=0x1F5:0x19:0x34, LOGNAME=chengong, LC_CTYPE=en_US.UTF-8, XPC_SERVICE_NAME=0, PWD=/Users/chengong/IdeaProjects/untitled2, HOME=/Users/chengong, SHLVL=1, _=/Users/chengong/Library/Java/JavaVirtualMachines/corretto-1.8.0_362/Contents/Home/jre/bin/java, JAVA_MAIN_CLASS_1733=org.codehaus.classworlds.Launcher}}]
23:51:20.839 [main] ERROR org.springframework.test.context.TestContextManager - Caught exception while allowing TestExecutionListener [org.springframework.boot.test.autoconfigure.SpringBootDependencyInjectionTestExecutionListener@35cabb2a] to prepare test instance [com.bank.account.service.OperationServiceIntegrationTest@689604d9]
java.lang.IllegalStateException: Failed to load ApplicationContext
	at org.springframework.test.context.cache.DefaultCacheAwareContextLoaderDelegate.loadContext(DefaultCacheAwareContextLoaderDelegate.java:124)
	at org.springframework.test.context.support.DefaultTestContext.getApplicationContext(DefaultTestContext.java:83)
	at org.springframework.test.context.support.DependencyInjectionTestExecutionListener.injectDependencies(DependencyInjectionTestExecutionListener.java:117)
	at org.springframework.test.context.support.DependencyInjectionTestExecutionListener.prepareTestInstance(DependencyInjectionTestExecutionListener.java:83)
	at org.springframework.boot.test.autoconfigure.SpringBootDependencyInjectionTestExecutionListener.prepareTestInstance(SpringBootDependencyInjectionTestExecutionListener.java:44)
	at org.springframework.test.context.TestContextManager.prepareTestInstance(TestContextManager.java:230)
	at org.springframework.test.context.junit4.SpringJUnit4ClassRunner.createTest(SpringJUnit4ClassRunner.java:228)
	at org.springframework.test.context.junit4.SpringJUnit4ClassRunner$1.runReflectiveCall(SpringJUnit4ClassRunner.java:287)
	at org.junit.internal.runners.model.ReflectiveCallable.run(ReflectiveCallable.java:12)
	at org.springframework.test.context.junit4.SpringJUnit4ClassRunner.methodBlock(SpringJUnit4ClassRunner.java:289)
	at org.springframework.test.context.junit4.SpringJUnit4ClassRunner.runChild(SpringJUnit4ClassRunner.java:247)
	at org.springframework.test.context.junit4.SpringJUnit4ClassRunner.runChild(SpringJUnit4ClassRunner.java:94)
	at org.junit.runners.ParentRunner$3.run(ParentRunner.java:290)
	at org.junit.runners.ParentRunner$1.schedule(ParentRunner.java:71)
	at org.junit.runners.ParentRunner.runChildren(ParentRunner.java:288)
	at org.junit.runners.ParentRunner.access$000(ParentRunner.java:58)
	at org.junit.runners.ParentRunner$2.evaluate(ParentRunner.java:268)
	at org.springframework.test.context.junit4.statements.RunBeforeTestClassCallbacks.evaluate(RunBeforeTestClassCallbacks.java:61)
	at org.springframework.test.context.junit4.statements.RunAfterTestClassCallbacks.evaluate(RunAfterTestClassCallbacks.java:70)
	at org.junit.runners.ParentRunner.run(ParentRunner.java:363)
	at org.springframework.test.context.junit4.SpringJUnit4ClassRunner.run(SpringJUnit4ClassRunner.java:191)
	at org.apache.maven.surefire.junit4.JUnit4Provider.execute(JUnit4Provider.java:283)
	at org.apache.maven.surefire.junit4.JUnit4Provider.executeWithRerun(JUnit4Provider.java:173)
	at org.apache.maven.surefire.junit4.JUnit4Provider.executeTestSet(JUnit4Provider.java:153)
	at org.apache.maven.surefire.junit4.JUnit4Provider.invoke(JUnit4Provider.java:128)
	at org.apache.maven.surefire.booter.ForkedBooter.invokeProviderInSameClassLoader(ForkedBooter.java:203)
	at org.apache.maven.surefire.booter.ForkedBooter.runSuitesInProcess(ForkedBooter.java:155)
	at org.apache.maven.surefire.booter.ForkedBooter.main(ForkedBooter.java:103)
Caused by: java.lang.IllegalStateException: Failed to add PropertySource to Environment
	at org.springframework.test.context.support.TestPropertySourceUtils.addPropertiesFilesToEnvironment(TestPropertySourceUtils.java:198)
	at org.springframework.boot.test.context.SpringBootContextLoader.loadContext(SpringBootContextLoader.java:100)
	at org.springframework.test.context.cache.DefaultCacheAwareContextLoaderDelegate.loadContextInternal(DefaultCacheAwareContextLoaderDelegate.java:98)
	at org.springframework.test.context.cache.DefaultCacheAwareContextLoaderDelegate.loadContext(DefaultCacheAwareContextLoaderDelegate.java:116)
	... 27 common frames omitted
Caused by: java.io.FileNotFoundException: class path resource [application.properties] cannot be opened because it does not exist
	at org.springframework.core.io.ClassPathResource.getInputStream(ClassPathResource.java:172)
	at org.springframework.core.io.support.EncodedResource.getInputStream(EncodedResource.java:154)
	at org.springframework.core.io.support.PropertiesLoaderUtils.fillProperties(PropertiesLoaderUtils.java:98)
	at org.springframework.core.io.support.PropertiesLoaderUtils.fillProperties(PropertiesLoaderUtils.java:72)
	at org.springframework.core.io.support.PropertiesLoaderUtils.loadProperties(PropertiesLoaderUtils.java:58)
	at org.springframework.core.io.support.ResourcePropertySource.<init>(ResourcePropertySource.java:84)
	at org.springframework.test.context.support.TestPropertySourceUtils.addPropertiesFilesToEnvironment(TestPropertySourceUtils.java:194)
	... 30 common frames omitted
]]></system-out>
  </testcase>
  <testcase name="testWithdrawalOperation" classname="com.bank.account.service.OperationServiceIntegrationTest" time="0.001">
    <error message="Failed to load ApplicationContext" type="java.lang.IllegalStateException"><![CDATA[java.lang.IllegalStateException: Failed to load ApplicationContext
	at org.springframework.test.context.cache.DefaultCacheAwareContextLoaderDelegate.loadContext(DefaultCacheAwareContextLoaderDelegate.java:124)
	at org.springframework.test.context.support.DefaultTestContext.getApplicationContext(DefaultTestContext.java:83)
	at org.springframework.test.context.support.DependencyInjectionTestExecutionListener.injectDependencies(DependencyInjectionTestExecutionListener.java:117)
	at org.springframework.test.context.support.DependencyInjectionTestExecutionListener.prepareTestInstance(DependencyInjectionTestExecutionListener.java:83)
	at org.springframework.boot.test.autoconfigure.SpringBootDependencyInjectionTestExecutionListener.prepareTestInstance(SpringBootDependencyInjectionTestExecutionListener.java:44)
	at org.springframework.test.context.TestContextManager.prepareTestInstance(TestContextManager.java:230)
	at org.springframework.test.context.junit4.SpringJUnit4ClassRunner.createTest(SpringJUnit4ClassRunner.java:228)
	at org.springframework.test.context.junit4.SpringJUnit4ClassRunner$1.runReflectiveCall(SpringJUnit4ClassRunner.java:287)
	at org.junit.internal.runners.model.ReflectiveCallable.run(ReflectiveCallable.java:12)
	at org.springframework.test.context.junit4.SpringJUnit4ClassRunner.methodBlock(SpringJUnit4ClassRunner.java:289)
	at org.springframework.test.context.junit4.SpringJUnit4ClassRunner.runChild(SpringJUnit4ClassRunner.java:247)
	at org.springframework.test.context.junit4.SpringJUnit4ClassRunner.runChild(SpringJUnit4ClassRunner.java:94)
	at org.junit.runners.ParentRunner$3.run(ParentRunner.java:290)
	at org.junit.runners.ParentRunner$1.schedule(ParentRunner.java:71)
	at org.junit.runners.ParentRunner.runChildren(ParentRunner.java:288)
	at org.junit.runners.ParentRunner.access$000(ParentRunner.java:58)
	at org.junit.runners.ParentRunner$2.evaluate(ParentRunner.java:268)
	at org.springframework.test.context.junit4.statements.RunBeforeTestClassCallbacks.evaluate(RunBeforeTestClassCallbacks.java:61)
	at org.springframework.test.context.junit4.statements.RunAfterTestClassCallbacks.evaluate(RunAfterTestClassCallbacks.java:70)
	at org.junit.runners.ParentRunner.run(ParentRunner.java:363)
	at org.springframework.test.context.junit4.SpringJUnit4ClassRunner.run(SpringJUnit4ClassRunner.java:191)
	at org.apache.maven.surefire.junit4.JUnit4Provider.execute(JUnit4Provider.java:283)
	at org.apache.maven.surefire.junit4.JUnit4Provider.executeWithRerun(JUnit4Provider.java:173)
	at org.apache.maven.surefire.junit4.JUnit4Provider.executeTestSet(JUnit4Provider.java:153)
	at org.apache.maven.surefire.junit4.JUnit4Provider.invoke(JUnit4Provider.java:128)
	at org.apache.maven.surefire.booter.ForkedBooter.invokeProviderInSameClassLoader(ForkedBooter.java:203)
	at org.apache.maven.surefire.booter.ForkedBooter.runSuitesInProcess(ForkedBooter.java:155)
	at org.apache.maven.surefire.booter.ForkedBooter.main(ForkedBooter.java:103)
Caused by: java.lang.IllegalStateException: Failed to add PropertySource to Environment
	at org.springframework.test.context.support.TestPropertySourceUtils.addPropertiesFilesToEnvironment(TestPropertySourceUtils.java:198)
	at org.springframework.boot.test.context.SpringBootContextLoader.loadContext(SpringBootContextLoader.java:100)
	at org.springframework.test.context.cache.DefaultCacheAwareContextLoaderDelegate.loadContextInternal(DefaultCacheAwareContextLoaderDelegate.java:98)
	at org.springframework.test.context.cache.DefaultCacheAwareContextLoaderDelegate.loadContext(DefaultCacheAwareContextLoaderDelegate.java:116)
	at org.springframework.test.context.support.DefaultTestContext.getApplicationContext(DefaultTestContext.java:83)
	at org.springframework.test.context.support.DependencyInjectionTestExecutionListener.injectDependencies(DependencyInjectionTestExecutionListener.java:117)
	at org.springframework.test.context.support.DependencyInjectionTestExecutionListener.prepareTestInstance(DependencyInjectionTestExecutionListener.java:83)
	at org.springframework.boot.test.autoconfigure.SpringBootDependencyInjectionTestExecutionListener.prepareTestInstance(SpringBootDependencyInjectionTestExecutionListener.java:44)
	at org.springframework.test.context.TestContextManager.prepareTestInstance(TestContextManager.java:230)
	at org.springframework.test.context.junit4.SpringJUnit4ClassRunner.createTest(SpringJUnit4ClassRunner.java:228)
	at org.springframework.test.context.junit4.SpringJUnit4ClassRunner$1.runReflectiveCall(SpringJUnit4ClassRunner.java:287)
	at org.junit.internal.runners.model.ReflectiveCallable.run(ReflectiveCallable.java:12)
	at org.springframework.test.context.junit4.SpringJUnit4ClassRunner.methodBlock(SpringJUnit4ClassRunner.java:289)
	at org.springframework.test.context.junit4.SpringJUnit4ClassRunner.runChild(SpringJUnit4ClassRunner.java:247)
	at org.springframework.test.context.junit4.SpringJUnit4ClassRunner.runChild(SpringJUnit4ClassRunner.java:94)
	at org.junit.runners.ParentRunner$3.run(ParentRunner.java:290)
	at org.junit.runners.ParentRunner$1.schedule(ParentRunner.java:71)
	at org.junit.runners.ParentRunner.runChildren(ParentRunner.java:288)
	at org.junit.runners.ParentRunner.access$000(ParentRunner.java:58)
	at org.junit.runners.ParentRunner$2.evaluate(ParentRunner.java:268)
	at org.springframework.test.context.junit4.statements.RunBeforeTestClassCallbacks.evaluate(RunBeforeTestClassCallbacks.java:61)
	at org.springframework.test.context.junit4.statements.RunAfterTestClassCallbacks.evaluate(RunAfterTestClassCallbacks.java:70)
	at org.junit.runners.ParentRunner.run(ParentRunner.java:363)
	at org.springframework.test.context.junit4.SpringJUnit4ClassRunner.run(SpringJUnit4ClassRunner.java:191)
	at org.apache.maven.surefire.junit4.JUnit4Provider.execute(JUnit4Provider.java:283)
	at org.apache.maven.surefire.junit4.JUnit4Provider.executeWithRerun(JUnit4Provider.java:173)
	at org.apache.maven.surefire.junit4.JUnit4Provider.executeTestSet(JUnit4Provider.java:153)
	at org.apache.maven.surefire.junit4.JUnit4Provider.invoke(JUnit4Provider.java:128)
	at org.apache.maven.surefire.booter.ForkedBooter.invokeProviderInSameClassLoader(ForkedBooter.java:203)
	at org.apache.maven.surefire.booter.ForkedBooter.runSuitesInProcess(ForkedBooter.java:155)
	at org.apache.maven.surefire.booter.ForkedBooter.main(ForkedBooter.java:103)
Caused by: java.io.FileNotFoundException: class path resource [application.properties] cannot be opened because it does not exist
	at org.springframework.core.io.ClassPathResource.getInputStream(ClassPathResource.java:172)
	at org.springframework.core.io.support.EncodedResource.getInputStream(EncodedResource.java:154)
	at org.springframework.core.io.support.PropertiesLoaderUtils.fillProperties(PropertiesLoaderUtils.java:98)
	at org.springframework.core.io.support.PropertiesLoaderUtils.fillProperties(PropertiesLoaderUtils.java:72)
	at org.springframework.core.io.support.PropertiesLoaderUtils.loadProperties(PropertiesLoaderUtils.java:58)
	at org.springframework.core.io.support.ResourcePropertySource.<init>(ResourcePropertySource.java:84)
	at org.springframework.test.context.support.TestPropertySourceUtils.addPropertiesFilesToEnvironment(TestPropertySourceUtils.java:194)
	at org.springframework.boot.test.context.SpringBootContextLoader.loadContext(SpringBootContextLoader.java:100)
	at org.springframework.test.context.cache.DefaultCacheAwareContextLoaderDelegate.loadContextInternal(DefaultCacheAwareContextLoaderDelegate.java:98)
	at org.springframework.test.context.cache.DefaultCacheAwareContextLoaderDelegate.loadContext(DefaultCacheAwareContextLoaderDelegate.java:116)
	at org.springframework.test.context.support.DefaultTestContext.getApplicationContext(DefaultTestContext.java:83)
	at org.springframework.test.context.support.DependencyInjectionTestExecutionListener.injectDependencies(DependencyInjectionTestExecutionListener.java:117)
	at org.springframework.test.context.support.DependencyInjectionTestExecutionListener.prepareTestInstance(DependencyInjectionTestExecutionListener.java:83)
	at org.springframework.boot.test.autoconfigure.SpringBootDependencyInjectionTestExecutionListener.prepareTestInstance(SpringBootDependencyInjectionTestExecutionListener.java:44)
	at org.springframework.test.context.TestContextManager.prepareTestInstance(TestContextManager.java:230)
	at org.springframework.test.context.junit4.SpringJUnit4ClassRunner.createTest(SpringJUnit4ClassRunner.java:228)
	at org.springframework.test.context.junit4.SpringJUnit4ClassRunner$1.runReflectiveCall(SpringJUnit4ClassRunner.java:287)
	at org.junit.internal.runners.model.ReflectiveCallable.run(ReflectiveCallable.java:12)
	at org.springframework.test.context.junit4.SpringJUnit4ClassRunner.methodBlock(SpringJUnit4ClassRunner.java:289)
	at org.springframework.test.context.junit4.SpringJUnit4ClassRunner.runChild(SpringJUnit4ClassRunner.java:247)
	at org.springframework.test.context.junit4.SpringJUnit4ClassRunner.runChild(SpringJUnit4ClassRunner.java:94)
	at org.junit.runners.ParentRunner$3.run(ParentRunner.java:290)
	at org.junit.runners.ParentRunner$1.schedule(ParentRunner.java:71)
	at org.junit.runners.ParentRunner.runChildren(ParentRunner.java:288)
	at org.junit.runners.ParentRunner.access$000(ParentRunner.java:58)
	at org.junit.runners.ParentRunner$2.evaluate(ParentRunner.java:268)
	at org.springframework.test.context.junit4.statements.RunBeforeTestClassCallbacks.evaluate(RunBeforeTestClassCallbacks.java:61)
	at org.springframework.test.context.junit4.statements.RunAfterTestClassCallbacks.evaluate(RunAfterTestClassCallbacks.java:70)
	at org.junit.runners.ParentRunner.run(ParentRunner.java:363)
	at org.springframework.test.context.junit4.SpringJUnit4ClassRunner.run(SpringJUnit4ClassRunner.java:191)
	at org.apache.maven.surefire.junit4.JUnit4Provider.execute(JUnit4Provider.java:283)
	at org.apache.maven.surefire.junit4.JUnit4Provider.executeWithRerun(JUnit4Provider.java:173)
	at org.apache.maven.surefire.junit4.JUnit4Provider.executeTestSet(JUnit4Provider.java:153)
	at org.apache.maven.surefire.junit4.JUnit4Provider.invoke(JUnit4Provider.java:128)
	at org.apache.maven.surefire.booter.ForkedBooter.invokeProviderInSameClassLoader(ForkedBooter.java:203)
	at org.apache.maven.surefire.booter.ForkedBooter.runSuitesInProcess(ForkedBooter.java:155)
	at org.apache.maven.surefire.booter.ForkedBooter.main(ForkedBooter.java:103)
]]></error>
    <system-out><![CDATA[23:51:20.843 [main] DEBUG org.springframework.test.annotation.ProfileValueUtils - Retrieved @ProfileValueSourceConfiguration [null] for test class [com.bank.account.service.OperationServiceIntegrationTest]
23:51:20.843 [main] DEBUG org.springframework.test.annotation.ProfileValueUtils - Retrieved ProfileValueSource type [class org.springframework.test.annotation.SystemProfileValueSource] for class [com.bank.account.service.OperationServiceIntegrationTest]
23:51:20.843 [main] DEBUG org.springframework.test.context.support.DependencyInjectionTestExecutionListener - Performing dependency injection for test context [[DefaultTestContext@4550bb58 testClass = OperationServiceIntegrationTest, testInstance = com.bank.account.service.OperationServiceIntegrationTest@4a668b6e, testMethod = [null], testException = [null], mergedContextConfiguration = [MergedContextConfiguration@4ec4f3a0 testClass = OperationServiceIntegrationTest, locations = '{}', classes = '{class com.bank.account.Application}', contextInitializerClasses = '[]', activeProfiles = '{}', propertySourceLocations = '{classpath:/application.properties}', propertySourceProperties = '{org.springframework.boot.test.context.SpringBootTestContextBootstrapper=true}', contextCustomizers = set[org.springframework.boot.test.context.SpringBootTestContextCustomizer@78c03f1f, org.springframework.boot.test.context.filter.ExcludeFilterContextCustomizer@5383967b, org.springframework.boot.test.json.DuplicateJsonObjectContextCustomizerFactory$DuplicateJsonObjectContextCustomizer@20398b7c, org.springframework.boot.test.mock.mockito.MockitoContextCustomizer@0, org.springframework.boot.test.autoconfigure.properties.PropertyMappingContextCustomizer@0, org.springframework.boot.test.autoconfigure.web.servlet.WebDriverContextCustomizerFactory$Customizer@887af79], contextLoader = 'org.springframework.boot.test.context.SpringBootContextLoader', parent = [null]]]].
23:51:20.846 [main] DEBUG org.springframework.core.env.StandardEnvironment - Adding PropertySource 'systemProperties' with lowest search precedence
23:51:20.846 [main] DEBUG org.springframework.core.env.StandardEnvironment - Adding PropertySource 'systemEnvironment' with lowest search precedence
23:51:20.846 [main] DEBUG org.springframework.core.env.StandardEnvironment - Initialized StandardEnvironment with PropertySources [MapPropertySource@717176949 {name='systemProperties', properties={idea.version=2022.2.2, java.runtime.name=OpenJDK Runtime Environment, sun.boot.library.path=/Users/chengong/Library/Java/JavaVirtualMachines/corretto-1.8.0_362/Contents/Home/jre/lib, java.vm.version=25.362-b08, gopherProxySet=false, java.vm.vendor=Amazon.com Inc., java.vendor.url=https://aws.amazon.com/corretto/, path.separator=:, java.vm.name=OpenJDK 64-Bit Server VM, file.encoding.pkg=sun.io, user.country=CN, sun.java.launcher=SUN_STANDARD, sun.os.patch.level=unknown, java.vm.specification.name=Java Virtual Machine Specification, user.dir=/Users/chengong/IdeaProjects/untitled2, java.runtime.version=1.8.0_362-b08, basedir=/Users/chengong/IdeaProjects/untitled2, java.awt.graphicsenv=sun.awt.CGraphicsEnvironment, java.endorsed.dirs=/Users/chengong/Library/Java/JavaVirtualMachines/corretto-1.8.0_362/Contents/Home/jre/lib/endorsed, os.arch=aarch64, surefire.real.class.path=/Users/chengong/IdeaProjects/untitled2/target/surefire/surefirebooter2002625863625031665.jar, java.io.tmpdir=/var/folders/xm/ps65dhqn7qb2l3cmz84y5bjw0000gn/T/, line.separator=
, java.vm.specification.vendor=Oracle Corporation, os.name=Mac OS X, sun.jnu.encoding=UTF-8, java.library.path=/Users/chengong/Library/Java/Extensions:/Library/Java/Extensions:/Network/Library/Java/Extensions:/System/Library/Java/Extensions:/usr/lib/java:., surefire.test.class.path=/Users/chengong/IdeaProjects/untitled2/target/test-classes:/Users/chengong/IdeaProjects/untitled2/target/classes:/Users/chengong/.m2/repository/org/springframework/boot/spring-boot-starter/1.5.7.RELEASE/spring-boot-starter-1.5.7.RELEASE.jar:/Users/chengong/.m2/repository/org/springframework/boot/spring-boot/1.5.7.RELEASE/spring-boot-1.5.7.RELEASE.jar:/Users/chengong/.m2/repository/org/springframework/spring-context/4.3.11.RELEASE/spring-context-4.3.11.RELEASE.jar:/Users/chengong/.m2/repository/org/springframework/spring-aop/4.3.11.RELEASE/spring-aop-4.3.11.RELEASE.jar:/Users/chengong/.m2/repository/org/springframework/boot/spring-boot-autoconfigure/1.5.7.RELEASE/spring-boot-autoconfigure-1.5.7.RELEASE.jar:/Users/chengong/.m2/repository/org/springframework/boot/spring-boot-starter-logging/1.5.7.RELEASE/spring-boot-starter-logging-1.5.7.RELEASE.jar:/Users/chengong/.m2/repository/ch/qos/logback/logback-classic/1.1.11/logback-classic-1.1.11.jar:/Users/chengong/.m2/repository/ch/qos/logback/logback-core/1.1.11/logback-core-1.1.11.jar:/Users/chengong/.m2/repository/org/slf4j/jcl-over-slf4j/1.7.25/jcl-over-slf4j-1.7.25.jar:/Users/chengong/.m2/repository/org/slf4j/jul-to-slf4j/1.7.25/jul-to-slf4j-1.7.25.jar:/Users/chengong/.m2/repository/org/slf4j/log4j-over-slf4j/1.7.25/log4j-over-slf4j-1.7.25.jar:/Users/chengong/.m2/repository/org/springframework/spring-core/4.3.11.RELEASE/spring-core-4.3.11.RELEASE.jar:/Users/chengong/.m2/repository/org/yaml/snakeyaml/1.17/snakeyaml-1.17.jar:/Users/chengong/.m2/repository/org/springframework/boot/spring-boot-starter-data-mongodb/1.5.7.RELEASE/spring-boot-starter-data-mongodb-1.5.7.RELEASE.jar:/Users/chengong/.m2/repository/org/mongodb/mongodb-driver/3.4.3/mongodb-driver-3.4.3.jar:/Users/chengong/.m2/repository/org/mongodb/mongodb-driver-core/3.4.3/mongodb-driver-core-3.4.3.jar:/Users/chengong/.m2/repository/org/mongodb/bson/3.4.3/bson-3.4.3.jar:/Users/chengong/.m2/repository/org/springframework/data/spring-data-mongodb/1.10.7.RELEASE/spring-data-mongodb-1.10.7.RELEASE.jar:/Users/chengong/.m2/repository/org/springframework/spring-tx/4.3.11.RELEASE/spring-tx-4.3.11.RELEASE.jar:/Users/chengong/.m2/repository/org/springframework/spring-beans/4.3.11.RELEASE/spring-beans-4.3.11.RELEASE.jar:/Users/chengong/.m2/repository/org/springframework/spring-expression/4.3.11.RELEASE/spring-expression-4.3.11.RELEASE.jar:/Users/chengong/.m2/repository/org/springframework/data/spring-data-commons/1.13.7.RELEASE/spring-data-commons-1.13.7.RELEASE.jar:/Users/chengong/.m2/repository/org/slf4j/slf4j-api/1.7.25/slf4j-api-1.7.25.jar:/Users/chengong/.m2/repository/javax/inject/javax.inject/1/javax.inject-1.jar:/Users/chengong/.m2/repository/javax/validation/validation-api/2.0.0.Final/validation-api-2.0.0.Final.jar:/Users/chengong/.m2/repository/javax/persistence/persistence-api/1.0.2/persistence-api-1.0.2.jar:/Users/chengong/.m2/repository/org/apache/commons/commons-lang3/3.6/commons-lang3-3.6.jar:/Users/chengong/.m2/repository/commons-collections/commons-collections/3.2.2/commons-collections-3.2.2.jar:/Users/chengong/.m2/repository/org/hibernate/validator/hibernate-validator/6.0.2.Final/hibernate-validator-6.0.2.Final.jar:/Users/chengong/.m2/repository/org/jboss/logging/jboss-logging/3.3.1.Final/jboss-logging-3.3.1.Final.jar:/Users/chengong/.m2/repository/com/fasterxml/classmate/1.3.4/classmate-1.3.4.jar:/Users/chengong/.m2/repository/org/projectlombok/lombok/1.16.16/lombok-1.16.16.jar:/Users/chengong/.m2/repository/org/glassfish/javax.el/3.0.0/javax.el-3.0.0.jar:/Users/chengong/.m2/repository/org/springframework/boot/spring-boot-starter-test/1.5.7.RELEASE/spring-boot-starter-test-1.5.7.RELEASE.jar:/Users/chengong/.m2/repository/org/springframework/boot/spring-boot-test/1.5.7.RELEASE/spring-boot-test-1.5.7.RELEASE.jar:/Users/chengong/.m2/repository/org/springframework/boot/spring-boot-test-autoconfigure/1.5.7.RELEASE/spring-boot-test-autoconfigure-1.5.7.RELEASE.jar:/Users/chengong/.m2/repository/com/jayway/jsonpath/json-path/2.2.0/json-path-2.2.0.jar:/Users/chengong/.m2/repository/net/minidev/json-smart/2.2.1/json-smart-2.2.1.jar:/Users/chengong/.m2/repository/net/minidev/accessors-smart/1.1/accessors-smart-1.1.jar:/Users/chengong/.m2/repository/org/ow2/asm/asm/5.0.3/asm-5.0.3.jar:/Users/chengong/.m2/repository/junit/junit/4.12/junit-4.12.jar:/Users/chengong/.m2/repository/org/hamcrest/hamcrest-core/1.3/hamcrest-core-1.3.jar:/Users/chengong/.m2/repository/org/hamcrest/hamcrest-library/1.3/hamcrest-library-1.3.jar:/Users/chengong/.m2/repository/org/skyscreamer/jsonassert/1.4.0/jsonassert-1.4.0.jar:/Users/chengong/.m2/repository/com/vaadin/external/google/android-json/0.0.20131108.vaadin1/android-json-0.0.20131108.vaadin1.jar:/Users/chengong/.m2/repository/org/springframework/spring-test/4.3.11.RELEASE/spring-test-4.3.11.RELEASE.jar:/Users/chengong/.m2/repository/org/assertj/assertj-core/3.8.0/assertj-core-3.8.0.jar:/Users/chengong/.m2/repository/org/mockito/mockito-core/2.10.0/mockito-core-2.10.0.jar:/Users/chengong/.m2/repository/net/bytebuddy/byte-buddy/1.7.4/byte-buddy-1.7.4.jar:/Users/chengong/.m2/repository/net/bytebuddy/byte-buddy-agent/1.7.4/byte-buddy-agent-1.7.4.jar:/Users/chengong/.m2/repository/org/objenesis/objenesis/2.6/objenesis-2.6.jar:, java.specification.name=Java Platform API Specification, java.class.version=52.0, sun.management.compiler=HotSpot 64-Bit Tiered Compilers, os.version=13.2.1, http.nonProxyHosts=local|*.local|169.254/16|*.169.254/16, user.home=/Users/chengong, user.timezone=Europe/Paris, java.awt.printerjob=sun.lwawt.macosx.CPrinterJob, file.encoding=UTF-8, java.specification.version=1.8, java.class.path=/Users/chengong/IdeaProjects/untitled2/target/test-classes:/Users/chengong/IdeaProjects/untitled2/target/classes:/Users/chengong/.m2/repository/org/springframework/boot/spring-boot-starter/1.5.7.RELEASE/spring-boot-starter-1.5.7.RELEASE.jar:/Users/chengong/.m2/repository/org/springframework/boot/spring-boot/1.5.7.RELEASE/spring-boot-1.5.7.RELEASE.jar:/Users/chengong/.m2/repository/org/springframework/spring-context/4.3.11.RELEASE/spring-context-4.3.11.RELEASE.jar:/Users/chengong/.m2/repository/org/springframework/spring-aop/4.3.11.RELEASE/spring-aop-4.3.11.RELEASE.jar:/Users/chengong/.m2/repository/org/springframework/boot/spring-boot-autoconfigure/1.5.7.RELEASE/spring-boot-autoconfigure-1.5.7.RELEASE.jar:/Users/chengong/.m2/repository/org/springframework/boot/spring-boot-starter-logging/1.5.7.RELEASE/spring-boot-starter-logging-1.5.7.RELEASE.jar:/Users/chengong/.m2/repository/ch/qos/logback/logback-classic/1.1.11/logback-classic-1.1.11.jar:/Users/chengong/.m2/repository/ch/qos/logback/logback-core/1.1.11/logback-core-1.1.11.jar:/Users/chengong/.m2/repository/org/slf4j/jcl-over-slf4j/1.7.25/jcl-over-slf4j-1.7.25.jar:/Users/chengong/.m2/repository/org/slf4j/jul-to-slf4j/1.7.25/jul-to-slf4j-1.7.25.jar:/Users/chengong/.m2/repository/org/slf4j/log4j-over-slf4j/1.7.25/log4j-over-slf4j-1.7.25.jar:/Users/chengong/.m2/repository/org/springframework/spring-core/4.3.11.RELEASE/spring-core-4.3.11.RELEASE.jar:/Users/chengong/.m2/repository/org/yaml/snakeyaml/1.17/snakeyaml-1.17.jar:/Users/chengong/.m2/repository/org/springframework/boot/spring-boot-starter-data-mongodb/1.5.7.RELEASE/spring-boot-starter-data-mongodb-1.5.7.RELEASE.jar:/Users/chengong/.m2/repository/org/mongodb/mongodb-driver/3.4.3/mongodb-driver-3.4.3.jar:/Users/chengong/.m2/repository/org/mongodb/mongodb-driver-core/3.4.3/mongodb-driver-core-3.4.3.jar:/Users/chengong/.m2/repository/org/mongodb/bson/3.4.3/bson-3.4.3.jar:/Users/chengong/.m2/repository/org/springframework/data/spring-data-mongodb/1.10.7.RELEASE/spring-data-mongodb-1.10.7.RELEASE.jar:/Users/chengong/.m2/repository/org/springframework/spring-tx/4.3.11.RELEASE/spring-tx-4.3.11.RELEASE.jar:/Users/chengong/.m2/repository/org/springframework/spring-beans/4.3.11.RELEASE/spring-beans-4.3.11.RELEASE.jar:/Users/chengong/.m2/repository/org/springframework/spring-expression/4.3.11.RELEASE/spring-expression-4.3.11.RELEASE.jar:/Users/chengong/.m2/repository/org/springframework/data/spring-data-commons/1.13.7.RELEASE/spring-data-commons-1.13.7.RELEASE.jar:/Users/chengong/.m2/repository/org/slf4j/slf4j-api/1.7.25/slf4j-api-1.7.25.jar:/Users/chengong/.m2/repository/javax/inject/javax.inject/1/javax.inject-1.jar:/Users/chengong/.m2/repository/javax/validation/validation-api/2.0.0.Final/validation-api-2.0.0.Final.jar:/Users/chengong/.m2/repository/javax/persistence/persistence-api/1.0.2/persistence-api-1.0.2.jar:/Users/chengong/.m2/repository/org/apache/commons/commons-lang3/3.6/commons-lang3-3.6.jar:/Users/chengong/.m2/repository/commons-collections/commons-collections/3.2.2/commons-collections-3.2.2.jar:/Users/chengong/.m2/repository/org/hibernate/validator/hibernate-validator/6.0.2.Final/hibernate-validator-6.0.2.Final.jar:/Users/chengong/.m2/repository/org/jboss/logging/jboss-logging/3.3.1.Final/jboss-logging-3.3.1.Final.jar:/Users/chengong/.m2/repository/com/fasterxml/classmate/1.3.4/classmate-1.3.4.jar:/Users/chengong/.m2/repository/org/projectlombok/lombok/1.16.16/lombok-1.16.16.jar:/Users/chengong/.m2/repository/org/glassfish/javax.el/3.0.0/javax.el-3.0.0.jar:/Users/chengong/.m2/repository/org/springframework/boot/spring-boot-starter-test/1.5.7.RELEASE/spring-boot-starter-test-1.5.7.RELEASE.jar:/Users/chengong/.m2/repository/org/springframework/boot/spring-boot-test/1.5.7.RELEASE/spring-boot-test-1.5.7.RELEASE.jar:/Users/chengong/.m2/repository/org/springframework/boot/spring-boot-test-autoconfigure/1.5.7.RELEASE/spring-boot-test-autoconfigure-1.5.7.RELEASE.jar:/Users/chengong/.m2/repository/com/jayway/jsonpath/json-path/2.2.0/json-path-2.2.0.jar:/Users/chengong/.m2/repository/net/minidev/json-smart/2.2.1/json-smart-2.2.1.jar:/Users/chengong/.m2/repository/net/minidev/accessors-smart/1.1/accessors-smart-1.1.jar:/Users/chengong/.m2/repository/org/ow2/asm/asm/5.0.3/asm-5.0.3.jar:/Users/chengong/.m2/repository/junit/junit/4.12/junit-4.12.jar:/Users/chengong/.m2/repository/org/hamcrest/hamcrest-core/1.3/hamcrest-core-1.3.jar:/Users/chengong/.m2/repository/org/hamcrest/hamcrest-library/1.3/hamcrest-library-1.3.jar:/Users/chengong/.m2/repository/org/skyscreamer/jsonassert/1.4.0/jsonassert-1.4.0.jar:/Users/chengong/.m2/repository/com/vaadin/external/google/android-json/0.0.20131108.vaadin1/android-json-0.0.20131108.vaadin1.jar:/Users/chengong/.m2/repository/org/springframework/spring-test/4.3.11.RELEASE/spring-test-4.3.11.RELEASE.jar:/Users/chengong/.m2/repository/org/assertj/assertj-core/3.8.0/assertj-core-3.8.0.jar:/Users/chengong/.m2/repository/org/mockito/mockito-core/2.10.0/mockito-core-2.10.0.jar:/Users/chengong/.m2/repository/net/bytebuddy/byte-buddy/1.7.4/byte-buddy-1.7.4.jar:/Users/chengong/.m2/repository/net/bytebuddy/byte-buddy-agent/1.7.4/byte-buddy-agent-1.7.4.jar:/Users/chengong/.m2/repository/org/objenesis/objenesis/2.6/objenesis-2.6.jar:, user.name=chengong, java.vm.specification.version=1.8, sun.java.command=/Users/chengong/IdeaProjects/untitled2/target/surefire/surefirebooter2002625863625031665.jar /Users/chengong/IdeaProjects/untitled2/target/surefire/surefire1676131753318224588tmp /Users/chengong/IdeaProjects/untitled2/target/surefire/surefire_06523962741063772783tmp, java.home=/Users/chengong/Library/Java/JavaVirtualMachines/corretto-1.8.0_362/Contents/Home/jre, sun.arch.data.model=64, user.language=zh, java.specification.vendor=Oracle Corporation, awt.toolkit=sun.lwawt.macosx.LWCToolkit, java.vm.info=mixed mode, java.version=1.8.0_362, java.ext.dirs=/Users/chengong/Library/Java/Extensions:/Users/chengong/Library/Java/JavaVirtualMachines/corretto-1.8.0_362/Contents/Home/jre/lib/ext:/Library/Java/Extensions:/Network/Library/Java/Extensions:/System/Library/Java/Extensions:/usr/lib/java, sun.boot.class.path=/Users/chengong/Library/Java/JavaVirtualMachines/corretto-1.8.0_362/Contents/Home/jre/lib/resources.jar:/Users/chengong/Library/Java/JavaVirtualMachines/corretto-1.8.0_362/Contents/Home/jre/lib/rt.jar:/Users/chengong/Library/Java/JavaVirtualMachines/corretto-1.8.0_362/Contents/Home/jre/lib/sunrsasign.jar:/Users/chengong/Library/Java/JavaVirtualMachines/corretto-1.8.0_362/Contents/Home/jre/lib/jsse.jar:/Users/chengong/Library/Java/JavaVirtualMachines/corretto-1.8.0_362/Contents/Home/jre/lib/jce.jar:/Users/chengong/Library/Java/JavaVirtualMachines/corretto-1.8.0_362/Contents/Home/jre/lib/charsets.jar:/Users/chengong/Library/Java/JavaVirtualMachines/corretto-1.8.0_362/Contents/Home/jre/lib/jfr.jar:/Users/chengong/Library/Java/JavaVirtualMachines/corretto-1.8.0_362/Contents/Home/jre/classes, java.vendor=Amazon.com Inc., java.specification.maintenance.version=4, localRepository=/Users/chengong/.m2/repository, file.separator=/, java.vendor.url.bug=https://github.com/corretto/corretto-8/issues/, sun.io.unicode.encoding=UnicodeBig, sun.cpu.endian=little, socksNonProxyHosts=local|*.local|169.254/16|*.169.254/16, ftp.nonProxyHosts=local|*.local|169.254/16|*.169.254/16, sun.cpu.isalist=}}, SystemEnvironmentPropertySource@1997353766 {name='systemEnvironment', properties={__CFBundleIdentifier=com.jetbrains.intellij.ie, PATH=/usr/local/bin:/System/Cryptexes/App/usr/bin:/usr/bin:/bin:/usr/sbin:/sbin:/Library/Apple/usr/bin, SHELL=/bin/zsh, JAVA_HOME=/Library/Java/JavaVirtualMachines/jdk-19.jdk/Contents/Home, OLDPWD=/Users/chengong/IdeaProjects/untitled2, USER=chengong, COMMAND_MODE=unix2003, TMPDIR=/var/folders/xm/ps65dhqn7qb2l3cmz84y5bjw0000gn/T/, JAVA_MAIN_CLASS_1735=org.apache.maven.surefire.booter.ForkedBooter, SSH_AUTH_SOCK=/private/tmp/com.apple.launchd.nwnfRSPvas/Listeners, XPC_FLAGS=0x0, __CF_USER_TEXT_ENCODING=0x1F5:0x19:0x34, LOGNAME=chengong, LC_CTYPE=en_US.UTF-8, XPC_SERVICE_NAME=0, PWD=/Users/chengong/IdeaProjects/untitled2, HOME=/Users/chengong, SHLVL=1, _=/Users/chengong/Library/Java/JavaVirtualMachines/corretto-1.8.0_362/Contents/Home/jre/bin/java, JAVA_MAIN_CLASS_1733=org.codehaus.classworlds.Launcher}}]
23:51:20.848 [main] DEBUG org.springframework.core.env.StandardEnvironment - Adding PropertySource 'systemProperties' with lowest search precedence
23:51:20.848 [main] DEBUG org.springframework.core.env.StandardEnvironment - Adding PropertySource 'systemEnvironment' with lowest search precedence
23:51:20.849 [main] DEBUG org.springframework.core.env.StandardEnvironment - Initialized StandardEnvironment with PropertySources [MapPropertySource@1105322512 {name='systemProperties', properties={idea.version=2022.2.2, java.runtime.name=OpenJDK Runtime Environment, sun.boot.library.path=/Users/chengong/Library/Java/JavaVirtualMachines/corretto-1.8.0_362/Contents/Home/jre/lib, java.vm.version=25.362-b08, gopherProxySet=false, java.vm.vendor=Amazon.com Inc., java.vendor.url=https://aws.amazon.com/corretto/, path.separator=:, java.vm.name=OpenJDK 64-Bit Server VM, file.encoding.pkg=sun.io, user.country=CN, sun.java.launcher=SUN_STANDARD, sun.os.patch.level=unknown, java.vm.specification.name=Java Virtual Machine Specification, user.dir=/Users/chengong/IdeaProjects/untitled2, java.runtime.version=1.8.0_362-b08, basedir=/Users/chengong/IdeaProjects/untitled2, java.awt.graphicsenv=sun.awt.CGraphicsEnvironment, java.endorsed.dirs=/Users/chengong/Library/Java/JavaVirtualMachines/corretto-1.8.0_362/Contents/Home/jre/lib/endorsed, os.arch=aarch64, surefire.real.class.path=/Users/chengong/IdeaProjects/untitled2/target/surefire/surefirebooter2002625863625031665.jar, java.io.tmpdir=/var/folders/xm/ps65dhqn7qb2l3cmz84y5bjw0000gn/T/, line.separator=
, java.vm.specification.vendor=Oracle Corporation, os.name=Mac OS X, sun.jnu.encoding=UTF-8, java.library.path=/Users/chengong/Library/Java/Extensions:/Library/Java/Extensions:/Network/Library/Java/Extensions:/System/Library/Java/Extensions:/usr/lib/java:., surefire.test.class.path=/Users/chengong/IdeaProjects/untitled2/target/test-classes:/Users/chengong/IdeaProjects/untitled2/target/classes:/Users/chengong/.m2/repository/org/springframework/boot/spring-boot-starter/1.5.7.RELEASE/spring-boot-starter-1.5.7.RELEASE.jar:/Users/chengong/.m2/repository/org/springframework/boot/spring-boot/1.5.7.RELEASE/spring-boot-1.5.7.RELEASE.jar:/Users/chengong/.m2/repository/org/springframework/spring-context/4.3.11.RELEASE/spring-context-4.3.11.RELEASE.jar:/Users/chengong/.m2/repository/org/springframework/spring-aop/4.3.11.RELEASE/spring-aop-4.3.11.RELEASE.jar:/Users/chengong/.m2/repository/org/springframework/boot/spring-boot-autoconfigure/1.5.7.RELEASE/spring-boot-autoconfigure-1.5.7.RELEASE.jar:/Users/chengong/.m2/repository/org/springframework/boot/spring-boot-starter-logging/1.5.7.RELEASE/spring-boot-starter-logging-1.5.7.RELEASE.jar:/Users/chengong/.m2/repository/ch/qos/logback/logback-classic/1.1.11/logback-classic-1.1.11.jar:/Users/chengong/.m2/repository/ch/qos/logback/logback-core/1.1.11/logback-core-1.1.11.jar:/Users/chengong/.m2/repository/org/slf4j/jcl-over-slf4j/1.7.25/jcl-over-slf4j-1.7.25.jar:/Users/chengong/.m2/repository/org/slf4j/jul-to-slf4j/1.7.25/jul-to-slf4j-1.7.25.jar:/Users/chengong/.m2/repository/org/slf4j/log4j-over-slf4j/1.7.25/log4j-over-slf4j-1.7.25.jar:/Users/chengong/.m2/repository/org/springframework/spring-core/4.3.11.RELEASE/spring-core-4.3.11.RELEASE.jar:/Users/chengong/.m2/repository/org/yaml/snakeyaml/1.17/snakeyaml-1.17.jar:/Users/chengong/.m2/repository/org/springframework/boot/spring-boot-starter-data-mongodb/1.5.7.RELEASE/spring-boot-starter-data-mongodb-1.5.7.RELEASE.jar:/Users/chengong/.m2/repository/org/mongodb/mongodb-driver/3.4.3/mongodb-driver-3.4.3.jar:/Users/chengong/.m2/repository/org/mongodb/mongodb-driver-core/3.4.3/mongodb-driver-core-3.4.3.jar:/Users/chengong/.m2/repository/org/mongodb/bson/3.4.3/bson-3.4.3.jar:/Users/chengong/.m2/repository/org/springframework/data/spring-data-mongodb/1.10.7.RELEASE/spring-data-mongodb-1.10.7.RELEASE.jar:/Users/chengong/.m2/repository/org/springframework/spring-tx/4.3.11.RELEASE/spring-tx-4.3.11.RELEASE.jar:/Users/chengong/.m2/repository/org/springframework/spring-beans/4.3.11.RELEASE/spring-beans-4.3.11.RELEASE.jar:/Users/chengong/.m2/repository/org/springframework/spring-expression/4.3.11.RELEASE/spring-expression-4.3.11.RELEASE.jar:/Users/chengong/.m2/repository/org/springframework/data/spring-data-commons/1.13.7.RELEASE/spring-data-commons-1.13.7.RELEASE.jar:/Users/chengong/.m2/repository/org/slf4j/slf4j-api/1.7.25/slf4j-api-1.7.25.jar:/Users/chengong/.m2/repository/javax/inject/javax.inject/1/javax.inject-1.jar:/Users/chengong/.m2/repository/javax/validation/validation-api/2.0.0.Final/validation-api-2.0.0.Final.jar:/Users/chengong/.m2/repository/javax/persistence/persistence-api/1.0.2/persistence-api-1.0.2.jar:/Users/chengong/.m2/repository/org/apache/commons/commons-lang3/3.6/commons-lang3-3.6.jar:/Users/chengong/.m2/repository/commons-collections/commons-collections/3.2.2/commons-collections-3.2.2.jar:/Users/chengong/.m2/repository/org/hibernate/validator/hibernate-validator/6.0.2.Final/hibernate-validator-6.0.2.Final.jar:/Users/chengong/.m2/repository/org/jboss/logging/jboss-logging/3.3.1.Final/jboss-logging-3.3.1.Final.jar:/Users/chengong/.m2/repository/com/fasterxml/classmate/1.3.4/classmate-1.3.4.jar:/Users/chengong/.m2/repository/org/projectlombok/lombok/1.16.16/lombok-1.16.16.jar:/Users/chengong/.m2/repository/org/glassfish/javax.el/3.0.0/javax.el-3.0.0.jar:/Users/chengong/.m2/repository/org/springframework/boot/spring-boot-starter-test/1.5.7.RELEASE/spring-boot-starter-test-1.5.7.RELEASE.jar:/Users/chengong/.m2/repository/org/springframework/boot/spring-boot-test/1.5.7.RELEASE/spring-boot-test-1.5.7.RELEASE.jar:/Users/chengong/.m2/repository/org/springframework/boot/spring-boot-test-autoconfigure/1.5.7.RELEASE/spring-boot-test-autoconfigure-1.5.7.RELEASE.jar:/Users/chengong/.m2/repository/com/jayway/jsonpath/json-path/2.2.0/json-path-2.2.0.jar:/Users/chengong/.m2/repository/net/minidev/json-smart/2.2.1/json-smart-2.2.1.jar:/Users/chengong/.m2/repository/net/minidev/accessors-smart/1.1/accessors-smart-1.1.jar:/Users/chengong/.m2/repository/org/ow2/asm/asm/5.0.3/asm-5.0.3.jar:/Users/chengong/.m2/repository/junit/junit/4.12/junit-4.12.jar:/Users/chengong/.m2/repository/org/hamcrest/hamcrest-core/1.3/hamcrest-core-1.3.jar:/Users/chengong/.m2/repository/org/hamcrest/hamcrest-library/1.3/hamcrest-library-1.3.jar:/Users/chengong/.m2/repository/org/skyscreamer/jsonassert/1.4.0/jsonassert-1.4.0.jar:/Users/chengong/.m2/repository/com/vaadin/external/google/android-json/0.0.20131108.vaadin1/android-json-0.0.20131108.vaadin1.jar:/Users/chengong/.m2/repository/org/springframework/spring-test/4.3.11.RELEASE/spring-test-4.3.11.RELEASE.jar:/Users/chengong/.m2/repository/org/assertj/assertj-core/3.8.0/assertj-core-3.8.0.jar:/Users/chengong/.m2/repository/org/mockito/mockito-core/2.10.0/mockito-core-2.10.0.jar:/Users/chengong/.m2/repository/net/bytebuddy/byte-buddy/1.7.4/byte-buddy-1.7.4.jar:/Users/chengong/.m2/repository/net/bytebuddy/byte-buddy-agent/1.7.4/byte-buddy-agent-1.7.4.jar:/Users/chengong/.m2/repository/org/objenesis/objenesis/2.6/objenesis-2.6.jar:, java.specification.name=Java Platform API Specification, java.class.version=52.0, sun.management.compiler=HotSpot 64-Bit Tiered Compilers, os.version=13.2.1, http.nonProxyHosts=local|*.local|169.254/16|*.169.254/16, user.home=/Users/chengong, user.timezone=Europe/Paris, java.awt.printerjob=sun.lwawt.macosx.CPrinterJob, file.encoding=UTF-8, java.specification.version=1.8, java.class.path=/Users/chengong/IdeaProjects/untitled2/target/test-classes:/Users/chengong/IdeaProjects/untitled2/target/classes:/Users/chengong/.m2/repository/org/springframework/boot/spring-boot-starter/1.5.7.RELEASE/spring-boot-starter-1.5.7.RELEASE.jar:/Users/chengong/.m2/repository/org/springframework/boot/spring-boot/1.5.7.RELEASE/spring-boot-1.5.7.RELEASE.jar:/Users/chengong/.m2/repository/org/springframework/spring-context/4.3.11.RELEASE/spring-context-4.3.11.RELEASE.jar:/Users/chengong/.m2/repository/org/springframework/spring-aop/4.3.11.RELEASE/spring-aop-4.3.11.RELEASE.jar:/Users/chengong/.m2/repository/org/springframework/boot/spring-boot-autoconfigure/1.5.7.RELEASE/spring-boot-autoconfigure-1.5.7.RELEASE.jar:/Users/chengong/.m2/repository/org/springframework/boot/spring-boot-starter-logging/1.5.7.RELEASE/spring-boot-starter-logging-1.5.7.RELEASE.jar:/Users/chengong/.m2/repository/ch/qos/logback/logback-classic/1.1.11/logback-classic-1.1.11.jar:/Users/chengong/.m2/repository/ch/qos/logback/logback-core/1.1.11/logback-core-1.1.11.jar:/Users/chengong/.m2/repository/org/slf4j/jcl-over-slf4j/1.7.25/jcl-over-slf4j-1.7.25.jar:/Users/chengong/.m2/repository/org/slf4j/jul-to-slf4j/1.7.25/jul-to-slf4j-1.7.25.jar:/Users/chengong/.m2/repository/org/slf4j/log4j-over-slf4j/1.7.25/log4j-over-slf4j-1.7.25.jar:/Users/chengong/.m2/repository/org/springframework/spring-core/4.3.11.RELEASE/spring-core-4.3.11.RELEASE.jar:/Users/chengong/.m2/repository/org/yaml/snakeyaml/1.17/snakeyaml-1.17.jar:/Users/chengong/.m2/repository/org/springframework/boot/spring-boot-starter-data-mongodb/1.5.7.RELEASE/spring-boot-starter-data-mongodb-1.5.7.RELEASE.jar:/Users/chengong/.m2/repository/org/mongodb/mongodb-driver/3.4.3/mongodb-driver-3.4.3.jar:/Users/chengong/.m2/repository/org/mongodb/mongodb-driver-core/3.4.3/mongodb-driver-core-3.4.3.jar:/Users/chengong/.m2/repository/org/mongodb/bson/3.4.3/bson-3.4.3.jar:/Users/chengong/.m2/repository/org/springframework/data/spring-data-mongodb/1.10.7.RELEASE/spring-data-mongodb-1.10.7.RELEASE.jar:/Users/chengong/.m2/repository/org/springframework/spring-tx/4.3.11.RELEASE/spring-tx-4.3.11.RELEASE.jar:/Users/chengong/.m2/repository/org/springframework/spring-beans/4.3.11.RELEASE/spring-beans-4.3.11.RELEASE.jar:/Users/chengong/.m2/repository/org/springframework/spring-expression/4.3.11.RELEASE/spring-expression-4.3.11.RELEASE.jar:/Users/chengong/.m2/repository/org/springframework/data/spring-data-commons/1.13.7.RELEASE/spring-data-commons-1.13.7.RELEASE.jar:/Users/chengong/.m2/repository/org/slf4j/slf4j-api/1.7.25/slf4j-api-1.7.25.jar:/Users/chengong/.m2/repository/javax/inject/javax.inject/1/javax.inject-1.jar:/Users/chengong/.m2/repository/javax/validation/validation-api/2.0.0.Final/validation-api-2.0.0.Final.jar:/Users/chengong/.m2/repository/javax/persistence/persistence-api/1.0.2/persistence-api-1.0.2.jar:/Users/chengong/.m2/repository/org/apache/commons/commons-lang3/3.6/commons-lang3-3.6.jar:/Users/chengong/.m2/repository/commons-collections/commons-collections/3.2.2/commons-collections-3.2.2.jar:/Users/chengong/.m2/repository/org/hibernate/validator/hibernate-validator/6.0.2.Final/hibernate-validator-6.0.2.Final.jar:/Users/chengong/.m2/repository/org/jboss/logging/jboss-logging/3.3.1.Final/jboss-logging-3.3.1.Final.jar:/Users/chengong/.m2/repository/com/fasterxml/classmate/1.3.4/classmate-1.3.4.jar:/Users/chengong/.m2/repository/org/projectlombok/lombok/1.16.16/lombok-1.16.16.jar:/Users/chengong/.m2/repository/org/glassfish/javax.el/3.0.0/javax.el-3.0.0.jar:/Users/chengong/.m2/repository/org/springframework/boot/spring-boot-starter-test/1.5.7.RELEASE/spring-boot-starter-test-1.5.7.RELEASE.jar:/Users/chengong/.m2/repository/org/springframework/boot/spring-boot-test/1.5.7.RELEASE/spring-boot-test-1.5.7.RELEASE.jar:/Users/chengong/.m2/repository/org/springframework/boot/spring-boot-test-autoconfigure/1.5.7.RELEASE/spring-boot-test-autoconfigure-1.5.7.RELEASE.jar:/Users/chengong/.m2/repository/com/jayway/jsonpath/json-path/2.2.0/json-path-2.2.0.jar:/Users/chengong/.m2/repository/net/minidev/json-smart/2.2.1/json-smart-2.2.1.jar:/Users/chengong/.m2/repository/net/minidev/accessors-smart/1.1/accessors-smart-1.1.jar:/Users/chengong/.m2/repository/org/ow2/asm/asm/5.0.3/asm-5.0.3.jar:/Users/chengong/.m2/repository/junit/junit/4.12/junit-4.12.jar:/Users/chengong/.m2/repository/org/hamcrest/hamcrest-core/1.3/hamcrest-core-1.3.jar:/Users/chengong/.m2/repository/org/hamcrest/hamcrest-library/1.3/hamcrest-library-1.3.jar:/Users/chengong/.m2/repository/org/skyscreamer/jsonassert/1.4.0/jsonassert-1.4.0.jar:/Users/chengong/.m2/repository/com/vaadin/external/google/android-json/0.0.20131108.vaadin1/android-json-0.0.20131108.vaadin1.jar:/Users/chengong/.m2/repository/org/springframework/spring-test/4.3.11.RELEASE/spring-test-4.3.11.RELEASE.jar:/Users/chengong/.m2/repository/org/assertj/assertj-core/3.8.0/assertj-core-3.8.0.jar:/Users/chengong/.m2/repository/org/mockito/mockito-core/2.10.0/mockito-core-2.10.0.jar:/Users/chengong/.m2/repository/net/bytebuddy/byte-buddy/1.7.4/byte-buddy-1.7.4.jar:/Users/chengong/.m2/repository/net/bytebuddy/byte-buddy-agent/1.7.4/byte-buddy-agent-1.7.4.jar:/Users/chengong/.m2/repository/org/objenesis/objenesis/2.6/objenesis-2.6.jar:, user.name=chengong, java.vm.specification.version=1.8, sun.java.command=/Users/chengong/IdeaProjects/untitled2/target/surefire/surefirebooter2002625863625031665.jar /Users/chengong/IdeaProjects/untitled2/target/surefire/surefire1676131753318224588tmp /Users/chengong/IdeaProjects/untitled2/target/surefire/surefire_06523962741063772783tmp, java.home=/Users/chengong/Library/Java/JavaVirtualMachines/corretto-1.8.0_362/Contents/Home/jre, sun.arch.data.model=64, user.language=zh, java.specification.vendor=Oracle Corporation, awt.toolkit=sun.lwawt.macosx.LWCToolkit, java.vm.info=mixed mode, java.version=1.8.0_362, java.ext.dirs=/Users/chengong/Library/Java/Extensions:/Users/chengong/Library/Java/JavaVirtualMachines/corretto-1.8.0_362/Contents/Home/jre/lib/ext:/Library/Java/Extensions:/Network/Library/Java/Extensions:/System/Library/Java/Extensions:/usr/lib/java, sun.boot.class.path=/Users/chengong/Library/Java/JavaVirtualMachines/corretto-1.8.0_362/Contents/Home/jre/lib/resources.jar:/Users/chengong/Library/Java/JavaVirtualMachines/corretto-1.8.0_362/Contents/Home/jre/lib/rt.jar:/Users/chengong/Library/Java/JavaVirtualMachines/corretto-1.8.0_362/Contents/Home/jre/lib/sunrsasign.jar:/Users/chengong/Library/Java/JavaVirtualMachines/corretto-1.8.0_362/Contents/Home/jre/lib/jsse.jar:/Users/chengong/Library/Java/JavaVirtualMachines/corretto-1.8.0_362/Contents/Home/jre/lib/jce.jar:/Users/chengong/Library/Java/JavaVirtualMachines/corretto-1.8.0_362/Contents/Home/jre/lib/charsets.jar:/Users/chengong/Library/Java/JavaVirtualMachines/corretto-1.8.0_362/Contents/Home/jre/lib/jfr.jar:/Users/chengong/Library/Java/JavaVirtualMachines/corretto-1.8.0_362/Contents/Home/jre/classes, java.vendor=Amazon.com Inc., java.specification.maintenance.version=4, localRepository=/Users/chengong/.m2/repository, file.separator=/, java.vendor.url.bug=https://github.com/corretto/corretto-8/issues/, sun.io.unicode.encoding=UnicodeBig, sun.cpu.endian=little, socksNonProxyHosts=local|*.local|169.254/16|*.169.254/16, ftp.nonProxyHosts=local|*.local|169.254/16|*.169.254/16, sun.cpu.isalist=}}, SystemEnvironmentPropertySource@199449817 {name='systemEnvironment', properties={__CFBundleIdentifier=com.jetbrains.intellij.ie, PATH=/usr/local/bin:/System/Cryptexes/App/usr/bin:/usr/bin:/bin:/usr/sbin:/sbin:/Library/Apple/usr/bin, SHELL=/bin/zsh, JAVA_HOME=/Library/Java/JavaVirtualMachines/jdk-19.jdk/Contents/Home, OLDPWD=/Users/chengong/IdeaProjects/untitled2, USER=chengong, COMMAND_MODE=unix2003, TMPDIR=/var/folders/xm/ps65dhqn7qb2l3cmz84y5bjw0000gn/T/, JAVA_MAIN_CLASS_1735=org.apache.maven.surefire.booter.ForkedBooter, SSH_AUTH_SOCK=/private/tmp/com.apple.launchd.nwnfRSPvas/Listeners, XPC_FLAGS=0x0, __CF_USER_TEXT_ENCODING=0x1F5:0x19:0x34, LOGNAME=chengong, LC_CTYPE=en_US.UTF-8, XPC_SERVICE_NAME=0, PWD=/Users/chengong/IdeaProjects/untitled2, HOME=/Users/chengong, SHLVL=1, _=/Users/chengong/Library/Java/JavaVirtualMachines/corretto-1.8.0_362/Contents/Home/jre/bin/java, JAVA_MAIN_CLASS_1733=org.codehaus.classworlds.Launcher}}]
23:51:20.849 [main] ERROR org.springframework.test.context.TestContextManager - Caught exception while allowing TestExecutionListener [org.springframework.boot.test.autoconfigure.SpringBootDependencyInjectionTestExecutionListener@35cabb2a] to prepare test instance [com.bank.account.service.OperationServiceIntegrationTest@4a668b6e]
java.lang.IllegalStateException: Failed to load ApplicationContext
	at org.springframework.test.context.cache.DefaultCacheAwareContextLoaderDelegate.loadContext(DefaultCacheAwareContextLoaderDelegate.java:124)
	at org.springframework.test.context.support.DefaultTestContext.getApplicationContext(DefaultTestContext.java:83)
	at org.springframework.test.context.support.DependencyInjectionTestExecutionListener.injectDependencies(DependencyInjectionTestExecutionListener.java:117)
	at org.springframework.test.context.support.DependencyInjectionTestExecutionListener.prepareTestInstance(DependencyInjectionTestExecutionListener.java:83)
	at org.springframework.boot.test.autoconfigure.SpringBootDependencyInjectionTestExecutionListener.prepareTestInstance(SpringBootDependencyInjectionTestExecutionListener.java:44)
	at org.springframework.test.context.TestContextManager.prepareTestInstance(TestContextManager.java:230)
	at org.springframework.test.context.junit4.SpringJUnit4ClassRunner.createTest(SpringJUnit4ClassRunner.java:228)
	at org.springframework.test.context.junit4.SpringJUnit4ClassRunner$1.runReflectiveCall(SpringJUnit4ClassRunner.java:287)
	at org.junit.internal.runners.model.ReflectiveCallable.run(ReflectiveCallable.java:12)
	at org.springframework.test.context.junit4.SpringJUnit4ClassRunner.methodBlock(SpringJUnit4ClassRunner.java:289)
	at org.springframework.test.context.junit4.SpringJUnit4ClassRunner.runChild(SpringJUnit4ClassRunner.java:247)
	at org.springframework.test.context.junit4.SpringJUnit4ClassRunner.runChild(SpringJUnit4ClassRunner.java:94)
	at org.junit.runners.ParentRunner$3.run(ParentRunner.java:290)
	at org.junit.runners.ParentRunner$1.schedule(ParentRunner.java:71)
	at org.junit.runners.ParentRunner.runChildren(ParentRunner.java:288)
	at org.junit.runners.ParentRunner.access$000(ParentRunner.java:58)
	at org.junit.runners.ParentRunner$2.evaluate(ParentRunner.java:268)
	at org.springframework.test.context.junit4.statements.RunBeforeTestClassCallbacks.evaluate(RunBeforeTestClassCallbacks.java:61)
	at org.springframework.test.context.junit4.statements.RunAfterTestClassCallbacks.evaluate(RunAfterTestClassCallbacks.java:70)
	at org.junit.runners.ParentRunner.run(ParentRunner.java:363)
	at org.springframework.test.context.junit4.SpringJUnit4ClassRunner.run(SpringJUnit4ClassRunner.java:191)
	at org.apache.maven.surefire.junit4.JUnit4Provider.execute(JUnit4Provider.java:283)
	at org.apache.maven.surefire.junit4.JUnit4Provider.executeWithRerun(JUnit4Provider.java:173)
	at org.apache.maven.surefire.junit4.JUnit4Provider.executeTestSet(JUnit4Provider.java:153)
	at org.apache.maven.surefire.junit4.JUnit4Provider.invoke(JUnit4Provider.java:128)
	at org.apache.maven.surefire.booter.ForkedBooter.invokeProviderInSameClassLoader(ForkedBooter.java:203)
	at org.apache.maven.surefire.booter.ForkedBooter.runSuitesInProcess(ForkedBooter.java:155)
	at org.apache.maven.surefire.booter.ForkedBooter.main(ForkedBooter.java:103)
Caused by: java.lang.IllegalStateException: Failed to add PropertySource to Environment
	at org.springframework.test.context.support.TestPropertySourceUtils.addPropertiesFilesToEnvironment(TestPropertySourceUtils.java:198)
	at org.springframework.boot.test.context.SpringBootContextLoader.loadContext(SpringBootContextLoader.java:100)
	at org.springframework.test.context.cache.DefaultCacheAwareContextLoaderDelegate.loadContextInternal(DefaultCacheAwareContextLoaderDelegate.java:98)
	at org.springframework.test.context.cache.DefaultCacheAwareContextLoaderDelegate.loadContext(DefaultCacheAwareContextLoaderDelegate.java:116)
	... 27 common frames omitted
Caused by: java.io.FileNotFoundException: class path resource [application.properties] cannot be opened because it does not exist
	at org.springframework.core.io.ClassPathResource.getInputStream(ClassPathResource.java:172)
	at org.springframework.core.io.support.EncodedResource.getInputStream(EncodedResource.java:154)
	at org.springframework.core.io.support.PropertiesLoaderUtils.fillProperties(PropertiesLoaderUtils.java:98)
	at org.springframework.core.io.support.PropertiesLoaderUtils.fillProperties(PropertiesLoaderUtils.java:72)
	at org.springframework.core.io.support.PropertiesLoaderUtils.loadProperties(PropertiesLoaderUtils.java:58)
	at org.springframework.core.io.support.ResourcePropertySource.<init>(ResourcePropertySource.java:84)
	at org.springframework.test.context.support.TestPropertySourceUtils.addPropertiesFilesToEnvironment(TestPropertySourceUtils.java:194)
	... 30 common frames omitted
]]></system-out>
  </testcase>
  <testcase name="testWithdrawalOperation_withUnallowedNegativeAmount" classname="com.bank.account.service.OperationServiceIntegrationTest" time="0">
    <error message="Failed to load ApplicationContext" type="java.lang.IllegalStateException"><![CDATA[java.lang.IllegalStateException: Failed to load ApplicationContext
	at org.springframework.test.context.cache.DefaultCacheAwareContextLoaderDelegate.loadContext(DefaultCacheAwareContextLoaderDelegate.java:124)
	at org.springframework.test.context.support.DefaultTestContext.getApplicationContext(DefaultTestContext.java:83)
	at org.springframework.test.context.support.DependencyInjectionTestExecutionListener.injectDependencies(DependencyInjectionTestExecutionListener.java:117)
	at org.springframework.test.context.support.DependencyInjectionTestExecutionListener.prepareTestInstance(DependencyInjectionTestExecutionListener.java:83)
	at org.springframework.boot.test.autoconfigure.SpringBootDependencyInjectionTestExecutionListener.prepareTestInstance(SpringBootDependencyInjectionTestExecutionListener.java:44)
	at org.springframework.test.context.TestContextManager.prepareTestInstance(TestContextManager.java:230)
	at org.springframework.test.context.junit4.SpringJUnit4ClassRunner.createTest(SpringJUnit4ClassRunner.java:228)
	at org.springframework.test.context.junit4.SpringJUnit4ClassRunner$1.runReflectiveCall(SpringJUnit4ClassRunner.java:287)
	at org.junit.internal.runners.model.ReflectiveCallable.run(ReflectiveCallable.java:12)
	at org.springframework.test.context.junit4.SpringJUnit4ClassRunner.methodBlock(SpringJUnit4ClassRunner.java:289)
	at org.springframework.test.context.junit4.SpringJUnit4ClassRunner.runChild(SpringJUnit4ClassRunner.java:247)
	at org.springframework.test.context.junit4.SpringJUnit4ClassRunner.runChild(SpringJUnit4ClassRunner.java:94)
	at org.junit.runners.ParentRunner$3.run(ParentRunner.java:290)
	at org.junit.runners.ParentRunner$1.schedule(ParentRunner.java:71)
	at org.junit.runners.ParentRunner.runChildren(ParentRunner.java:288)
	at org.junit.runners.ParentRunner.access$000(ParentRunner.java:58)
	at org.junit.runners.ParentRunner$2.evaluate(ParentRunner.java:268)
	at org.springframework.test.context.junit4.statements.RunBeforeTestClassCallbacks.evaluate(RunBeforeTestClassCallbacks.java:61)
	at org.springframework.test.context.junit4.statements.RunAfterTestClassCallbacks.evaluate(RunAfterTestClassCallbacks.java:70)
	at org.junit.runners.ParentRunner.run(ParentRunner.java:363)
	at org.springframework.test.context.junit4.SpringJUnit4ClassRunner.run(SpringJUnit4ClassRunner.java:191)
	at org.apache.maven.surefire.junit4.JUnit4Provider.execute(JUnit4Provider.java:283)
	at org.apache.maven.surefire.junit4.JUnit4Provider.executeWithRerun(JUnit4Provider.java:173)
	at org.apache.maven.surefire.junit4.JUnit4Provider.executeTestSet(JUnit4Provider.java:153)
	at org.apache.maven.surefire.junit4.JUnit4Provider.invoke(JUnit4Provider.java:128)
	at org.apache.maven.surefire.booter.ForkedBooter.invokeProviderInSameClassLoader(ForkedBooter.java:203)
	at org.apache.maven.surefire.booter.ForkedBooter.runSuitesInProcess(ForkedBooter.java:155)
	at org.apache.maven.surefire.booter.ForkedBooter.main(ForkedBooter.java:103)
Caused by: java.lang.IllegalStateException: Failed to add PropertySource to Environment
	at org.springframework.test.context.support.TestPropertySourceUtils.addPropertiesFilesToEnvironment(TestPropertySourceUtils.java:198)
	at org.springframework.boot.test.context.SpringBootContextLoader.loadContext(SpringBootContextLoader.java:100)
	at org.springframework.test.context.cache.DefaultCacheAwareContextLoaderDelegate.loadContextInternal(DefaultCacheAwareContextLoaderDelegate.java:98)
	at org.springframework.test.context.cache.DefaultCacheAwareContextLoaderDelegate.loadContext(DefaultCacheAwareContextLoaderDelegate.java:116)
	at org.springframework.test.context.support.DefaultTestContext.getApplicationContext(DefaultTestContext.java:83)
	at org.springframework.test.context.support.DependencyInjectionTestExecutionListener.injectDependencies(DependencyInjectionTestExecutionListener.java:117)
	at org.springframework.test.context.support.DependencyInjectionTestExecutionListener.prepareTestInstance(DependencyInjectionTestExecutionListener.java:83)
	at org.springframework.boot.test.autoconfigure.SpringBootDependencyInjectionTestExecutionListener.prepareTestInstance(SpringBootDependencyInjectionTestExecutionListener.java:44)
	at org.springframework.test.context.TestContextManager.prepareTestInstance(TestContextManager.java:230)
	at org.springframework.test.context.junit4.SpringJUnit4ClassRunner.createTest(SpringJUnit4ClassRunner.java:228)
	at org.springframework.test.context.junit4.SpringJUnit4ClassRunner$1.runReflectiveCall(SpringJUnit4ClassRunner.java:287)
	at org.junit.internal.runners.model.ReflectiveCallable.run(ReflectiveCallable.java:12)
	at org.springframework.test.context.junit4.SpringJUnit4ClassRunner.methodBlock(SpringJUnit4ClassRunner.java:289)
	at org.springframework.test.context.junit4.SpringJUnit4ClassRunner.runChild(SpringJUnit4ClassRunner.java:247)
	at org.springframework.test.context.junit4.SpringJUnit4ClassRunner.runChild(SpringJUnit4ClassRunner.java:94)
	at org.junit.runners.ParentRunner$3.run(ParentRunner.java:290)
	at org.junit.runners.ParentRunner$1.schedule(ParentRunner.java:71)
	at org.junit.runners.ParentRunner.runChildren(ParentRunner.java:288)
	at org.junit.runners.ParentRunner.access$000(ParentRunner.java:58)
	at org.junit.runners.ParentRunner$2.evaluate(ParentRunner.java:268)
	at org.springframework.test.context.junit4.statements.RunBeforeTestClassCallbacks.evaluate(RunBeforeTestClassCallbacks.java:61)
	at org.springframework.test.context.junit4.statements.RunAfterTestClassCallbacks.evaluate(RunAfterTestClassCallbacks.java:70)
	at org.junit.runners.ParentRunner.run(ParentRunner.java:363)
	at org.springframework.test.context.junit4.SpringJUnit4ClassRunner.run(SpringJUnit4ClassRunner.java:191)
	at org.apache.maven.surefire.junit4.JUnit4Provider.execute(JUnit4Provider.java:283)
	at org.apache.maven.surefire.junit4.JUnit4Provider.executeWithRerun(JUnit4Provider.java:173)
	at org.apache.maven.surefire.junit4.JUnit4Provider.executeTestSet(JUnit4Provider.java:153)
	at org.apache.maven.surefire.junit4.JUnit4Provider.invoke(JUnit4Provider.java:128)
	at org.apache.maven.surefire.booter.ForkedBooter.invokeProviderInSameClassLoader(ForkedBooter.java:203)
	at org.apache.maven.surefire.booter.ForkedBooter.runSuitesInProcess(ForkedBooter.java:155)
	at org.apache.maven.surefire.booter.ForkedBooter.main(ForkedBooter.java:103)
Caused by: java.io.FileNotFoundException: class path resource [application.properties] cannot be opened because it does not exist
	at org.springframework.core.io.ClassPathResource.getInputStream(ClassPathResource.java:172)
	at org.springframework.core.io.support.EncodedResource.getInputStream(EncodedResource.java:154)
	at org.springframework.core.io.support.PropertiesLoaderUtils.fillProperties(PropertiesLoaderUtils.java:98)
	at org.springframework.core.io.support.PropertiesLoaderUtils.fillProperties(PropertiesLoaderUtils.java:72)
	at org.springframework.core.io.support.PropertiesLoaderUtils.loadProperties(PropertiesLoaderUtils.java:58)
	at org.springframework.core.io.support.ResourcePropertySource.<init>(ResourcePropertySource.java:84)
	at org.springframework.test.context.support.TestPropertySourceUtils.addPropertiesFilesToEnvironment(TestPropertySourceUtils.java:194)
	at org.springframework.boot.test.context.SpringBootContextLoader.loadContext(SpringBootContextLoader.java:100)
	at org.springframework.test.context.cache.DefaultCacheAwareContextLoaderDelegate.loadContextInternal(DefaultCacheAwareContextLoaderDelegate.java:98)
	at org.springframework.test.context.cache.DefaultCacheAwareContextLoaderDelegate.loadContext(DefaultCacheAwareContextLoaderDelegate.java:116)
	at org.springframework.test.context.support.DefaultTestContext.getApplicationContext(DefaultTestContext.java:83)
	at org.springframework.test.context.support.DependencyInjectionTestExecutionListener.injectDependencies(DependencyInjectionTestExecutionListener.java:117)
	at org.springframework.test.context.support.DependencyInjectionTestExecutionListener.prepareTestInstance(DependencyInjectionTestExecutionListener.java:83)
	at org.springframework.boot.test.autoconfigure.SpringBootDependencyInjectionTestExecutionListener.prepareTestInstance(SpringBootDependencyInjectionTestExecutionListener.java:44)
	at org.springframework.test.context.TestContextManager.prepareTestInstance(TestContextManager.java:230)
	at org.springframework.test.context.junit4.SpringJUnit4ClassRunner.createTest(SpringJUnit4ClassRunner.java:228)
	at org.springframework.test.context.junit4.SpringJUnit4ClassRunner$1.runReflectiveCall(SpringJUnit4ClassRunner.java:287)
	at org.junit.internal.runners.model.ReflectiveCallable.run(ReflectiveCallable.java:12)
	at org.springframework.test.context.junit4.SpringJUnit4ClassRunner.methodBlock(SpringJUnit4ClassRunner.java:289)
	at org.springframework.test.context.junit4.SpringJUnit4ClassRunner.runChild(SpringJUnit4ClassRunner.java:247)
	at org.springframework.test.context.junit4.SpringJUnit4ClassRunner.runChild(SpringJUnit4ClassRunner.java:94)
	at org.junit.runners.ParentRunner$3.run(ParentRunner.java:290)
	at org.junit.runners.ParentRunner$1.schedule(ParentRunner.java:71)
	at org.junit.runners.ParentRunner.runChildren(ParentRunner.java:288)
	at org.junit.runners.ParentRunner.access$000(ParentRunner.java:58)
	at org.junit.runners.ParentRunner$2.evaluate(ParentRunner.java:268)
	at org.springframework.test.context.junit4.statements.RunBeforeTestClassCallbacks.evaluate(RunBeforeTestClassCallbacks.java:61)
	at org.springframework.test.context.junit4.statements.RunAfterTestClassCallbacks.evaluate(RunAfterTestClassCallbacks.java:70)
	at org.junit.runners.ParentRunner.run(ParentRunner.java:363)
	at org.springframework.test.context.junit4.SpringJUnit4ClassRunner.run(SpringJUnit4ClassRunner.java:191)
	at org.apache.maven.surefire.junit4.JUnit4Provider.execute(JUnit4Provider.java:283)
	at org.apache.maven.surefire.junit4.JUnit4Provider.executeWithRerun(JUnit4Provider.java:173)
	at org.apache.maven.surefire.junit4.JUnit4Provider.executeTestSet(JUnit4Provider.java:153)
	at org.apache.maven.surefire.junit4.JUnit4Provider.invoke(JUnit4Provider.java:128)
	at org.apache.maven.surefire.booter.ForkedBooter.invokeProviderInSameClassLoader(ForkedBooter.java:203)
	at org.apache.maven.surefire.booter.ForkedBooter.runSuitesInProcess(ForkedBooter.java:155)
	at org.apache.maven.surefire.booter.ForkedBooter.main(ForkedBooter.java:103)
]]></error>
    <system-out><![CDATA[23:51:20.850 [main] DEBUG org.springframework.test.annotation.ProfileValueUtils - Retrieved @ProfileValueSourceConfiguration [null] for test class [com.bank.account.service.OperationServiceIntegrationTest]
23:51:20.850 [main] DEBUG org.springframework.test.annotation.ProfileValueUtils - Retrieved ProfileValueSource type [class org.springframework.test.annotation.SystemProfileValueSource] for class [com.bank.account.service.OperationServiceIntegrationTest]
23:51:20.850 [main] DEBUG org.springframework.test.context.support.DependencyInjectionTestExecutionListener - Performing dependency injection for test context [[DefaultTestContext@4550bb58 testClass = OperationServiceIntegrationTest, testInstance = com.bank.account.service.OperationServiceIntegrationTest@4944252c, testMethod = [null], testException = [null], mergedContextConfiguration = [MergedContextConfiguration@4ec4f3a0 testClass = OperationServiceIntegrationTest, locations = '{}', classes = '{class com.bank.account.Application}', contextInitializerClasses = '[]', activeProfiles = '{}', propertySourceLocations = '{classpath:/application.properties}', propertySourceProperties = '{org.springframework.boot.test.context.SpringBootTestContextBootstrapper=true}', contextCustomizers = set[org.springframework.boot.test.context.SpringBootTestContextCustomizer@78c03f1f, org.springframework.boot.test.context.filter.ExcludeFilterContextCustomizer@5383967b, org.springframework.boot.test.json.DuplicateJsonObjectContextCustomizerFactory$DuplicateJsonObjectContextCustomizer@20398b7c, org.springframework.boot.test.mock.mockito.MockitoContextCustomizer@0, org.springframework.boot.test.autoconfigure.properties.PropertyMappingContextCustomizer@0, org.springframework.boot.test.autoconfigure.web.servlet.WebDriverContextCustomizerFactory$Customizer@887af79], contextLoader = 'org.springframework.boot.test.context.SpringBootContextLoader', parent = [null]]]].
23:51:20.852 [main] DEBUG org.springframework.core.env.StandardEnvironment - Adding PropertySource 'systemProperties' with lowest search precedence
23:51:20.852 [main] DEBUG org.springframework.core.env.StandardEnvironment - Adding PropertySource 'systemEnvironment' with lowest search precedence
23:51:20.852 [main] DEBUG org.springframework.core.env.StandardEnvironment - Initialized StandardEnvironment with PropertySources [MapPropertySource@13803304 {name='systemProperties', properties={idea.version=2022.2.2, java.runtime.name=OpenJDK Runtime Environment, sun.boot.library.path=/Users/chengong/Library/Java/JavaVirtualMachines/corretto-1.8.0_362/Contents/Home/jre/lib, java.vm.version=25.362-b08, gopherProxySet=false, java.vm.vendor=Amazon.com Inc., java.vendor.url=https://aws.amazon.com/corretto/, path.separator=:, java.vm.name=OpenJDK 64-Bit Server VM, file.encoding.pkg=sun.io, user.country=CN, sun.java.launcher=SUN_STANDARD, sun.os.patch.level=unknown, java.vm.specification.name=Java Virtual Machine Specification, user.dir=/Users/chengong/IdeaProjects/untitled2, java.runtime.version=1.8.0_362-b08, basedir=/Users/chengong/IdeaProjects/untitled2, java.awt.graphicsenv=sun.awt.CGraphicsEnvironment, java.endorsed.dirs=/Users/chengong/Library/Java/JavaVirtualMachines/corretto-1.8.0_362/Contents/Home/jre/lib/endorsed, os.arch=aarch64, surefire.real.class.path=/Users/chengong/IdeaProjects/untitled2/target/surefire/surefirebooter2002625863625031665.jar, java.io.tmpdir=/var/folders/xm/ps65dhqn7qb2l3cmz84y5bjw0000gn/T/, line.separator=
, java.vm.specification.vendor=Oracle Corporation, os.name=Mac OS X, sun.jnu.encoding=UTF-8, java.library.path=/Users/chengong/Library/Java/Extensions:/Library/Java/Extensions:/Network/Library/Java/Extensions:/System/Library/Java/Extensions:/usr/lib/java:., surefire.test.class.path=/Users/chengong/IdeaProjects/untitled2/target/test-classes:/Users/chengong/IdeaProjects/untitled2/target/classes:/Users/chengong/.m2/repository/org/springframework/boot/spring-boot-starter/1.5.7.RELEASE/spring-boot-starter-1.5.7.RELEASE.jar:/Users/chengong/.m2/repository/org/springframework/boot/spring-boot/1.5.7.RELEASE/spring-boot-1.5.7.RELEASE.jar:/Users/chengong/.m2/repository/org/springframework/spring-context/4.3.11.RELEASE/spring-context-4.3.11.RELEASE.jar:/Users/chengong/.m2/repository/org/springframework/spring-aop/4.3.11.RELEASE/spring-aop-4.3.11.RELEASE.jar:/Users/chengong/.m2/repository/org/springframework/boot/spring-boot-autoconfigure/1.5.7.RELEASE/spring-boot-autoconfigure-1.5.7.RELEASE.jar:/Users/chengong/.m2/repository/org/springframework/boot/spring-boot-starter-logging/1.5.7.RELEASE/spring-boot-starter-logging-1.5.7.RELEASE.jar:/Users/chengong/.m2/repository/ch/qos/logback/logback-classic/1.1.11/logback-classic-1.1.11.jar:/Users/chengong/.m2/repository/ch/qos/logback/logback-core/1.1.11/logback-core-1.1.11.jar:/Users/chengong/.m2/repository/org/slf4j/jcl-over-slf4j/1.7.25/jcl-over-slf4j-1.7.25.jar:/Users/chengong/.m2/repository/org/slf4j/jul-to-slf4j/1.7.25/jul-to-slf4j-1.7.25.jar:/Users/chengong/.m2/repository/org/slf4j/log4j-over-slf4j/1.7.25/log4j-over-slf4j-1.7.25.jar:/Users/chengong/.m2/repository/org/springframework/spring-core/4.3.11.RELEASE/spring-core-4.3.11.RELEASE.jar:/Users/chengong/.m2/repository/org/yaml/snakeyaml/1.17/snakeyaml-1.17.jar:/Users/chengong/.m2/repository/org/springframework/boot/spring-boot-starter-data-mongodb/1.5.7.RELEASE/spring-boot-starter-data-mongodb-1.5.7.RELEASE.jar:/Users/chengong/.m2/repository/org/mongodb/mongodb-driver/3.4.3/mongodb-driver-3.4.3.jar:/Users/chengong/.m2/repository/org/mongodb/mongodb-driver-core/3.4.3/mongodb-driver-core-3.4.3.jar:/Users/chengong/.m2/repository/org/mongodb/bson/3.4.3/bson-3.4.3.jar:/Users/chengong/.m2/repository/org/springframework/data/spring-data-mongodb/1.10.7.RELEASE/spring-data-mongodb-1.10.7.RELEASE.jar:/Users/chengong/.m2/repository/org/springframework/spring-tx/4.3.11.RELEASE/spring-tx-4.3.11.RELEASE.jar:/Users/chengong/.m2/repository/org/springframework/spring-beans/4.3.11.RELEASE/spring-beans-4.3.11.RELEASE.jar:/Users/chengong/.m2/repository/org/springframework/spring-expression/4.3.11.RELEASE/spring-expression-4.3.11.RELEASE.jar:/Users/chengong/.m2/repository/org/springframework/data/spring-data-commons/1.13.7.RELEASE/spring-data-commons-1.13.7.RELEASE.jar:/Users/chengong/.m2/repository/org/slf4j/slf4j-api/1.7.25/slf4j-api-1.7.25.jar:/Users/chengong/.m2/repository/javax/inject/javax.inject/1/javax.inject-1.jar:/Users/chengong/.m2/repository/javax/validation/validation-api/2.0.0.Final/validation-api-2.0.0.Final.jar:/Users/chengong/.m2/repository/javax/persistence/persistence-api/1.0.2/persistence-api-1.0.2.jar:/Users/chengong/.m2/repository/org/apache/commons/commons-lang3/3.6/commons-lang3-3.6.jar:/Users/chengong/.m2/repository/commons-collections/commons-collections/3.2.2/commons-collections-3.2.2.jar:/Users/chengong/.m2/repository/org/hibernate/validator/hibernate-validator/6.0.2.Final/hibernate-validator-6.0.2.Final.jar:/Users/chengong/.m2/repository/org/jboss/logging/jboss-logging/3.3.1.Final/jboss-logging-3.3.1.Final.jar:/Users/chengong/.m2/repository/com/fasterxml/classmate/1.3.4/classmate-1.3.4.jar:/Users/chengong/.m2/repository/org/projectlombok/lombok/1.16.16/lombok-1.16.16.jar:/Users/chengong/.m2/repository/org/glassfish/javax.el/3.0.0/javax.el-3.0.0.jar:/Users/chengong/.m2/repository/org/springframework/boot/spring-boot-starter-test/1.5.7.RELEASE/spring-boot-starter-test-1.5.7.RELEASE.jar:/Users/chengong/.m2/repository/org/springframework/boot/spring-boot-test/1.5.7.RELEASE/spring-boot-test-1.5.7.RELEASE.jar:/Users/chengong/.m2/repository/org/springframework/boot/spring-boot-test-autoconfigure/1.5.7.RELEASE/spring-boot-test-autoconfigure-1.5.7.RELEASE.jar:/Users/chengong/.m2/repository/com/jayway/jsonpath/json-path/2.2.0/json-path-2.2.0.jar:/Users/chengong/.m2/repository/net/minidev/json-smart/2.2.1/json-smart-2.2.1.jar:/Users/chengong/.m2/repository/net/minidev/accessors-smart/1.1/accessors-smart-1.1.jar:/Users/chengong/.m2/repository/org/ow2/asm/asm/5.0.3/asm-5.0.3.jar:/Users/chengong/.m2/repository/junit/junit/4.12/junit-4.12.jar:/Users/chengong/.m2/repository/org/hamcrest/hamcrest-core/1.3/hamcrest-core-1.3.jar:/Users/chengong/.m2/repository/org/hamcrest/hamcrest-library/1.3/hamcrest-library-1.3.jar:/Users/chengong/.m2/repository/org/skyscreamer/jsonassert/1.4.0/jsonassert-1.4.0.jar:/Users/chengong/.m2/repository/com/vaadin/external/google/android-json/0.0.20131108.vaadin1/android-json-0.0.20131108.vaadin1.jar:/Users/chengong/.m2/repository/org/springframework/spring-test/4.3.11.RELEASE/spring-test-4.3.11.RELEASE.jar:/Users/chengong/.m2/repository/org/assertj/assertj-core/3.8.0/assertj-core-3.8.0.jar:/Users/chengong/.m2/repository/org/mockito/mockito-core/2.10.0/mockito-core-2.10.0.jar:/Users/chengong/.m2/repository/net/bytebuddy/byte-buddy/1.7.4/byte-buddy-1.7.4.jar:/Users/chengong/.m2/repository/net/bytebuddy/byte-buddy-agent/1.7.4/byte-buddy-agent-1.7.4.jar:/Users/chengong/.m2/repository/org/objenesis/objenesis/2.6/objenesis-2.6.jar:, java.specification.name=Java Platform API Specification, java.class.version=52.0, sun.management.compiler=HotSpot 64-Bit Tiered Compilers, os.version=13.2.1, http.nonProxyHosts=local|*.local|169.254/16|*.169.254/16, user.home=/Users/chengong, user.timezone=Europe/Paris, java.awt.printerjob=sun.lwawt.macosx.CPrinterJob, file.encoding=UTF-8, java.specification.version=1.8, java.class.path=/Users/chengong/IdeaProjects/untitled2/target/test-classes:/Users/chengong/IdeaProjects/untitled2/target/classes:/Users/chengong/.m2/repository/org/springframework/boot/spring-boot-starter/1.5.7.RELEASE/spring-boot-starter-1.5.7.RELEASE.jar:/Users/chengong/.m2/repository/org/springframework/boot/spring-boot/1.5.7.RELEASE/spring-boot-1.5.7.RELEASE.jar:/Users/chengong/.m2/repository/org/springframework/spring-context/4.3.11.RELEASE/spring-context-4.3.11.RELEASE.jar:/Users/chengong/.m2/repository/org/springframework/spring-aop/4.3.11.RELEASE/spring-aop-4.3.11.RELEASE.jar:/Users/chengong/.m2/repository/org/springframework/boot/spring-boot-autoconfigure/1.5.7.RELEASE/spring-boot-autoconfigure-1.5.7.RELEASE.jar:/Users/chengong/.m2/repository/org/springframework/boot/spring-boot-starter-logging/1.5.7.RELEASE/spring-boot-starter-logging-1.5.7.RELEASE.jar:/Users/chengong/.m2/repository/ch/qos/logback/logback-classic/1.1.11/logback-classic-1.1.11.jar:/Users/chengong/.m2/repository/ch/qos/logback/logback-core/1.1.11/logback-core-1.1.11.jar:/Users/chengong/.m2/repository/org/slf4j/jcl-over-slf4j/1.7.25/jcl-over-slf4j-1.7.25.jar:/Users/chengong/.m2/repository/org/slf4j/jul-to-slf4j/1.7.25/jul-to-slf4j-1.7.25.jar:/Users/chengong/.m2/repository/org/slf4j/log4j-over-slf4j/1.7.25/log4j-over-slf4j-1.7.25.jar:/Users/chengong/.m2/repository/org/springframework/spring-core/4.3.11.RELEASE/spring-core-4.3.11.RELEASE.jar:/Users/chengong/.m2/repository/org/yaml/snakeyaml/1.17/snakeyaml-1.17.jar:/Users/chengong/.m2/repository/org/springframework/boot/spring-boot-starter-data-mongodb/1.5.7.RELEASE/spring-boot-starter-data-mongodb-1.5.7.RELEASE.jar:/Users/chengong/.m2/repository/org/mongodb/mongodb-driver/3.4.3/mongodb-driver-3.4.3.jar:/Users/chengong/.m2/repository/org/mongodb/mongodb-driver-core/3.4.3/mongodb-driver-core-3.4.3.jar:/Users/chengong/.m2/repository/org/mongodb/bson/3.4.3/bson-3.4.3.jar:/Users/chengong/.m2/repository/org/springframework/data/spring-data-mongodb/1.10.7.RELEASE/spring-data-mongodb-1.10.7.RELEASE.jar:/Users/chengong/.m2/repository/org/springframework/spring-tx/4.3.11.RELEASE/spring-tx-4.3.11.RELEASE.jar:/Users/chengong/.m2/repository/org/springframework/spring-beans/4.3.11.RELEASE/spring-beans-4.3.11.RELEASE.jar:/Users/chengong/.m2/repository/org/springframework/spring-expression/4.3.11.RELEASE/spring-expression-4.3.11.RELEASE.jar:/Users/chengong/.m2/repository/org/springframework/data/spring-data-commons/1.13.7.RELEASE/spring-data-commons-1.13.7.RELEASE.jar:/Users/chengong/.m2/repository/org/slf4j/slf4j-api/1.7.25/slf4j-api-1.7.25.jar:/Users/chengong/.m2/repository/javax/inject/javax.inject/1/javax.inject-1.jar:/Users/chengong/.m2/repository/javax/validation/validation-api/2.0.0.Final/validation-api-2.0.0.Final.jar:/Users/chengong/.m2/repository/javax/persistence/persistence-api/1.0.2/persistence-api-1.0.2.jar:/Users/chengong/.m2/repository/org/apache/commons/commons-lang3/3.6/commons-lang3-3.6.jar:/Users/chengong/.m2/repository/commons-collections/commons-collections/3.2.2/commons-collections-3.2.2.jar:/Users/chengong/.m2/repository/org/hibernate/validator/hibernate-validator/6.0.2.Final/hibernate-validator-6.0.2.Final.jar:/Users/chengong/.m2/repository/org/jboss/logging/jboss-logging/3.3.1.Final/jboss-logging-3.3.1.Final.jar:/Users/chengong/.m2/repository/com/fasterxml/classmate/1.3.4/classmate-1.3.4.jar:/Users/chengong/.m2/repository/org/projectlombok/lombok/1.16.16/lombok-1.16.16.jar:/Users/chengong/.m2/repository/org/glassfish/javax.el/3.0.0/javax.el-3.0.0.jar:/Users/chengong/.m2/repository/org/springframework/boot/spring-boot-starter-test/1.5.7.RELEASE/spring-boot-starter-test-1.5.7.RELEASE.jar:/Users/chengong/.m2/repository/org/springframework/boot/spring-boot-test/1.5.7.RELEASE/spring-boot-test-1.5.7.RELEASE.jar:/Users/chengong/.m2/repository/org/springframework/boot/spring-boot-test-autoconfigure/1.5.7.RELEASE/spring-boot-test-autoconfigure-1.5.7.RELEASE.jar:/Users/chengong/.m2/repository/com/jayway/jsonpath/json-path/2.2.0/json-path-2.2.0.jar:/Users/chengong/.m2/repository/net/minidev/json-smart/2.2.1/json-smart-2.2.1.jar:/Users/chengong/.m2/repository/net/minidev/accessors-smart/1.1/accessors-smart-1.1.jar:/Users/chengong/.m2/repository/org/ow2/asm/asm/5.0.3/asm-5.0.3.jar:/Users/chengong/.m2/repository/junit/junit/4.12/junit-4.12.jar:/Users/chengong/.m2/repository/org/hamcrest/hamcrest-core/1.3/hamcrest-core-1.3.jar:/Users/chengong/.m2/repository/org/hamcrest/hamcrest-library/1.3/hamcrest-library-1.3.jar:/Users/chengong/.m2/repository/org/skyscreamer/jsonassert/1.4.0/jsonassert-1.4.0.jar:/Users/chengong/.m2/repository/com/vaadin/external/google/android-json/0.0.20131108.vaadin1/android-json-0.0.20131108.vaadin1.jar:/Users/chengong/.m2/repository/org/springframework/spring-test/4.3.11.RELEASE/spring-test-4.3.11.RELEASE.jar:/Users/chengong/.m2/repository/org/assertj/assertj-core/3.8.0/assertj-core-3.8.0.jar:/Users/chengong/.m2/repository/org/mockito/mockito-core/2.10.0/mockito-core-2.10.0.jar:/Users/chengong/.m2/repository/net/bytebuddy/byte-buddy/1.7.4/byte-buddy-1.7.4.jar:/Users/chengong/.m2/repository/net/bytebuddy/byte-buddy-agent/1.7.4/byte-buddy-agent-1.7.4.jar:/Users/chengong/.m2/repository/org/objenesis/objenesis/2.6/objenesis-2.6.jar:, user.name=chengong, java.vm.specification.version=1.8, sun.java.command=/Users/chengong/IdeaProjects/untitled2/target/surefire/surefirebooter2002625863625031665.jar /Users/chengong/IdeaProjects/untitled2/target/surefire/surefire1676131753318224588tmp /Users/chengong/IdeaProjects/untitled2/target/surefire/surefire_06523962741063772783tmp, java.home=/Users/chengong/Library/Java/JavaVirtualMachines/corretto-1.8.0_362/Contents/Home/jre, sun.arch.data.model=64, user.language=zh, java.specification.vendor=Oracle Corporation, awt.toolkit=sun.lwawt.macosx.LWCToolkit, java.vm.info=mixed mode, java.version=1.8.0_362, java.ext.dirs=/Users/chengong/Library/Java/Extensions:/Users/chengong/Library/Java/JavaVirtualMachines/corretto-1.8.0_362/Contents/Home/jre/lib/ext:/Library/Java/Extensions:/Network/Library/Java/Extensions:/System/Library/Java/Extensions:/usr/lib/java, sun.boot.class.path=/Users/chengong/Library/Java/JavaVirtualMachines/corretto-1.8.0_362/Contents/Home/jre/lib/resources.jar:/Users/chengong/Library/Java/JavaVirtualMachines/corretto-1.8.0_362/Contents/Home/jre/lib/rt.jar:/Users/chengong/Library/Java/JavaVirtualMachines/corretto-1.8.0_362/Contents/Home/jre/lib/sunrsasign.jar:/Users/chengong/Library/Java/JavaVirtualMachines/corretto-1.8.0_362/Contents/Home/jre/lib/jsse.jar:/Users/chengong/Library/Java/JavaVirtualMachines/corretto-1.8.0_362/Contents/Home/jre/lib/jce.jar:/Users/chengong/Library/Java/JavaVirtualMachines/corretto-1.8.0_362/Contents/Home/jre/lib/charsets.jar:/Users/chengong/Library/Java/JavaVirtualMachines/corretto-1.8.0_362/Contents/Home/jre/lib/jfr.jar:/Users/chengong/Library/Java/JavaVirtualMachines/corretto-1.8.0_362/Contents/Home/jre/classes, java.vendor=Amazon.com Inc., java.specification.maintenance.version=4, localRepository=/Users/chengong/.m2/repository, file.separator=/, java.vendor.url.bug=https://github.com/corretto/corretto-8/issues/, sun.io.unicode.encoding=UnicodeBig, sun.cpu.endian=little, socksNonProxyHosts=local|*.local|169.254/16|*.169.254/16, ftp.nonProxyHosts=local|*.local|169.254/16|*.169.254/16, sun.cpu.isalist=}}, SystemEnvironmentPropertySource@802243390 {name='systemEnvironment', properties={__CFBundleIdentifier=com.jetbrains.intellij.ie, PATH=/usr/local/bin:/System/Cryptexes/App/usr/bin:/usr/bin:/bin:/usr/sbin:/sbin:/Library/Apple/usr/bin, SHELL=/bin/zsh, JAVA_HOME=/Library/Java/JavaVirtualMachines/jdk-19.jdk/Contents/Home, OLDPWD=/Users/chengong/IdeaProjects/untitled2, USER=chengong, COMMAND_MODE=unix2003, TMPDIR=/var/folders/xm/ps65dhqn7qb2l3cmz84y5bjw0000gn/T/, JAVA_MAIN_CLASS_1735=org.apache.maven.surefire.booter.ForkedBooter, SSH_AUTH_SOCK=/private/tmp/com.apple.launchd.nwnfRSPvas/Listeners, XPC_FLAGS=0x0, __CF_USER_TEXT_ENCODING=0x1F5:0x19:0x34, LOGNAME=chengong, LC_CTYPE=en_US.UTF-8, XPC_SERVICE_NAME=0, PWD=/Users/chengong/IdeaProjects/untitled2, HOME=/Users/chengong, SHLVL=1, _=/Users/chengong/Library/Java/JavaVirtualMachines/corretto-1.8.0_362/Contents/Home/jre/bin/java, JAVA_MAIN_CLASS_1733=org.codehaus.classworlds.Launcher}}]
23:51:20.855 [main] DEBUG org.springframework.core.env.StandardEnvironment - Adding PropertySource 'systemProperties' with lowest search precedence
23:51:20.855 [main] DEBUG org.springframework.core.env.StandardEnvironment - Adding PropertySource 'systemEnvironment' with lowest search precedence
23:51:20.855 [main] DEBUG org.springframework.core.env.StandardEnvironment - Initialized StandardEnvironment with PropertySources [MapPropertySource@1992550266 {name='systemProperties', properties={idea.version=2022.2.2, java.runtime.name=OpenJDK Runtime Environment, sun.boot.library.path=/Users/chengong/Library/Java/JavaVirtualMachines/corretto-1.8.0_362/Contents/Home/jre/lib, java.vm.version=25.362-b08, gopherProxySet=false, java.vm.vendor=Amazon.com Inc., java.vendor.url=https://aws.amazon.com/corretto/, path.separator=:, java.vm.name=OpenJDK 64-Bit Server VM, file.encoding.pkg=sun.io, user.country=CN, sun.java.launcher=SUN_STANDARD, sun.os.patch.level=unknown, java.vm.specification.name=Java Virtual Machine Specification, user.dir=/Users/chengong/IdeaProjects/untitled2, java.runtime.version=1.8.0_362-b08, basedir=/Users/chengong/IdeaProjects/untitled2, java.awt.graphicsenv=sun.awt.CGraphicsEnvironment, java.endorsed.dirs=/Users/chengong/Library/Java/JavaVirtualMachines/corretto-1.8.0_362/Contents/Home/jre/lib/endorsed, os.arch=aarch64, surefire.real.class.path=/Users/chengong/IdeaProjects/untitled2/target/surefire/surefirebooter2002625863625031665.jar, java.io.tmpdir=/var/folders/xm/ps65dhqn7qb2l3cmz84y5bjw0000gn/T/, line.separator=
, java.vm.specification.vendor=Oracle Corporation, os.name=Mac OS X, sun.jnu.encoding=UTF-8, java.library.path=/Users/chengong/Library/Java/Extensions:/Library/Java/Extensions:/Network/Library/Java/Extensions:/System/Library/Java/Extensions:/usr/lib/java:., surefire.test.class.path=/Users/chengong/IdeaProjects/untitled2/target/test-classes:/Users/chengong/IdeaProjects/untitled2/target/classes:/Users/chengong/.m2/repository/org/springframework/boot/spring-boot-starter/1.5.7.RELEASE/spring-boot-starter-1.5.7.RELEASE.jar:/Users/chengong/.m2/repository/org/springframework/boot/spring-boot/1.5.7.RELEASE/spring-boot-1.5.7.RELEASE.jar:/Users/chengong/.m2/repository/org/springframework/spring-context/4.3.11.RELEASE/spring-context-4.3.11.RELEASE.jar:/Users/chengong/.m2/repository/org/springframework/spring-aop/4.3.11.RELEASE/spring-aop-4.3.11.RELEASE.jar:/Users/chengong/.m2/repository/org/springframework/boot/spring-boot-autoconfigure/1.5.7.RELEASE/spring-boot-autoconfigure-1.5.7.RELEASE.jar:/Users/chengong/.m2/repository/org/springframework/boot/spring-boot-starter-logging/1.5.7.RELEASE/spring-boot-starter-logging-1.5.7.RELEASE.jar:/Users/chengong/.m2/repository/ch/qos/logback/logback-classic/1.1.11/logback-classic-1.1.11.jar:/Users/chengong/.m2/repository/ch/qos/logback/logback-core/1.1.11/logback-core-1.1.11.jar:/Users/chengong/.m2/repository/org/slf4j/jcl-over-slf4j/1.7.25/jcl-over-slf4j-1.7.25.jar:/Users/chengong/.m2/repository/org/slf4j/jul-to-slf4j/1.7.25/jul-to-slf4j-1.7.25.jar:/Users/chengong/.m2/repository/org/slf4j/log4j-over-slf4j/1.7.25/log4j-over-slf4j-1.7.25.jar:/Users/chengong/.m2/repository/org/springframework/spring-core/4.3.11.RELEASE/spring-core-4.3.11.RELEASE.jar:/Users/chengong/.m2/repository/org/yaml/snakeyaml/1.17/snakeyaml-1.17.jar:/Users/chengong/.m2/repository/org/springframework/boot/spring-boot-starter-data-mongodb/1.5.7.RELEASE/spring-boot-starter-data-mongodb-1.5.7.RELEASE.jar:/Users/chengong/.m2/repository/org/mongodb/mongodb-driver/3.4.3/mongodb-driver-3.4.3.jar:/Users/chengong/.m2/repository/org/mongodb/mongodb-driver-core/3.4.3/mongodb-driver-core-3.4.3.jar:/Users/chengong/.m2/repository/org/mongodb/bson/3.4.3/bson-3.4.3.jar:/Users/chengong/.m2/repository/org/springframework/data/spring-data-mongodb/1.10.7.RELEASE/spring-data-mongodb-1.10.7.RELEASE.jar:/Users/chengong/.m2/repository/org/springframework/spring-tx/4.3.11.RELEASE/spring-tx-4.3.11.RELEASE.jar:/Users/chengong/.m2/repository/org/springframework/spring-beans/4.3.11.RELEASE/spring-beans-4.3.11.RELEASE.jar:/Users/chengong/.m2/repository/org/springframework/spring-expression/4.3.11.RELEASE/spring-expression-4.3.11.RELEASE.jar:/Users/chengong/.m2/repository/org/springframework/data/spring-data-commons/1.13.7.RELEASE/spring-data-commons-1.13.7.RELEASE.jar:/Users/chengong/.m2/repository/org/slf4j/slf4j-api/1.7.25/slf4j-api-1.7.25.jar:/Users/chengong/.m2/repository/javax/inject/javax.inject/1/javax.inject-1.jar:/Users/chengong/.m2/repository/javax/validation/validation-api/2.0.0.Final/validation-api-2.0.0.Final.jar:/Users/chengong/.m2/repository/javax/persistence/persistence-api/1.0.2/persistence-api-1.0.2.jar:/Users/chengong/.m2/repository/org/apache/commons/commons-lang3/3.6/commons-lang3-3.6.jar:/Users/chengong/.m2/repository/commons-collections/commons-collections/3.2.2/commons-collections-3.2.2.jar:/Users/chengong/.m2/repository/org/hibernate/validator/hibernate-validator/6.0.2.Final/hibernate-validator-6.0.2.Final.jar:/Users/chengong/.m2/repository/org/jboss/logging/jboss-logging/3.3.1.Final/jboss-logging-3.3.1.Final.jar:/Users/chengong/.m2/repository/com/fasterxml/classmate/1.3.4/classmate-1.3.4.jar:/Users/chengong/.m2/repository/org/projectlombok/lombok/1.16.16/lombok-1.16.16.jar:/Users/chengong/.m2/repository/org/glassfish/javax.el/3.0.0/javax.el-3.0.0.jar:/Users/chengong/.m2/repository/org/springframework/boot/spring-boot-starter-test/1.5.7.RELEASE/spring-boot-starter-test-1.5.7.RELEASE.jar:/Users/chengong/.m2/repository/org/springframework/boot/spring-boot-test/1.5.7.RELEASE/spring-boot-test-1.5.7.RELEASE.jar:/Users/chengong/.m2/repository/org/springframework/boot/spring-boot-test-autoconfigure/1.5.7.RELEASE/spring-boot-test-autoconfigure-1.5.7.RELEASE.jar:/Users/chengong/.m2/repository/com/jayway/jsonpath/json-path/2.2.0/json-path-2.2.0.jar:/Users/chengong/.m2/repository/net/minidev/json-smart/2.2.1/json-smart-2.2.1.jar:/Users/chengong/.m2/repository/net/minidev/accessors-smart/1.1/accessors-smart-1.1.jar:/Users/chengong/.m2/repository/org/ow2/asm/asm/5.0.3/asm-5.0.3.jar:/Users/chengong/.m2/repository/junit/junit/4.12/junit-4.12.jar:/Users/chengong/.m2/repository/org/hamcrest/hamcrest-core/1.3/hamcrest-core-1.3.jar:/Users/chengong/.m2/repository/org/hamcrest/hamcrest-library/1.3/hamcrest-library-1.3.jar:/Users/chengong/.m2/repository/org/skyscreamer/jsonassert/1.4.0/jsonassert-1.4.0.jar:/Users/chengong/.m2/repository/com/vaadin/external/google/android-json/0.0.20131108.vaadin1/android-json-0.0.20131108.vaadin1.jar:/Users/chengong/.m2/repository/org/springframework/spring-test/4.3.11.RELEASE/spring-test-4.3.11.RELEASE.jar:/Users/chengong/.m2/repository/org/assertj/assertj-core/3.8.0/assertj-core-3.8.0.jar:/Users/chengong/.m2/repository/org/mockito/mockito-core/2.10.0/mockito-core-2.10.0.jar:/Users/chengong/.m2/repository/net/bytebuddy/byte-buddy/1.7.4/byte-buddy-1.7.4.jar:/Users/chengong/.m2/repository/net/bytebuddy/byte-buddy-agent/1.7.4/byte-buddy-agent-1.7.4.jar:/Users/chengong/.m2/repository/org/objenesis/objenesis/2.6/objenesis-2.6.jar:, java.specification.name=Java Platform API Specification, java.class.version=52.0, sun.management.compiler=HotSpot 64-Bit Tiered Compilers, os.version=13.2.1, http.nonProxyHosts=local|*.local|169.254/16|*.169.254/16, user.home=/Users/chengong, user.timezone=Europe/Paris, java.awt.printerjob=sun.lwawt.macosx.CPrinterJob, file.encoding=UTF-8, java.specification.version=1.8, java.class.path=/Users/chengong/IdeaProjects/untitled2/target/test-classes:/Users/chengong/IdeaProjects/untitled2/target/classes:/Users/chengong/.m2/repository/org/springframework/boot/spring-boot-starter/1.5.7.RELEASE/spring-boot-starter-1.5.7.RELEASE.jar:/Users/chengong/.m2/repository/org/springframework/boot/spring-boot/1.5.7.RELEASE/spring-boot-1.5.7.RELEASE.jar:/Users/chengong/.m2/repository/org/springframework/spring-context/4.3.11.RELEASE/spring-context-4.3.11.RELEASE.jar:/Users/chengong/.m2/repository/org/springframework/spring-aop/4.3.11.RELEASE/spring-aop-4.3.11.RELEASE.jar:/Users/chengong/.m2/repository/org/springframework/boot/spring-boot-autoconfigure/1.5.7.RELEASE/spring-boot-autoconfigure-1.5.7.RELEASE.jar:/Users/chengong/.m2/repository/org/springframework/boot/spring-boot-starter-logging/1.5.7.RELEASE/spring-boot-starter-logging-1.5.7.RELEASE.jar:/Users/chengong/.m2/repository/ch/qos/logback/logback-classic/1.1.11/logback-classic-1.1.11.jar:/Users/chengong/.m2/repository/ch/qos/logback/logback-core/1.1.11/logback-core-1.1.11.jar:/Users/chengong/.m2/repository/org/slf4j/jcl-over-slf4j/1.7.25/jcl-over-slf4j-1.7.25.jar:/Users/chengong/.m2/repository/org/slf4j/jul-to-slf4j/1.7.25/jul-to-slf4j-1.7.25.jar:/Users/chengong/.m2/repository/org/slf4j/log4j-over-slf4j/1.7.25/log4j-over-slf4j-1.7.25.jar:/Users/chengong/.m2/repository/org/springframework/spring-core/4.3.11.RELEASE/spring-core-4.3.11.RELEASE.jar:/Users/chengong/.m2/repository/org/yaml/snakeyaml/1.17/snakeyaml-1.17.jar:/Users/chengong/.m2/repository/org/springframework/boot/spring-boot-starter-data-mongodb/1.5.7.RELEASE/spring-boot-starter-data-mongodb-1.5.7.RELEASE.jar:/Users/chengong/.m2/repository/org/mongodb/mongodb-driver/3.4.3/mongodb-driver-3.4.3.jar:/Users/chengong/.m2/repository/org/mongodb/mongodb-driver-core/3.4.3/mongodb-driver-core-3.4.3.jar:/Users/chengong/.m2/repository/org/mongodb/bson/3.4.3/bson-3.4.3.jar:/Users/chengong/.m2/repository/org/springframework/data/spring-data-mongodb/1.10.7.RELEASE/spring-data-mongodb-1.10.7.RELEASE.jar:/Users/chengong/.m2/repository/org/springframework/spring-tx/4.3.11.RELEASE/spring-tx-4.3.11.RELEASE.jar:/Users/chengong/.m2/repository/org/springframework/spring-beans/4.3.11.RELEASE/spring-beans-4.3.11.RELEASE.jar:/Users/chengong/.m2/repository/org/springframework/spring-expression/4.3.11.RELEASE/spring-expression-4.3.11.RELEASE.jar:/Users/chengong/.m2/repository/org/springframework/data/spring-data-commons/1.13.7.RELEASE/spring-data-commons-1.13.7.RELEASE.jar:/Users/chengong/.m2/repository/org/slf4j/slf4j-api/1.7.25/slf4j-api-1.7.25.jar:/Users/chengong/.m2/repository/javax/inject/javax.inject/1/javax.inject-1.jar:/Users/chengong/.m2/repository/javax/validation/validation-api/2.0.0.Final/validation-api-2.0.0.Final.jar:/Users/chengong/.m2/repository/javax/persistence/persistence-api/1.0.2/persistence-api-1.0.2.jar:/Users/chengong/.m2/repository/org/apache/commons/commons-lang3/3.6/commons-lang3-3.6.jar:/Users/chengong/.m2/repository/commons-collections/commons-collections/3.2.2/commons-collections-3.2.2.jar:/Users/chengong/.m2/repository/org/hibernate/validator/hibernate-validator/6.0.2.Final/hibernate-validator-6.0.2.Final.jar:/Users/chengong/.m2/repository/org/jboss/logging/jboss-logging/3.3.1.Final/jboss-logging-3.3.1.Final.jar:/Users/chengong/.m2/repository/com/fasterxml/classmate/1.3.4/classmate-1.3.4.jar:/Users/chengong/.m2/repository/org/projectlombok/lombok/1.16.16/lombok-1.16.16.jar:/Users/chengong/.m2/repository/org/glassfish/javax.el/3.0.0/javax.el-3.0.0.jar:/Users/chengong/.m2/repository/org/springframework/boot/spring-boot-starter-test/1.5.7.RELEASE/spring-boot-starter-test-1.5.7.RELEASE.jar:/Users/chengong/.m2/repository/org/springframework/boot/spring-boot-test/1.5.7.RELEASE/spring-boot-test-1.5.7.RELEASE.jar:/Users/chengong/.m2/repository/org/springframework/boot/spring-boot-test-autoconfigure/1.5.7.RELEASE/spring-boot-test-autoconfigure-1.5.7.RELEASE.jar:/Users/chengong/.m2/repository/com/jayway/jsonpath/json-path/2.2.0/json-path-2.2.0.jar:/Users/chengong/.m2/repository/net/minidev/json-smart/2.2.1/json-smart-2.2.1.jar:/Users/chengong/.m2/repository/net/minidev/accessors-smart/1.1/accessors-smart-1.1.jar:/Users/chengong/.m2/repository/org/ow2/asm/asm/5.0.3/asm-5.0.3.jar:/Users/chengong/.m2/repository/junit/junit/4.12/junit-4.12.jar:/Users/chengong/.m2/repository/org/hamcrest/hamcrest-core/1.3/hamcrest-core-1.3.jar:/Users/chengong/.m2/repository/org/hamcrest/hamcrest-library/1.3/hamcrest-library-1.3.jar:/Users/chengong/.m2/repository/org/skyscreamer/jsonassert/1.4.0/jsonassert-1.4.0.jar:/Users/chengong/.m2/repository/com/vaadin/external/google/android-json/0.0.20131108.vaadin1/android-json-0.0.20131108.vaadin1.jar:/Users/chengong/.m2/repository/org/springframework/spring-test/4.3.11.RELEASE/spring-test-4.3.11.RELEASE.jar:/Users/chengong/.m2/repository/org/assertj/assertj-core/3.8.0/assertj-core-3.8.0.jar:/Users/chengong/.m2/repository/org/mockito/mockito-core/2.10.0/mockito-core-2.10.0.jar:/Users/chengong/.m2/repository/net/bytebuddy/byte-buddy/1.7.4/byte-buddy-1.7.4.jar:/Users/chengong/.m2/repository/net/bytebuddy/byte-buddy-agent/1.7.4/byte-buddy-agent-1.7.4.jar:/Users/chengong/.m2/repository/org/objenesis/objenesis/2.6/objenesis-2.6.jar:, user.name=chengong, java.vm.specification.version=1.8, sun.java.command=/Users/chengong/IdeaProjects/untitled2/target/surefire/surefirebooter2002625863625031665.jar /Users/chengong/IdeaProjects/untitled2/target/surefire/surefire1676131753318224588tmp /Users/chengong/IdeaProjects/untitled2/target/surefire/surefire_06523962741063772783tmp, java.home=/Users/chengong/Library/Java/JavaVirtualMachines/corretto-1.8.0_362/Contents/Home/jre, sun.arch.data.model=64, user.language=zh, java.specification.vendor=Oracle Corporation, awt.toolkit=sun.lwawt.macosx.LWCToolkit, java.vm.info=mixed mode, java.version=1.8.0_362, java.ext.dirs=/Users/chengong/Library/Java/Extensions:/Users/chengong/Library/Java/JavaVirtualMachines/corretto-1.8.0_362/Contents/Home/jre/lib/ext:/Library/Java/Extensions:/Network/Library/Java/Extensions:/System/Library/Java/Extensions:/usr/lib/java, sun.boot.class.path=/Users/chengong/Library/Java/JavaVirtualMachines/corretto-1.8.0_362/Contents/Home/jre/lib/resources.jar:/Users/chengong/Library/Java/JavaVirtualMachines/corretto-1.8.0_362/Contents/Home/jre/lib/rt.jar:/Users/chengong/Library/Java/JavaVirtualMachines/corretto-1.8.0_362/Contents/Home/jre/lib/sunrsasign.jar:/Users/chengong/Library/Java/JavaVirtualMachines/corretto-1.8.0_362/Contents/Home/jre/lib/jsse.jar:/Users/chengong/Library/Java/JavaVirtualMachines/corretto-1.8.0_362/Contents/Home/jre/lib/jce.jar:/Users/chengong/Library/Java/JavaVirtualMachines/corretto-1.8.0_362/Contents/Home/jre/lib/charsets.jar:/Users/chengong/Library/Java/JavaVirtualMachines/corretto-1.8.0_362/Contents/Home/jre/lib/jfr.jar:/Users/chengong/Library/Java/JavaVirtualMachines/corretto-1.8.0_362/Contents/Home/jre/classes, java.vendor=Amazon.com Inc., java.specification.maintenance.version=4, localRepository=/Users/chengong/.m2/repository, file.separator=/, java.vendor.url.bug=https://github.com/corretto/corretto-8/issues/, sun.io.unicode.encoding=UnicodeBig, sun.cpu.endian=little, socksNonProxyHosts=local|*.local|169.254/16|*.169.254/16, ftp.nonProxyHosts=local|*.local|169.254/16|*.169.254/16, sun.cpu.isalist=}}, SystemEnvironmentPropertySource@2014461570 {name='systemEnvironment', properties={__CFBundleIdentifier=com.jetbrains.intellij.ie, PATH=/usr/local/bin:/System/Cryptexes/App/usr/bin:/usr/bin:/bin:/usr/sbin:/sbin:/Library/Apple/usr/bin, SHELL=/bin/zsh, JAVA_HOME=/Library/Java/JavaVirtualMachines/jdk-19.jdk/Contents/Home, OLDPWD=/Users/chengong/IdeaProjects/untitled2, USER=chengong, COMMAND_MODE=unix2003, TMPDIR=/var/folders/xm/ps65dhqn7qb2l3cmz84y5bjw0000gn/T/, JAVA_MAIN_CLASS_1735=org.apache.maven.surefire.booter.ForkedBooter, SSH_AUTH_SOCK=/private/tmp/com.apple.launchd.nwnfRSPvas/Listeners, XPC_FLAGS=0x0, __CF_USER_TEXT_ENCODING=0x1F5:0x19:0x34, LOGNAME=chengong, LC_CTYPE=en_US.UTF-8, XPC_SERVICE_NAME=0, PWD=/Users/chengong/IdeaProjects/untitled2, HOME=/Users/chengong, SHLVL=1, _=/Users/chengong/Library/Java/JavaVirtualMachines/corretto-1.8.0_362/Contents/Home/jre/bin/java, JAVA_MAIN_CLASS_1733=org.codehaus.classworlds.Launcher}}]
23:51:20.856 [main] ERROR org.springframework.test.context.TestContextManager - Caught exception while allowing TestExecutionListener [org.springframework.boot.test.autoconfigure.SpringBootDependencyInjectionTestExecutionListener@35cabb2a] to prepare test instance [com.bank.account.service.OperationServiceIntegrationTest@4944252c]
java.lang.IllegalStateException: Failed to load ApplicationContext
	at org.springframework.test.context.cache.DefaultCacheAwareContextLoaderDelegate.loadContext(DefaultCacheAwareContextLoaderDelegate.java:124)
	at org.springframework.test.context.support.DefaultTestContext.getApplicationContext(DefaultTestContext.java:83)
	at org.springframework.test.context.support.DependencyInjectionTestExecutionListener.injectDependencies(DependencyInjectionTestExecutionListener.java:117)
	at org.springframework.test.context.support.DependencyInjectionTestExecutionListener.prepareTestInstance(DependencyInjectionTestExecutionListener.java:83)
	at org.springframework.boot.test.autoconfigure.SpringBootDependencyInjectionTestExecutionListener.prepareTestInstance(SpringBootDependencyInjectionTestExecutionListener.java:44)
	at org.springframework.test.context.TestContextManager.prepareTestInstance(TestContextManager.java:230)
	at org.springframework.test.context.junit4.SpringJUnit4ClassRunner.createTest(SpringJUnit4ClassRunner.java:228)
	at org.springframework.test.context.junit4.SpringJUnit4ClassRunner$1.runReflectiveCall(SpringJUnit4ClassRunner.java:287)
	at org.junit.internal.runners.model.ReflectiveCallable.run(ReflectiveCallable.java:12)
	at org.springframework.test.context.junit4.SpringJUnit4ClassRunner.methodBlock(SpringJUnit4ClassRunner.java:289)
	at org.springframework.test.context.junit4.SpringJUnit4ClassRunner.runChild(SpringJUnit4ClassRunner.java:247)
	at org.springframework.test.context.junit4.SpringJUnit4ClassRunner.runChild(SpringJUnit4ClassRunner.java:94)
	at org.junit.runners.ParentRunner$3.run(ParentRunner.java:290)
	at org.junit.runners.ParentRunner$1.schedule(ParentRunner.java:71)
	at org.junit.runners.ParentRunner.runChildren(ParentRunner.java:288)
	at org.junit.runners.ParentRunner.access$000(ParentRunner.java:58)
	at org.junit.runners.ParentRunner$2.evaluate(ParentRunner.java:268)
	at org.springframework.test.context.junit4.statements.RunBeforeTestClassCallbacks.evaluate(RunBeforeTestClassCallbacks.java:61)
	at org.springframework.test.context.junit4.statements.RunAfterTestClassCallbacks.evaluate(RunAfterTestClassCallbacks.java:70)
	at org.junit.runners.ParentRunner.run(ParentRunner.java:363)
	at org.springframework.test.context.junit4.SpringJUnit4ClassRunner.run(SpringJUnit4ClassRunner.java:191)
	at org.apache.maven.surefire.junit4.JUnit4Provider.execute(JUnit4Provider.java:283)
	at org.apache.maven.surefire.junit4.JUnit4Provider.executeWithRerun(JUnit4Provider.java:173)
	at org.apache.maven.surefire.junit4.JUnit4Provider.executeTestSet(JUnit4Provider.java:153)
	at org.apache.maven.surefire.junit4.JUnit4Provider.invoke(JUnit4Provider.java:128)
	at org.apache.maven.surefire.booter.ForkedBooter.invokeProviderInSameClassLoader(ForkedBooter.java:203)
	at org.apache.maven.surefire.booter.ForkedBooter.runSuitesInProcess(ForkedBooter.java:155)
	at org.apache.maven.surefire.booter.ForkedBooter.main(ForkedBooter.java:103)
Caused by: java.lang.IllegalStateException: Failed to add PropertySource to Environment
	at org.springframework.test.context.support.TestPropertySourceUtils.addPropertiesFilesToEnvironment(TestPropertySourceUtils.java:198)
	at org.springframework.boot.test.context.SpringBootContextLoader.loadContext(SpringBootContextLoader.java:100)
	at org.springframework.test.context.cache.DefaultCacheAwareContextLoaderDelegate.loadContextInternal(DefaultCacheAwareContextLoaderDelegate.java:98)
	at org.springframework.test.context.cache.DefaultCacheAwareContextLoaderDelegate.loadContext(DefaultCacheAwareContextLoaderDelegate.java:116)
	... 27 common frames omitted
Caused by: java.io.FileNotFoundException: class path resource [application.properties] cannot be opened because it does not exist
	at org.springframework.core.io.ClassPathResource.getInputStream(ClassPathResource.java:172)
	at org.springframework.core.io.support.EncodedResource.getInputStream(EncodedResource.java:154)
	at org.springframework.core.io.support.PropertiesLoaderUtils.fillProperties(PropertiesLoaderUtils.java:98)
	at org.springframework.core.io.support.PropertiesLoaderUtils.fillProperties(PropertiesLoaderUtils.java:72)
	at org.springframework.core.io.support.PropertiesLoaderUtils.loadProperties(PropertiesLoaderUtils.java:58)
	at org.springframework.core.io.support.ResourcePropertySource.<init>(ResourcePropertySource.java:84)
	at org.springframework.test.context.support.TestPropertySourceUtils.addPropertiesFilesToEnvironment(TestPropertySourceUtils.java:194)
	... 30 common frames omitted
]]></system-out>
  </testcase>
  <testcase name="testFindOperations" classname="com.bank.account.service.OperationServiceIntegrationTest" time="0.001">
    <error message="Failed to load ApplicationContext" type="java.lang.IllegalStateException"><![CDATA[java.lang.IllegalStateException: Failed to load ApplicationContext
	at org.springframework.test.context.cache.DefaultCacheAwareContextLoaderDelegate.loadContext(DefaultCacheAwareContextLoaderDelegate.java:124)
	at org.springframework.test.context.support.DefaultTestContext.getApplicationContext(DefaultTestContext.java:83)
	at org.springframework.test.context.support.DependencyInjectionTestExecutionListener.injectDependencies(DependencyInjectionTestExecutionListener.java:117)
	at org.springframework.test.context.support.DependencyInjectionTestExecutionListener.prepareTestInstance(DependencyInjectionTestExecutionListener.java:83)
	at org.springframework.boot.test.autoconfigure.SpringBootDependencyInjectionTestExecutionListener.prepareTestInstance(SpringBootDependencyInjectionTestExecutionListener.java:44)
	at org.springframework.test.context.TestContextManager.prepareTestInstance(TestContextManager.java:230)
	at org.springframework.test.context.junit4.SpringJUnit4ClassRunner.createTest(SpringJUnit4ClassRunner.java:228)
	at org.springframework.test.context.junit4.SpringJUnit4ClassRunner$1.runReflectiveCall(SpringJUnit4ClassRunner.java:287)
	at org.junit.internal.runners.model.ReflectiveCallable.run(ReflectiveCallable.java:12)
	at org.springframework.test.context.junit4.SpringJUnit4ClassRunner.methodBlock(SpringJUnit4ClassRunner.java:289)
	at org.springframework.test.context.junit4.SpringJUnit4ClassRunner.runChild(SpringJUnit4ClassRunner.java:247)
	at org.springframework.test.context.junit4.SpringJUnit4ClassRunner.runChild(SpringJUnit4ClassRunner.java:94)
	at org.junit.runners.ParentRunner$3.run(ParentRunner.java:290)
	at org.junit.runners.ParentRunner$1.schedule(ParentRunner.java:71)
	at org.junit.runners.ParentRunner.runChildren(ParentRunner.java:288)
	at org.junit.runners.ParentRunner.access$000(ParentRunner.java:58)
	at org.junit.runners.ParentRunner$2.evaluate(ParentRunner.java:268)
	at org.springframework.test.context.junit4.statements.RunBeforeTestClassCallbacks.evaluate(RunBeforeTestClassCallbacks.java:61)
	at org.springframework.test.context.junit4.statements.RunAfterTestClassCallbacks.evaluate(RunAfterTestClassCallbacks.java:70)
	at org.junit.runners.ParentRunner.run(ParentRunner.java:363)
	at org.springframework.test.context.junit4.SpringJUnit4ClassRunner.run(SpringJUnit4ClassRunner.java:191)
	at org.apache.maven.surefire.junit4.JUnit4Provider.execute(JUnit4Provider.java:283)
	at org.apache.maven.surefire.junit4.JUnit4Provider.executeWithRerun(JUnit4Provider.java:173)
	at org.apache.maven.surefire.junit4.JUnit4Provider.executeTestSet(JUnit4Provider.java:153)
	at org.apache.maven.surefire.junit4.JUnit4Provider.invoke(JUnit4Provider.java:128)
	at org.apache.maven.surefire.booter.ForkedBooter.invokeProviderInSameClassLoader(ForkedBooter.java:203)
	at org.apache.maven.surefire.booter.ForkedBooter.runSuitesInProcess(ForkedBooter.java:155)
	at org.apache.maven.surefire.booter.ForkedBooter.main(ForkedBooter.java:103)
Caused by: java.lang.IllegalStateException: Failed to add PropertySource to Environment
	at org.springframework.test.context.support.TestPropertySourceUtils.addPropertiesFilesToEnvironment(TestPropertySourceUtils.java:198)
	at org.springframework.boot.test.context.SpringBootContextLoader.loadContext(SpringBootContextLoader.java:100)
	at org.springframework.test.context.cache.DefaultCacheAwareContextLoaderDelegate.loadContextInternal(DefaultCacheAwareContextLoaderDelegate.java:98)
	at org.springframework.test.context.cache.DefaultCacheAwareContextLoaderDelegate.loadContext(DefaultCacheAwareContextLoaderDelegate.java:116)
	at org.springframework.test.context.support.DefaultTestContext.getApplicationContext(DefaultTestContext.java:83)
	at org.springframework.test.context.support.DependencyInjectionTestExecutionListener.injectDependencies(DependencyInjectionTestExecutionListener.java:117)
	at org.springframework.test.context.support.DependencyInjectionTestExecutionListener.prepareTestInstance(DependencyInjectionTestExecutionListener.java:83)
	at org.springframework.boot.test.autoconfigure.SpringBootDependencyInjectionTestExecutionListener.prepareTestInstance(SpringBootDependencyInjectionTestExecutionListener.java:44)
	at org.springframework.test.context.TestContextManager.prepareTestInstance(TestContextManager.java:230)
	at org.springframework.test.context.junit4.SpringJUnit4ClassRunner.createTest(SpringJUnit4ClassRunner.java:228)
	at org.springframework.test.context.junit4.SpringJUnit4ClassRunner$1.runReflectiveCall(SpringJUnit4ClassRunner.java:287)
	at org.junit.internal.runners.model.ReflectiveCallable.run(ReflectiveCallable.java:12)
	at org.springframework.test.context.junit4.SpringJUnit4ClassRunner.methodBlock(SpringJUnit4ClassRunner.java:289)
	at org.springframework.test.context.junit4.SpringJUnit4ClassRunner.runChild(SpringJUnit4ClassRunner.java:247)
	at org.springframework.test.context.junit4.SpringJUnit4ClassRunner.runChild(SpringJUnit4ClassRunner.java:94)
	at org.junit.runners.ParentRunner$3.run(ParentRunner.java:290)
	at org.junit.runners.ParentRunner$1.schedule(ParentRunner.java:71)
	at org.junit.runners.ParentRunner.runChildren(ParentRunner.java:288)
	at org.junit.runners.ParentRunner.access$000(ParentRunner.java:58)
	at org.junit.runners.ParentRunner$2.evaluate(ParentRunner.java:268)
	at org.springframework.test.context.junit4.statements.RunBeforeTestClassCallbacks.evaluate(RunBeforeTestClassCallbacks.java:61)
	at org.springframework.test.context.junit4.statements.RunAfterTestClassCallbacks.evaluate(RunAfterTestClassCallbacks.java:70)
	at org.junit.runners.ParentRunner.run(ParentRunner.java:363)
	at org.springframework.test.context.junit4.SpringJUnit4ClassRunner.run(SpringJUnit4ClassRunner.java:191)
	at org.apache.maven.surefire.junit4.JUnit4Provider.execute(JUnit4Provider.java:283)
	at org.apache.maven.surefire.junit4.JUnit4Provider.executeWithRerun(JUnit4Provider.java:173)
	at org.apache.maven.surefire.junit4.JUnit4Provider.executeTestSet(JUnit4Provider.java:153)
	at org.apache.maven.surefire.junit4.JUnit4Provider.invoke(JUnit4Provider.java:128)
	at org.apache.maven.surefire.booter.ForkedBooter.invokeProviderInSameClassLoader(ForkedBooter.java:203)
	at org.apache.maven.surefire.booter.ForkedBooter.runSuitesInProcess(ForkedBooter.java:155)
	at org.apache.maven.surefire.booter.ForkedBooter.main(ForkedBooter.java:103)
Caused by: java.io.FileNotFoundException: class path resource [application.properties] cannot be opened because it does not exist
	at org.springframework.core.io.ClassPathResource.getInputStream(ClassPathResource.java:172)
	at org.springframework.core.io.support.EncodedResource.getInputStream(EncodedResource.java:154)
	at org.springframework.core.io.support.PropertiesLoaderUtils.fillProperties(PropertiesLoaderUtils.java:98)
	at org.springframework.core.io.support.PropertiesLoaderUtils.fillProperties(PropertiesLoaderUtils.java:72)
	at org.springframework.core.io.support.PropertiesLoaderUtils.loadProperties(PropertiesLoaderUtils.java:58)
	at org.springframework.core.io.support.ResourcePropertySource.<init>(ResourcePropertySource.java:84)
	at org.springframework.test.context.support.TestPropertySourceUtils.addPropertiesFilesToEnvironment(TestPropertySourceUtils.java:194)
	at org.springframework.boot.test.context.SpringBootContextLoader.loadContext(SpringBootContextLoader.java:100)
	at org.springframework.test.context.cache.DefaultCacheAwareContextLoaderDelegate.loadContextInternal(DefaultCacheAwareContextLoaderDelegate.java:98)
	at org.springframework.test.context.cache.DefaultCacheAwareContextLoaderDelegate.loadContext(DefaultCacheAwareContextLoaderDelegate.java:116)
	at org.springframework.test.context.support.DefaultTestContext.getApplicationContext(DefaultTestContext.java:83)
	at org.springframework.test.context.support.DependencyInjectionTestExecutionListener.injectDependencies(DependencyInjectionTestExecutionListener.java:117)
	at org.springframework.test.context.support.DependencyInjectionTestExecutionListener.prepareTestInstance(DependencyInjectionTestExecutionListener.java:83)
	at org.springframework.boot.test.autoconfigure.SpringBootDependencyInjectionTestExecutionListener.prepareTestInstance(SpringBootDependencyInjectionTestExecutionListener.java:44)
	at org.springframework.test.context.TestContextManager.prepareTestInstance(TestContextManager.java:230)
	at org.springframework.test.context.junit4.SpringJUnit4ClassRunner.createTest(SpringJUnit4ClassRunner.java:228)
	at org.springframework.test.context.junit4.SpringJUnit4ClassRunner$1.runReflectiveCall(SpringJUnit4ClassRunner.java:287)
	at org.junit.internal.runners.model.ReflectiveCallable.run(ReflectiveCallable.java:12)
	at org.springframework.test.context.junit4.SpringJUnit4ClassRunner.methodBlock(SpringJUnit4ClassRunner.java:289)
	at org.springframework.test.context.junit4.SpringJUnit4ClassRunner.runChild(SpringJUnit4ClassRunner.java:247)
	at org.springframework.test.context.junit4.SpringJUnit4ClassRunner.runChild(SpringJUnit4ClassRunner.java:94)
	at org.junit.runners.ParentRunner$3.run(ParentRunner.java:290)
	at org.junit.runners.ParentRunner$1.schedule(ParentRunner.java:71)
	at org.junit.runners.ParentRunner.runChildren(ParentRunner.java:288)
	at org.junit.runners.ParentRunner.access$000(ParentRunner.java:58)
	at org.junit.runners.ParentRunner$2.evaluate(ParentRunner.java:268)
	at org.springframework.test.context.junit4.statements.RunBeforeTestClassCallbacks.evaluate(RunBeforeTestClassCallbacks.java:61)
	at org.springframework.test.context.junit4.statements.RunAfterTestClassCallbacks.evaluate(RunAfterTestClassCallbacks.java:70)
	at org.junit.runners.ParentRunner.run(ParentRunner.java:363)
	at org.springframework.test.context.junit4.SpringJUnit4ClassRunner.run(SpringJUnit4ClassRunner.java:191)
	at org.apache.maven.surefire.junit4.JUnit4Provider.execute(JUnit4Provider.java:283)
	at org.apache.maven.surefire.junit4.JUnit4Provider.executeWithRerun(JUnit4Provider.java:173)
	at org.apache.maven.surefire.junit4.JUnit4Provider.executeTestSet(JUnit4Provider.java:153)
	at org.apache.maven.surefire.junit4.JUnit4Provider.invoke(JUnit4Provider.java:128)
	at org.apache.maven.surefire.booter.ForkedBooter.invokeProviderInSameClassLoader(ForkedBooter.java:203)
	at org.apache.maven.surefire.booter.ForkedBooter.runSuitesInProcess(ForkedBooter.java:155)
	at org.apache.maven.surefire.booter.ForkedBooter.main(ForkedBooter.java:103)
]]></error>
    <system-out><![CDATA[23:51:20.856 [main] DEBUG org.springframework.test.annotation.ProfileValueUtils - Retrieved @ProfileValueSourceConfiguration [null] for test class [com.bank.account.service.OperationServiceIntegrationTest]
23:51:20.857 [main] DEBUG org.springframework.test.annotation.ProfileValueUtils - Retrieved ProfileValueSource type [class org.springframework.test.annotation.SystemProfileValueSource] for class [com.bank.account.service.OperationServiceIntegrationTest]
23:51:20.857 [main] DEBUG org.springframework.test.context.support.DependencyInjectionTestExecutionListener - Performing dependency injection for test context [[DefaultTestContext@4550bb58 testClass = OperationServiceIntegrationTest, testInstance = com.bank.account.service.OperationServiceIntegrationTest@67c33749, testMethod = [null], testException = [null], mergedContextConfiguration = [MergedContextConfiguration@4ec4f3a0 testClass = OperationServiceIntegrationTest, locations = '{}', classes = '{class com.bank.account.Application}', contextInitializerClasses = '[]', activeProfiles = '{}', propertySourceLocations = '{classpath:/application.properties}', propertySourceProperties = '{org.springframework.boot.test.context.SpringBootTestContextBootstrapper=true}', contextCustomizers = set[org.springframework.boot.test.context.SpringBootTestContextCustomizer@78c03f1f, org.springframework.boot.test.context.filter.ExcludeFilterContextCustomizer@5383967b, org.springframework.boot.test.json.DuplicateJsonObjectContextCustomizerFactory$DuplicateJsonObjectContextCustomizer@20398b7c, org.springframework.boot.test.mock.mockito.MockitoContextCustomizer@0, org.springframework.boot.test.autoconfigure.properties.PropertyMappingContextCustomizer@0, org.springframework.boot.test.autoconfigure.web.servlet.WebDriverContextCustomizerFactory$Customizer@887af79], contextLoader = 'org.springframework.boot.test.context.SpringBootContextLoader', parent = [null]]]].
23:51:20.859 [main] DEBUG org.springframework.core.env.StandardEnvironment - Adding PropertySource 'systemProperties' with lowest search precedence
23:51:20.859 [main] DEBUG org.springframework.core.env.StandardEnvironment - Adding PropertySource 'systemEnvironment' with lowest search precedence
23:51:20.859 [main] DEBUG org.springframework.core.env.StandardEnvironment - Initialized StandardEnvironment with PropertySources [MapPropertySource@27362884 {name='systemProperties', properties={idea.version=2022.2.2, java.runtime.name=OpenJDK Runtime Environment, sun.boot.library.path=/Users/chengong/Library/Java/JavaVirtualMachines/corretto-1.8.0_362/Contents/Home/jre/lib, java.vm.version=25.362-b08, gopherProxySet=false, java.vm.vendor=Amazon.com Inc., java.vendor.url=https://aws.amazon.com/corretto/, path.separator=:, java.vm.name=OpenJDK 64-Bit Server VM, file.encoding.pkg=sun.io, user.country=CN, sun.java.launcher=SUN_STANDARD, sun.os.patch.level=unknown, java.vm.specification.name=Java Virtual Machine Specification, user.dir=/Users/chengong/IdeaProjects/untitled2, java.runtime.version=1.8.0_362-b08, basedir=/Users/chengong/IdeaProjects/untitled2, java.awt.graphicsenv=sun.awt.CGraphicsEnvironment, java.endorsed.dirs=/Users/chengong/Library/Java/JavaVirtualMachines/corretto-1.8.0_362/Contents/Home/jre/lib/endorsed, os.arch=aarch64, surefire.real.class.path=/Users/chengong/IdeaProjects/untitled2/target/surefire/surefirebooter2002625863625031665.jar, java.io.tmpdir=/var/folders/xm/ps65dhqn7qb2l3cmz84y5bjw0000gn/T/, line.separator=
, java.vm.specification.vendor=Oracle Corporation, os.name=Mac OS X, sun.jnu.encoding=UTF-8, java.library.path=/Users/chengong/Library/Java/Extensions:/Library/Java/Extensions:/Network/Library/Java/Extensions:/System/Library/Java/Extensions:/usr/lib/java:., surefire.test.class.path=/Users/chengong/IdeaProjects/untitled2/target/test-classes:/Users/chengong/IdeaProjects/untitled2/target/classes:/Users/chengong/.m2/repository/org/springframework/boot/spring-boot-starter/1.5.7.RELEASE/spring-boot-starter-1.5.7.RELEASE.jar:/Users/chengong/.m2/repository/org/springframework/boot/spring-boot/1.5.7.RELEASE/spring-boot-1.5.7.RELEASE.jar:/Users/chengong/.m2/repository/org/springframework/spring-context/4.3.11.RELEASE/spring-context-4.3.11.RELEASE.jar:/Users/chengong/.m2/repository/org/springframework/spring-aop/4.3.11.RELEASE/spring-aop-4.3.11.RELEASE.jar:/Users/chengong/.m2/repository/org/springframework/boot/spring-boot-autoconfigure/1.5.7.RELEASE/spring-boot-autoconfigure-1.5.7.RELEASE.jar:/Users/chengong/.m2/repository/org/springframework/boot/spring-boot-starter-logging/1.5.7.RELEASE/spring-boot-starter-logging-1.5.7.RELEASE.jar:/Users/chengong/.m2/repository/ch/qos/logback/logback-classic/1.1.11/logback-classic-1.1.11.jar:/Users/chengong/.m2/repository/ch/qos/logback/logback-core/1.1.11/logback-core-1.1.11.jar:/Users/chengong/.m2/repository/org/slf4j/jcl-over-slf4j/1.7.25/jcl-over-slf4j-1.7.25.jar:/Users/chengong/.m2/repository/org/slf4j/jul-to-slf4j/1.7.25/jul-to-slf4j-1.7.25.jar:/Users/chengong/.m2/repository/org/slf4j/log4j-over-slf4j/1.7.25/log4j-over-slf4j-1.7.25.jar:/Users/chengong/.m2/repository/org/springframework/spring-core/4.3.11.RELEASE/spring-core-4.3.11.RELEASE.jar:/Users/chengong/.m2/repository/org/yaml/snakeyaml/1.17/snakeyaml-1.17.jar:/Users/chengong/.m2/repository/org/springframework/boot/spring-boot-starter-data-mongodb/1.5.7.RELEASE/spring-boot-starter-data-mongodb-1.5.7.RELEASE.jar:/Users/chengong/.m2/repository/org/mongodb/mongodb-driver/3.4.3/mongodb-driver-3.4.3.jar:/Users/chengong/.m2/repository/org/mongodb/mongodb-driver-core/3.4.3/mongodb-driver-core-3.4.3.jar:/Users/chengong/.m2/repository/org/mongodb/bson/3.4.3/bson-3.4.3.jar:/Users/chengong/.m2/repository/org/springframework/data/spring-data-mongodb/1.10.7.RELEASE/spring-data-mongodb-1.10.7.RELEASE.jar:/Users/chengong/.m2/repository/org/springframework/spring-tx/4.3.11.RELEASE/spring-tx-4.3.11.RELEASE.jar:/Users/chengong/.m2/repository/org/springframework/spring-beans/4.3.11.RELEASE/spring-beans-4.3.11.RELEASE.jar:/Users/chengong/.m2/repository/org/springframework/spring-expression/4.3.11.RELEASE/spring-expression-4.3.11.RELEASE.jar:/Users/chengong/.m2/repository/org/springframework/data/spring-data-commons/1.13.7.RELEASE/spring-data-commons-1.13.7.RELEASE.jar:/Users/chengong/.m2/repository/org/slf4j/slf4j-api/1.7.25/slf4j-api-1.7.25.jar:/Users/chengong/.m2/repository/javax/inject/javax.inject/1/javax.inject-1.jar:/Users/chengong/.m2/repository/javax/validation/validation-api/2.0.0.Final/validation-api-2.0.0.Final.jar:/Users/chengong/.m2/repository/javax/persistence/persistence-api/1.0.2/persistence-api-1.0.2.jar:/Users/chengong/.m2/repository/org/apache/commons/commons-lang3/3.6/commons-lang3-3.6.jar:/Users/chengong/.m2/repository/commons-collections/commons-collections/3.2.2/commons-collections-3.2.2.jar:/Users/chengong/.m2/repository/org/hibernate/validator/hibernate-validator/6.0.2.Final/hibernate-validator-6.0.2.Final.jar:/Users/chengong/.m2/repository/org/jboss/logging/jboss-logging/3.3.1.Final/jboss-logging-3.3.1.Final.jar:/Users/chengong/.m2/repository/com/fasterxml/classmate/1.3.4/classmate-1.3.4.jar:/Users/chengong/.m2/repository/org/projectlombok/lombok/1.16.16/lombok-1.16.16.jar:/Users/chengong/.m2/repository/org/glassfish/javax.el/3.0.0/javax.el-3.0.0.jar:/Users/chengong/.m2/repository/org/springframework/boot/spring-boot-starter-test/1.5.7.RELEASE/spring-boot-starter-test-1.5.7.RELEASE.jar:/Users/chengong/.m2/repository/org/springframework/boot/spring-boot-test/1.5.7.RELEASE/spring-boot-test-1.5.7.RELEASE.jar:/Users/chengong/.m2/repository/org/springframework/boot/spring-boot-test-autoconfigure/1.5.7.RELEASE/spring-boot-test-autoconfigure-1.5.7.RELEASE.jar:/Users/chengong/.m2/repository/com/jayway/jsonpath/json-path/2.2.0/json-path-2.2.0.jar:/Users/chengong/.m2/repository/net/minidev/json-smart/2.2.1/json-smart-2.2.1.jar:/Users/chengong/.m2/repository/net/minidev/accessors-smart/1.1/accessors-smart-1.1.jar:/Users/chengong/.m2/repository/org/ow2/asm/asm/5.0.3/asm-5.0.3.jar:/Users/chengong/.m2/repository/junit/junit/4.12/junit-4.12.jar:/Users/chengong/.m2/repository/org/hamcrest/hamcrest-core/1.3/hamcrest-core-1.3.jar:/Users/chengong/.m2/repository/org/hamcrest/hamcrest-library/1.3/hamcrest-library-1.3.jar:/Users/chengong/.m2/repository/org/skyscreamer/jsonassert/1.4.0/jsonassert-1.4.0.jar:/Users/chengong/.m2/repository/com/vaadin/external/google/android-json/0.0.20131108.vaadin1/android-json-0.0.20131108.vaadin1.jar:/Users/chengong/.m2/repository/org/springframework/spring-test/4.3.11.RELEASE/spring-test-4.3.11.RELEASE.jar:/Users/chengong/.m2/repository/org/assertj/assertj-core/3.8.0/assertj-core-3.8.0.jar:/Users/chengong/.m2/repository/org/mockito/mockito-core/2.10.0/mockito-core-2.10.0.jar:/Users/chengong/.m2/repository/net/bytebuddy/byte-buddy/1.7.4/byte-buddy-1.7.4.jar:/Users/chengong/.m2/repository/net/bytebuddy/byte-buddy-agent/1.7.4/byte-buddy-agent-1.7.4.jar:/Users/chengong/.m2/repository/org/objenesis/objenesis/2.6/objenesis-2.6.jar:, java.specification.name=Java Platform API Specification, java.class.version=52.0, sun.management.compiler=HotSpot 64-Bit Tiered Compilers, os.version=13.2.1, http.nonProxyHosts=local|*.local|169.254/16|*.169.254/16, user.home=/Users/chengong, user.timezone=Europe/Paris, java.awt.printerjob=sun.lwawt.macosx.CPrinterJob, file.encoding=UTF-8, java.specification.version=1.8, java.class.path=/Users/chengong/IdeaProjects/untitled2/target/test-classes:/Users/chengong/IdeaProjects/untitled2/target/classes:/Users/chengong/.m2/repository/org/springframework/boot/spring-boot-starter/1.5.7.RELEASE/spring-boot-starter-1.5.7.RELEASE.jar:/Users/chengong/.m2/repository/org/springframework/boot/spring-boot/1.5.7.RELEASE/spring-boot-1.5.7.RELEASE.jar:/Users/chengong/.m2/repository/org/springframework/spring-context/4.3.11.RELEASE/spring-context-4.3.11.RELEASE.jar:/Users/chengong/.m2/repository/org/springframework/spring-aop/4.3.11.RELEASE/spring-aop-4.3.11.RELEASE.jar:/Users/chengong/.m2/repository/org/springframework/boot/spring-boot-autoconfigure/1.5.7.RELEASE/spring-boot-autoconfigure-1.5.7.RELEASE.jar:/Users/chengong/.m2/repository/org/springframework/boot/spring-boot-starter-logging/1.5.7.RELEASE/spring-boot-starter-logging-1.5.7.RELEASE.jar:/Users/chengong/.m2/repository/ch/qos/logback/logback-classic/1.1.11/logback-classic-1.1.11.jar:/Users/chengong/.m2/repository/ch/qos/logback/logback-core/1.1.11/logback-core-1.1.11.jar:/Users/chengong/.m2/repository/org/slf4j/jcl-over-slf4j/1.7.25/jcl-over-slf4j-1.7.25.jar:/Users/chengong/.m2/repository/org/slf4j/jul-to-slf4j/1.7.25/jul-to-slf4j-1.7.25.jar:/Users/chengong/.m2/repository/org/slf4j/log4j-over-slf4j/1.7.25/log4j-over-slf4j-1.7.25.jar:/Users/chengong/.m2/repository/org/springframework/spring-core/4.3.11.RELEASE/spring-core-4.3.11.RELEASE.jar:/Users/chengong/.m2/repository/org/yaml/snakeyaml/1.17/snakeyaml-1.17.jar:/Users/chengong/.m2/repository/org/springframework/boot/spring-boot-starter-data-mongodb/1.5.7.RELEASE/spring-boot-starter-data-mongodb-1.5.7.RELEASE.jar:/Users/chengong/.m2/repository/org/mongodb/mongodb-driver/3.4.3/mongodb-driver-3.4.3.jar:/Users/chengong/.m2/repository/org/mongodb/mongodb-driver-core/3.4.3/mongodb-driver-core-3.4.3.jar:/Users/chengong/.m2/repository/org/mongodb/bson/3.4.3/bson-3.4.3.jar:/Users/chengong/.m2/repository/org/springframework/data/spring-data-mongodb/1.10.7.RELEASE/spring-data-mongodb-1.10.7.RELEASE.jar:/Users/chengong/.m2/repository/org/springframework/spring-tx/4.3.11.RELEASE/spring-tx-4.3.11.RELEASE.jar:/Users/chengong/.m2/repository/org/springframework/spring-beans/4.3.11.RELEASE/spring-beans-4.3.11.RELEASE.jar:/Users/chengong/.m2/repository/org/springframework/spring-expression/4.3.11.RELEASE/spring-expression-4.3.11.RELEASE.jar:/Users/chengong/.m2/repository/org/springframework/data/spring-data-commons/1.13.7.RELEASE/spring-data-commons-1.13.7.RELEASE.jar:/Users/chengong/.m2/repository/org/slf4j/slf4j-api/1.7.25/slf4j-api-1.7.25.jar:/Users/chengong/.m2/repository/javax/inject/javax.inject/1/javax.inject-1.jar:/Users/chengong/.m2/repository/javax/validation/validation-api/2.0.0.Final/validation-api-2.0.0.Final.jar:/Users/chengong/.m2/repository/javax/persistence/persistence-api/1.0.2/persistence-api-1.0.2.jar:/Users/chengong/.m2/repository/org/apache/commons/commons-lang3/3.6/commons-lang3-3.6.jar:/Users/chengong/.m2/repository/commons-collections/commons-collections/3.2.2/commons-collections-3.2.2.jar:/Users/chengong/.m2/repository/org/hibernate/validator/hibernate-validator/6.0.2.Final/hibernate-validator-6.0.2.Final.jar:/Users/chengong/.m2/repository/org/jboss/logging/jboss-logging/3.3.1.Final/jboss-logging-3.3.1.Final.jar:/Users/chengong/.m2/repository/com/fasterxml/classmate/1.3.4/classmate-1.3.4.jar:/Users/chengong/.m2/repository/org/projectlombok/lombok/1.16.16/lombok-1.16.16.jar:/Users/chengong/.m2/repository/org/glassfish/javax.el/3.0.0/javax.el-3.0.0.jar:/Users/chengong/.m2/repository/org/springframework/boot/spring-boot-starter-test/1.5.7.RELEASE/spring-boot-starter-test-1.5.7.RELEASE.jar:/Users/chengong/.m2/repository/org/springframework/boot/spring-boot-test/1.5.7.RELEASE/spring-boot-test-1.5.7.RELEASE.jar:/Users/chengong/.m2/repository/org/springframework/boot/spring-boot-test-autoconfigure/1.5.7.RELEASE/spring-boot-test-autoconfigure-1.5.7.RELEASE.jar:/Users/chengong/.m2/repository/com/jayway/jsonpath/json-path/2.2.0/json-path-2.2.0.jar:/Users/chengong/.m2/repository/net/minidev/json-smart/2.2.1/json-smart-2.2.1.jar:/Users/chengong/.m2/repository/net/minidev/accessors-smart/1.1/accessors-smart-1.1.jar:/Users/chengong/.m2/repository/org/ow2/asm/asm/5.0.3/asm-5.0.3.jar:/Users/chengong/.m2/repository/junit/junit/4.12/junit-4.12.jar:/Users/chengong/.m2/repository/org/hamcrest/hamcrest-core/1.3/hamcrest-core-1.3.jar:/Users/chengong/.m2/repository/org/hamcrest/hamcrest-library/1.3/hamcrest-library-1.3.jar:/Users/chengong/.m2/repository/org/skyscreamer/jsonassert/1.4.0/jsonassert-1.4.0.jar:/Users/chengong/.m2/repository/com/vaadin/external/google/android-json/0.0.20131108.vaadin1/android-json-0.0.20131108.vaadin1.jar:/Users/chengong/.m2/repository/org/springframework/spring-test/4.3.11.RELEASE/spring-test-4.3.11.RELEASE.jar:/Users/chengong/.m2/repository/org/assertj/assertj-core/3.8.0/assertj-core-3.8.0.jar:/Users/chengong/.m2/repository/org/mockito/mockito-core/2.10.0/mockito-core-2.10.0.jar:/Users/chengong/.m2/repository/net/bytebuddy/byte-buddy/1.7.4/byte-buddy-1.7.4.jar:/Users/chengong/.m2/repository/net/bytebuddy/byte-buddy-agent/1.7.4/byte-buddy-agent-1.7.4.jar:/Users/chengong/.m2/repository/org/objenesis/objenesis/2.6/objenesis-2.6.jar:, user.name=chengong, java.vm.specification.version=1.8, sun.java.command=/Users/chengong/IdeaProjects/untitled2/target/surefire/surefirebooter2002625863625031665.jar /Users/chengong/IdeaProjects/untitled2/target/surefire/surefire1676131753318224588tmp /Users/chengong/IdeaProjects/untitled2/target/surefire/surefire_06523962741063772783tmp, java.home=/Users/chengong/Library/Java/JavaVirtualMachines/corretto-1.8.0_362/Contents/Home/jre, sun.arch.data.model=64, user.language=zh, java.specification.vendor=Oracle Corporation, awt.toolkit=sun.lwawt.macosx.LWCToolkit, java.vm.info=mixed mode, java.version=1.8.0_362, java.ext.dirs=/Users/chengong/Library/Java/Extensions:/Users/chengong/Library/Java/JavaVirtualMachines/corretto-1.8.0_362/Contents/Home/jre/lib/ext:/Library/Java/Extensions:/Network/Library/Java/Extensions:/System/Library/Java/Extensions:/usr/lib/java, sun.boot.class.path=/Users/chengong/Library/Java/JavaVirtualMachines/corretto-1.8.0_362/Contents/Home/jre/lib/resources.jar:/Users/chengong/Library/Java/JavaVirtualMachines/corretto-1.8.0_362/Contents/Home/jre/lib/rt.jar:/Users/chengong/Library/Java/JavaVirtualMachines/corretto-1.8.0_362/Contents/Home/jre/lib/sunrsasign.jar:/Users/chengong/Library/Java/JavaVirtualMachines/corretto-1.8.0_362/Contents/Home/jre/lib/jsse.jar:/Users/chengong/Library/Java/JavaVirtualMachines/corretto-1.8.0_362/Contents/Home/jre/lib/jce.jar:/Users/chengong/Library/Java/JavaVirtualMachines/corretto-1.8.0_362/Contents/Home/jre/lib/charsets.jar:/Users/chengong/Library/Java/JavaVirtualMachines/corretto-1.8.0_362/Contents/Home/jre/lib/jfr.jar:/Users/chengong/Library/Java/JavaVirtualMachines/corretto-1.8.0_362/Contents/Home/jre/classes, java.vendor=Amazon.com Inc., java.specification.maintenance.version=4, localRepository=/Users/chengong/.m2/repository, file.separator=/, java.vendor.url.bug=https://github.com/corretto/corretto-8/issues/, sun.io.unicode.encoding=UnicodeBig, sun.cpu.endian=little, socksNonProxyHosts=local|*.local|169.254/16|*.169.254/16, ftp.nonProxyHosts=local|*.local|169.254/16|*.169.254/16, sun.cpu.isalist=}}, SystemEnvironmentPropertySource@1523553211 {name='systemEnvironment', properties={__CFBundleIdentifier=com.jetbrains.intellij.ie, PATH=/usr/local/bin:/System/Cryptexes/App/usr/bin:/usr/bin:/bin:/usr/sbin:/sbin:/Library/Apple/usr/bin, SHELL=/bin/zsh, JAVA_HOME=/Library/Java/JavaVirtualMachines/jdk-19.jdk/Contents/Home, OLDPWD=/Users/chengong/IdeaProjects/untitled2, USER=chengong, COMMAND_MODE=unix2003, TMPDIR=/var/folders/xm/ps65dhqn7qb2l3cmz84y5bjw0000gn/T/, JAVA_MAIN_CLASS_1735=org.apache.maven.surefire.booter.ForkedBooter, SSH_AUTH_SOCK=/private/tmp/com.apple.launchd.nwnfRSPvas/Listeners, XPC_FLAGS=0x0, __CF_USER_TEXT_ENCODING=0x1F5:0x19:0x34, LOGNAME=chengong, LC_CTYPE=en_US.UTF-8, XPC_SERVICE_NAME=0, PWD=/Users/chengong/IdeaProjects/untitled2, HOME=/Users/chengong, SHLVL=1, _=/Users/chengong/Library/Java/JavaVirtualMachines/corretto-1.8.0_362/Contents/Home/jre/bin/java, JAVA_MAIN_CLASS_1733=org.codehaus.classworlds.Launcher}}]
23:51:20.861 [main] DEBUG org.springframework.core.env.StandardEnvironment - Adding PropertySource 'systemProperties' with lowest search precedence
23:51:20.861 [main] DEBUG org.springframework.core.env.StandardEnvironment - Adding PropertySource 'systemEnvironment' with lowest search precedence
23:51:20.861 [main] DEBUG org.springframework.core.env.StandardEnvironment - Initialized StandardEnvironment with PropertySources [MapPropertySource@1846501247 {name='systemProperties', properties={idea.version=2022.2.2, java.runtime.name=OpenJDK Runtime Environment, sun.boot.library.path=/Users/chengong/Library/Java/JavaVirtualMachines/corretto-1.8.0_362/Contents/Home/jre/lib, java.vm.version=25.362-b08, gopherProxySet=false, java.vm.vendor=Amazon.com Inc., java.vendor.url=https://aws.amazon.com/corretto/, path.separator=:, java.vm.name=OpenJDK 64-Bit Server VM, file.encoding.pkg=sun.io, user.country=CN, sun.java.launcher=SUN_STANDARD, sun.os.patch.level=unknown, java.vm.specification.name=Java Virtual Machine Specification, user.dir=/Users/chengong/IdeaProjects/untitled2, java.runtime.version=1.8.0_362-b08, basedir=/Users/chengong/IdeaProjects/untitled2, java.awt.graphicsenv=sun.awt.CGraphicsEnvironment, java.endorsed.dirs=/Users/chengong/Library/Java/JavaVirtualMachines/corretto-1.8.0_362/Contents/Home/jre/lib/endorsed, os.arch=aarch64, surefire.real.class.path=/Users/chengong/IdeaProjects/untitled2/target/surefire/surefirebooter2002625863625031665.jar, java.io.tmpdir=/var/folders/xm/ps65dhqn7qb2l3cmz84y5bjw0000gn/T/, line.separator=
, java.vm.specification.vendor=Oracle Corporation, os.name=Mac OS X, sun.jnu.encoding=UTF-8, java.library.path=/Users/chengong/Library/Java/Extensions:/Library/Java/Extensions:/Network/Library/Java/Extensions:/System/Library/Java/Extensions:/usr/lib/java:., surefire.test.class.path=/Users/chengong/IdeaProjects/untitled2/target/test-classes:/Users/chengong/IdeaProjects/untitled2/target/classes:/Users/chengong/.m2/repository/org/springframework/boot/spring-boot-starter/1.5.7.RELEASE/spring-boot-starter-1.5.7.RELEASE.jar:/Users/chengong/.m2/repository/org/springframework/boot/spring-boot/1.5.7.RELEASE/spring-boot-1.5.7.RELEASE.jar:/Users/chengong/.m2/repository/org/springframework/spring-context/4.3.11.RELEASE/spring-context-4.3.11.RELEASE.jar:/Users/chengong/.m2/repository/org/springframework/spring-aop/4.3.11.RELEASE/spring-aop-4.3.11.RELEASE.jar:/Users/chengong/.m2/repository/org/springframework/boot/spring-boot-autoconfigure/1.5.7.RELEASE/spring-boot-autoconfigure-1.5.7.RELEASE.jar:/Users/chengong/.m2/repository/org/springframework/boot/spring-boot-starter-logging/1.5.7.RELEASE/spring-boot-starter-logging-1.5.7.RELEASE.jar:/Users/chengong/.m2/repository/ch/qos/logback/logback-classic/1.1.11/logback-classic-1.1.11.jar:/Users/chengong/.m2/repository/ch/qos/logback/logback-core/1.1.11/logback-core-1.1.11.jar:/Users/chengong/.m2/repository/org/slf4j/jcl-over-slf4j/1.7.25/jcl-over-slf4j-1.7.25.jar:/Users/chengong/.m2/repository/org/slf4j/jul-to-slf4j/1.7.25/jul-to-slf4j-1.7.25.jar:/Users/chengong/.m2/repository/org/slf4j/log4j-over-slf4j/1.7.25/log4j-over-slf4j-1.7.25.jar:/Users/chengong/.m2/repository/org/springframework/spring-core/4.3.11.RELEASE/spring-core-4.3.11.RELEASE.jar:/Users/chengong/.m2/repository/org/yaml/snakeyaml/1.17/snakeyaml-1.17.jar:/Users/chengong/.m2/repository/org/springframework/boot/spring-boot-starter-data-mongodb/1.5.7.RELEASE/spring-boot-starter-data-mongodb-1.5.7.RELEASE.jar:/Users/chengong/.m2/repository/org/mongodb/mongodb-driver/3.4.3/mongodb-driver-3.4.3.jar:/Users/chengong/.m2/repository/org/mongodb/mongodb-driver-core/3.4.3/mongodb-driver-core-3.4.3.jar:/Users/chengong/.m2/repository/org/mongodb/bson/3.4.3/bson-3.4.3.jar:/Users/chengong/.m2/repository/org/springframework/data/spring-data-mongodb/1.10.7.RELEASE/spring-data-mongodb-1.10.7.RELEASE.jar:/Users/chengong/.m2/repository/org/springframework/spring-tx/4.3.11.RELEASE/spring-tx-4.3.11.RELEASE.jar:/Users/chengong/.m2/repository/org/springframework/spring-beans/4.3.11.RELEASE/spring-beans-4.3.11.RELEASE.jar:/Users/chengong/.m2/repository/org/springframework/spring-expression/4.3.11.RELEASE/spring-expression-4.3.11.RELEASE.jar:/Users/chengong/.m2/repository/org/springframework/data/spring-data-commons/1.13.7.RELEASE/spring-data-commons-1.13.7.RELEASE.jar:/Users/chengong/.m2/repository/org/slf4j/slf4j-api/1.7.25/slf4j-api-1.7.25.jar:/Users/chengong/.m2/repository/javax/inject/javax.inject/1/javax.inject-1.jar:/Users/chengong/.m2/repository/javax/validation/validation-api/2.0.0.Final/validation-api-2.0.0.Final.jar:/Users/chengong/.m2/repository/javax/persistence/persistence-api/1.0.2/persistence-api-1.0.2.jar:/Users/chengong/.m2/repository/org/apache/commons/commons-lang3/3.6/commons-lang3-3.6.jar:/Users/chengong/.m2/repository/commons-collections/commons-collections/3.2.2/commons-collections-3.2.2.jar:/Users/chengong/.m2/repository/org/hibernate/validator/hibernate-validator/6.0.2.Final/hibernate-validator-6.0.2.Final.jar:/Users/chengong/.m2/repository/org/jboss/logging/jboss-logging/3.3.1.Final/jboss-logging-3.3.1.Final.jar:/Users/chengong/.m2/repository/com/fasterxml/classmate/1.3.4/classmate-1.3.4.jar:/Users/chengong/.m2/repository/org/projectlombok/lombok/1.16.16/lombok-1.16.16.jar:/Users/chengong/.m2/repository/org/glassfish/javax.el/3.0.0/javax.el-3.0.0.jar:/Users/chengong/.m2/repository/org/springframework/boot/spring-boot-starter-test/1.5.7.RELEASE/spring-boot-starter-test-1.5.7.RELEASE.jar:/Users/chengong/.m2/repository/org/springframework/boot/spring-boot-test/1.5.7.RELEASE/spring-boot-test-1.5.7.RELEASE.jar:/Users/chengong/.m2/repository/org/springframework/boot/spring-boot-test-autoconfigure/1.5.7.RELEASE/spring-boot-test-autoconfigure-1.5.7.RELEASE.jar:/Users/chengong/.m2/repository/com/jayway/jsonpath/json-path/2.2.0/json-path-2.2.0.jar:/Users/chengong/.m2/repository/net/minidev/json-smart/2.2.1/json-smart-2.2.1.jar:/Users/chengong/.m2/repository/net/minidev/accessors-smart/1.1/accessors-smart-1.1.jar:/Users/chengong/.m2/repository/org/ow2/asm/asm/5.0.3/asm-5.0.3.jar:/Users/chengong/.m2/repository/junit/junit/4.12/junit-4.12.jar:/Users/chengong/.m2/repository/org/hamcrest/hamcrest-core/1.3/hamcrest-core-1.3.jar:/Users/chengong/.m2/repository/org/hamcrest/hamcrest-library/1.3/hamcrest-library-1.3.jar:/Users/chengong/.m2/repository/org/skyscreamer/jsonassert/1.4.0/jsonassert-1.4.0.jar:/Users/chengong/.m2/repository/com/vaadin/external/google/android-json/0.0.20131108.vaadin1/android-json-0.0.20131108.vaadin1.jar:/Users/chengong/.m2/repository/org/springframework/spring-test/4.3.11.RELEASE/spring-test-4.3.11.RELEASE.jar:/Users/chengong/.m2/repository/org/assertj/assertj-core/3.8.0/assertj-core-3.8.0.jar:/Users/chengong/.m2/repository/org/mockito/mockito-core/2.10.0/mockito-core-2.10.0.jar:/Users/chengong/.m2/repository/net/bytebuddy/byte-buddy/1.7.4/byte-buddy-1.7.4.jar:/Users/chengong/.m2/repository/net/bytebuddy/byte-buddy-agent/1.7.4/byte-buddy-agent-1.7.4.jar:/Users/chengong/.m2/repository/org/objenesis/objenesis/2.6/objenesis-2.6.jar:, java.specification.name=Java Platform API Specification, java.class.version=52.0, sun.management.compiler=HotSpot 64-Bit Tiered Compilers, os.version=13.2.1, http.nonProxyHosts=local|*.local|169.254/16|*.169.254/16, user.home=/Users/chengong, user.timezone=Europe/Paris, java.awt.printerjob=sun.lwawt.macosx.CPrinterJob, file.encoding=UTF-8, java.specification.version=1.8, java.class.path=/Users/chengong/IdeaProjects/untitled2/target/test-classes:/Users/chengong/IdeaProjects/untitled2/target/classes:/Users/chengong/.m2/repository/org/springframework/boot/spring-boot-starter/1.5.7.RELEASE/spring-boot-starter-1.5.7.RELEASE.jar:/Users/chengong/.m2/repository/org/springframework/boot/spring-boot/1.5.7.RELEASE/spring-boot-1.5.7.RELEASE.jar:/Users/chengong/.m2/repository/org/springframework/spring-context/4.3.11.RELEASE/spring-context-4.3.11.RELEASE.jar:/Users/chengong/.m2/repository/org/springframework/spring-aop/4.3.11.RELEASE/spring-aop-4.3.11.RELEASE.jar:/Users/chengong/.m2/repository/org/springframework/boot/spring-boot-autoconfigure/1.5.7.RELEASE/spring-boot-autoconfigure-1.5.7.RELEASE.jar:/Users/chengong/.m2/repository/org/springframework/boot/spring-boot-starter-logging/1.5.7.RELEASE/spring-boot-starter-logging-1.5.7.RELEASE.jar:/Users/chengong/.m2/repository/ch/qos/logback/logback-classic/1.1.11/logback-classic-1.1.11.jar:/Users/chengong/.m2/repository/ch/qos/logback/logback-core/1.1.11/logback-core-1.1.11.jar:/Users/chengong/.m2/repository/org/slf4j/jcl-over-slf4j/1.7.25/jcl-over-slf4j-1.7.25.jar:/Users/chengong/.m2/repository/org/slf4j/jul-to-slf4j/1.7.25/jul-to-slf4j-1.7.25.jar:/Users/chengong/.m2/repository/org/slf4j/log4j-over-slf4j/1.7.25/log4j-over-slf4j-1.7.25.jar:/Users/chengong/.m2/repository/org/springframework/spring-core/4.3.11.RELEASE/spring-core-4.3.11.RELEASE.jar:/Users/chengong/.m2/repository/org/yaml/snakeyaml/1.17/snakeyaml-1.17.jar:/Users/chengong/.m2/repository/org/springframework/boot/spring-boot-starter-data-mongodb/1.5.7.RELEASE/spring-boot-starter-data-mongodb-1.5.7.RELEASE.jar:/Users/chengong/.m2/repository/org/mongodb/mongodb-driver/3.4.3/mongodb-driver-3.4.3.jar:/Users/chengong/.m2/repository/org/mongodb/mongodb-driver-core/3.4.3/mongodb-driver-core-3.4.3.jar:/Users/chengong/.m2/repository/org/mongodb/bson/3.4.3/bson-3.4.3.jar:/Users/chengong/.m2/repository/org/springframework/data/spring-data-mongodb/1.10.7.RELEASE/spring-data-mongodb-1.10.7.RELEASE.jar:/Users/chengong/.m2/repository/org/springframework/spring-tx/4.3.11.RELEASE/spring-tx-4.3.11.RELEASE.jar:/Users/chengong/.m2/repository/org/springframework/spring-beans/4.3.11.RELEASE/spring-beans-4.3.11.RELEASE.jar:/Users/chengong/.m2/repository/org/springframework/spring-expression/4.3.11.RELEASE/spring-expression-4.3.11.RELEASE.jar:/Users/chengong/.m2/repository/org/springframework/data/spring-data-commons/1.13.7.RELEASE/spring-data-commons-1.13.7.RELEASE.jar:/Users/chengong/.m2/repository/org/slf4j/slf4j-api/1.7.25/slf4j-api-1.7.25.jar:/Users/chengong/.m2/repository/javax/inject/javax.inject/1/javax.inject-1.jar:/Users/chengong/.m2/repository/javax/validation/validation-api/2.0.0.Final/validation-api-2.0.0.Final.jar:/Users/chengong/.m2/repository/javax/persistence/persistence-api/1.0.2/persistence-api-1.0.2.jar:/Users/chengong/.m2/repository/org/apache/commons/commons-lang3/3.6/commons-lang3-3.6.jar:/Users/chengong/.m2/repository/commons-collections/commons-collections/3.2.2/commons-collections-3.2.2.jar:/Users/chengong/.m2/repository/org/hibernate/validator/hibernate-validator/6.0.2.Final/hibernate-validator-6.0.2.Final.jar:/Users/chengong/.m2/repository/org/jboss/logging/jboss-logging/3.3.1.Final/jboss-logging-3.3.1.Final.jar:/Users/chengong/.m2/repository/com/fasterxml/classmate/1.3.4/classmate-1.3.4.jar:/Users/chengong/.m2/repository/org/projectlombok/lombok/1.16.16/lombok-1.16.16.jar:/Users/chengong/.m2/repository/org/glassfish/javax.el/3.0.0/javax.el-3.0.0.jar:/Users/chengong/.m2/repository/org/springframework/boot/spring-boot-starter-test/1.5.7.RELEASE/spring-boot-starter-test-1.5.7.RELEASE.jar:/Users/chengong/.m2/repository/org/springframework/boot/spring-boot-test/1.5.7.RELEASE/spring-boot-test-1.5.7.RELEASE.jar:/Users/chengong/.m2/repository/org/springframework/boot/spring-boot-test-autoconfigure/1.5.7.RELEASE/spring-boot-test-autoconfigure-1.5.7.RELEASE.jar:/Users/chengong/.m2/repository/com/jayway/jsonpath/json-path/2.2.0/json-path-2.2.0.jar:/Users/chengong/.m2/repository/net/minidev/json-smart/2.2.1/json-smart-2.2.1.jar:/Users/chengong/.m2/repository/net/minidev/accessors-smart/1.1/accessors-smart-1.1.jar:/Users/chengong/.m2/repository/org/ow2/asm/asm/5.0.3/asm-5.0.3.jar:/Users/chengong/.m2/repository/junit/junit/4.12/junit-4.12.jar:/Users/chengong/.m2/repository/org/hamcrest/hamcrest-core/1.3/hamcrest-core-1.3.jar:/Users/chengong/.m2/repository/org/hamcrest/hamcrest-library/1.3/hamcrest-library-1.3.jar:/Users/chengong/.m2/repository/org/skyscreamer/jsonassert/1.4.0/jsonassert-1.4.0.jar:/Users/chengong/.m2/repository/com/vaadin/external/google/android-json/0.0.20131108.vaadin1/android-json-0.0.20131108.vaadin1.jar:/Users/chengong/.m2/repository/org/springframework/spring-test/4.3.11.RELEASE/spring-test-4.3.11.RELEASE.jar:/Users/chengong/.m2/repository/org/assertj/assertj-core/3.8.0/assertj-core-3.8.0.jar:/Users/chengong/.m2/repository/org/mockito/mockito-core/2.10.0/mockito-core-2.10.0.jar:/Users/chengong/.m2/repository/net/bytebuddy/byte-buddy/1.7.4/byte-buddy-1.7.4.jar:/Users/chengong/.m2/repository/net/bytebuddy/byte-buddy-agent/1.7.4/byte-buddy-agent-1.7.4.jar:/Users/chengong/.m2/repository/org/objenesis/objenesis/2.6/objenesis-2.6.jar:, user.name=chengong, java.vm.specification.version=1.8, sun.java.command=/Users/chengong/IdeaProjects/untitled2/target/surefire/surefirebooter2002625863625031665.jar /Users/chengong/IdeaProjects/untitled2/target/surefire/surefire1676131753318224588tmp /Users/chengong/IdeaProjects/untitled2/target/surefire/surefire_06523962741063772783tmp, java.home=/Users/chengong/Library/Java/JavaVirtualMachines/corretto-1.8.0_362/Contents/Home/jre, sun.arch.data.model=64, user.language=zh, java.specification.vendor=Oracle Corporation, awt.toolkit=sun.lwawt.macosx.LWCToolkit, java.vm.info=mixed mode, java.version=1.8.0_362, java.ext.dirs=/Users/chengong/Library/Java/Extensions:/Users/chengong/Library/Java/JavaVirtualMachines/corretto-1.8.0_362/Contents/Home/jre/lib/ext:/Library/Java/Extensions:/Network/Library/Java/Extensions:/System/Library/Java/Extensions:/usr/lib/java, sun.boot.class.path=/Users/chengong/Library/Java/JavaVirtualMachines/corretto-1.8.0_362/Contents/Home/jre/lib/resources.jar:/Users/chengong/Library/Java/JavaVirtualMachines/corretto-1.8.0_362/Contents/Home/jre/lib/rt.jar:/Users/chengong/Library/Java/JavaVirtualMachines/corretto-1.8.0_362/Contents/Home/jre/lib/sunrsasign.jar:/Users/chengong/Library/Java/JavaVirtualMachines/corretto-1.8.0_362/Contents/Home/jre/lib/jsse.jar:/Users/chengong/Library/Java/JavaVirtualMachines/corretto-1.8.0_362/Contents/Home/jre/lib/jce.jar:/Users/chengong/Library/Java/JavaVirtualMachines/corretto-1.8.0_362/Contents/Home/jre/lib/charsets.jar:/Users/chengong/Library/Java/JavaVirtualMachines/corretto-1.8.0_362/Contents/Home/jre/lib/jfr.jar:/Users/chengong/Library/Java/JavaVirtualMachines/corretto-1.8.0_362/Contents/Home/jre/classes, java.vendor=Amazon.com Inc., java.specification.maintenance.version=4, localRepository=/Users/chengong/.m2/repository, file.separator=/, java.vendor.url.bug=https://github.com/corretto/corretto-8/issues/, sun.io.unicode.encoding=UnicodeBig, sun.cpu.endian=little, socksNonProxyHosts=local|*.local|169.254/16|*.169.254/16, ftp.nonProxyHosts=local|*.local|169.254/16|*.169.254/16, sun.cpu.isalist=}}, SystemEnvironmentPropertySource@671471369 {name='systemEnvironment', properties={__CFBundleIdentifier=com.jetbrains.intellij.ie, PATH=/usr/local/bin:/System/Cryptexes/App/usr/bin:/usr/bin:/bin:/usr/sbin:/sbin:/Library/Apple/usr/bin, SHELL=/bin/zsh, JAVA_HOME=/Library/Java/JavaVirtualMachines/jdk-19.jdk/Contents/Home, OLDPWD=/Users/chengong/IdeaProjects/untitled2, USER=chengong, COMMAND_MODE=unix2003, TMPDIR=/var/folders/xm/ps65dhqn7qb2l3cmz84y5bjw0000gn/T/, JAVA_MAIN_CLASS_1735=org.apache.maven.surefire.booter.ForkedBooter, SSH_AUTH_SOCK=/private/tmp/com.apple.launchd.nwnfRSPvas/Listeners, XPC_FLAGS=0x0, __CF_USER_TEXT_ENCODING=0x1F5:0x19:0x34, LOGNAME=chengong, LC_CTYPE=en_US.UTF-8, XPC_SERVICE_NAME=0, PWD=/Users/chengong/IdeaProjects/untitled2, HOME=/Users/chengong, SHLVL=1, _=/Users/chengong/Library/Java/JavaVirtualMachines/corretto-1.8.0_362/Contents/Home/jre/bin/java, JAVA_MAIN_CLASS_1733=org.codehaus.classworlds.Launcher}}]
23:51:20.861 [main] ERROR org.springframework.test.context.TestContextManager - Caught exception while allowing TestExecutionListener [org.springframework.boot.test.autoconfigure.SpringBootDependencyInjectionTestExecutionListener@35cabb2a] to prepare test instance [com.bank.account.service.OperationServiceIntegrationTest@67c33749]
java.lang.IllegalStateException: Failed to load ApplicationContext
	at org.springframework.test.context.cache.DefaultCacheAwareContextLoaderDelegate.loadContext(DefaultCacheAwareContextLoaderDelegate.java:124)
	at org.springframework.test.context.support.DefaultTestContext.getApplicationContext(DefaultTestContext.java:83)
	at org.springframework.test.context.support.DependencyInjectionTestExecutionListener.injectDependencies(DependencyInjectionTestExecutionListener.java:117)
	at org.springframework.test.context.support.DependencyInjectionTestExecutionListener.prepareTestInstance(DependencyInjectionTestExecutionListener.java:83)
	at org.springframework.boot.test.autoconfigure.SpringBootDependencyInjectionTestExecutionListener.prepareTestInstance(SpringBootDependencyInjectionTestExecutionListener.java:44)
	at org.springframework.test.context.TestContextManager.prepareTestInstance(TestContextManager.java:230)
	at org.springframework.test.context.junit4.SpringJUnit4ClassRunner.createTest(SpringJUnit4ClassRunner.java:228)
	at org.springframework.test.context.junit4.SpringJUnit4ClassRunner$1.runReflectiveCall(SpringJUnit4ClassRunner.java:287)
	at org.junit.internal.runners.model.ReflectiveCallable.run(ReflectiveCallable.java:12)
	at org.springframework.test.context.junit4.SpringJUnit4ClassRunner.methodBlock(SpringJUnit4ClassRunner.java:289)
	at org.springframework.test.context.junit4.SpringJUnit4ClassRunner.runChild(SpringJUnit4ClassRunner.java:247)
	at org.springframework.test.context.junit4.SpringJUnit4ClassRunner.runChild(SpringJUnit4ClassRunner.java:94)
	at org.junit.runners.ParentRunner$3.run(ParentRunner.java:290)
	at org.junit.runners.ParentRunner$1.schedule(ParentRunner.java:71)
	at org.junit.runners.ParentRunner.runChildren(ParentRunner.java:288)
	at org.junit.runners.ParentRunner.access$000(ParentRunner.java:58)
	at org.junit.runners.ParentRunner$2.evaluate(ParentRunner.java:268)
	at org.springframework.test.context.junit4.statements.RunBeforeTestClassCallbacks.evaluate(RunBeforeTestClassCallbacks.java:61)
	at org.springframework.test.context.junit4.statements.RunAfterTestClassCallbacks.evaluate(RunAfterTestClassCallbacks.java:70)
	at org.junit.runners.ParentRunner.run(ParentRunner.java:363)
	at org.springframework.test.context.junit4.SpringJUnit4ClassRunner.run(SpringJUnit4ClassRunner.java:191)
	at org.apache.maven.surefire.junit4.JUnit4Provider.execute(JUnit4Provider.java:283)
	at org.apache.maven.surefire.junit4.JUnit4Provider.executeWithRerun(JUnit4Provider.java:173)
	at org.apache.maven.surefire.junit4.JUnit4Provider.executeTestSet(JUnit4Provider.java:153)
	at org.apache.maven.surefire.junit4.JUnit4Provider.invoke(JUnit4Provider.java:128)
	at org.apache.maven.surefire.booter.ForkedBooter.invokeProviderInSameClassLoader(ForkedBooter.java:203)
	at org.apache.maven.surefire.booter.ForkedBooter.runSuitesInProcess(ForkedBooter.java:155)
	at org.apache.maven.surefire.booter.ForkedBooter.main(ForkedBooter.java:103)
Caused by: java.lang.IllegalStateException: Failed to add PropertySource to Environment
	at org.springframework.test.context.support.TestPropertySourceUtils.addPropertiesFilesToEnvironment(TestPropertySourceUtils.java:198)
	at org.springframework.boot.test.context.SpringBootContextLoader.loadContext(SpringBootContextLoader.java:100)
	at org.springframework.test.context.cache.DefaultCacheAwareContextLoaderDelegate.loadContextInternal(DefaultCacheAwareContextLoaderDelegate.java:98)
	at org.springframework.test.context.cache.DefaultCacheAwareContextLoaderDelegate.loadContext(DefaultCacheAwareContextLoaderDelegate.java:116)
	... 27 common frames omitted
Caused by: java.io.FileNotFoundException: class path resource [application.properties] cannot be opened because it does not exist
	at org.springframework.core.io.ClassPathResource.getInputStream(ClassPathResource.java:172)
	at org.springframework.core.io.support.EncodedResource.getInputStream(EncodedResource.java:154)
	at org.springframework.core.io.support.PropertiesLoaderUtils.fillProperties(PropertiesLoaderUtils.java:98)
	at org.springframework.core.io.support.PropertiesLoaderUtils.fillProperties(PropertiesLoaderUtils.java:72)
	at org.springframework.core.io.support.PropertiesLoaderUtils.loadProperties(PropertiesLoaderUtils.java:58)
	at org.springframework.core.io.support.ResourcePropertySource.<init>(ResourcePropertySource.java:84)
	at org.springframework.test.context.support.TestPropertySourceUtils.addPropertiesFilesToEnvironment(TestPropertySourceUtils.java:194)
	... 30 common frames omitted
]]></system-out>
  </testcase>
</testsuite>